<?xml version="1.0" encoding="UTF-8"?>
<robot generator="Robot 7.3.2 (Python 3.12.3 on linux)" generated="2025-09-25T13:49:23.489202" rpa="false" schemaversion="5">
<suite id="s1" name="Test" source="/home/citco/robot-activity/Tests/test.robot">
<kw name="Launch Browser" owner="App" type="SETUP">
<kw name="Open Browser" owner="SeleniumLibrary">
<msg time="2025-09-25T13:49:23.912609" level="INFO">Opening browser 'chrome' to base url 'https://marmelab.com/react-admin-demo/'.</msg>
<arg>${url}</arg>
<arg>chrome</arg>
<arg>options=add_argument("--start-maximized")</arg>
<doc>Opens a new browser instance to the optional ``url``.</doc>
<status status="PASS" start="2025-09-25T13:49:23.911867" elapsed="2.652180"/>
</kw>
<kw name="Wait Until Keyword Succeeds" owner="BuiltIn">
<kw name="Wait Until Element Is Visible" owner="SeleniumLibrary">
<arg>${element_to_wait}</arg>
<doc>Waits until the element ``locator`` is visible.</doc>
<status status="PASS" start="2025-09-25T13:49:26.566313" elapsed="0.750548"/>
</kw>
<arg>5x</arg>
<arg>.5s</arg>
<arg>Wait Until Element Is Visible</arg>
<arg>${element_to_wait}</arg>
<doc>Runs the specified keyword and retries if it fails.</doc>
<status status="PASS" start="2025-09-25T13:49:26.565101" elapsed="0.752138"/>
</kw>
<arg>${URL}</arg>
<status status="PASS" start="2025-09-25T13:49:23.910053" elapsed="3.407457"/>
</kw>
<test id="s1-t1" name="TEST-000001-2" line="15">
<kw name="Sleep" owner="BuiltIn">
<msg time="2025-09-25T13:49:28.325351" level="INFO">Slept 1 second.</msg>
<arg>1s</arg>
<doc>Pauses the test executed for the given time.</doc>
<status status="PASS" start="2025-09-25T13:49:27.322925" elapsed="1.003142"/>
</kw>
<kw name="Login User" owner="App">
<kw name="Input Text" owner="SeleniumLibrary">
<msg time="2025-09-25T13:49:28.331574" level="INFO">Typing text 'demo' into text field '//input[@name="username"]'.</msg>
<arg>${login_txt_username}</arg>
<arg>${username}</arg>
<doc>Types the given ``text`` into the text field identified by ``locator``.</doc>
<status status="PASS" start="2025-09-25T13:49:28.329149" elapsed="0.282621"/>
</kw>
<kw name="Input Text" owner="SeleniumLibrary">
<msg time="2025-09-25T13:49:28.613354" level="INFO">Typing text 'demo' into text field '//input[@name="password"]'.</msg>
<arg>${login_txt_password}</arg>
<arg>${password}</arg>
<doc>Types the given ``text`` into the text field identified by ``locator``.</doc>
<status status="PASS" start="2025-09-25T13:49:28.612304" elapsed="0.264117"/>
</kw>
<kw name="Click Button" owner="SeleniumLibrary">
<msg time="2025-09-25T13:49:28.878859" level="INFO">Clicking button '//button[@type="submit"]'.</msg>
<arg>${login_btn_submit}</arg>
<doc>Clicks the button identified by ``locator``.</doc>
<status status="PASS" start="2025-09-25T13:49:28.877577" elapsed="0.329034"/>
</kw>
<kw name="Run Keyword And Return Status" owner="BuiltIn">
<kw name="Wait Until Element Is Visible" owner="SeleniumLibrary">
<msg time="2025-09-25T13:49:32.353713" level="INFO" html="true">&lt;/td&gt;&lt;/tr&gt;&lt;tr&gt;&lt;td colspan="3"&gt;&lt;a href="selenium-screenshot-2.png"&gt;&lt;img src="selenium-screenshot-2.png" width="800px"&gt;&lt;/a&gt;</msg>
<msg time="2025-09-25T13:49:32.354299" level="FAIL">Element '//h6[text()="Dashboard"]' not visible after 2 seconds.</msg>
<arg>${dashboard_hdr}</arg>
<arg>timeout=2s</arg>
<doc>Waits until the element ``locator`` is visible.</doc>
<status status="FAIL" start="2025-09-25T13:49:29.219153" elapsed="3.143195">Element '//h6[text()="Dashboard"]' not visible after 2 seconds.</status>
</kw>
<msg time="2025-09-25T13:49:32.362865" level="INFO">${status} = False</msg>
<var>${status}</var>
<arg>Wait Until Element Is Visible</arg>
<arg>${dashboard_hdr}</arg>
<arg>timeout=2s</arg>
<doc>Runs the given keyword with given arguments and returns the status as a Boolean value.</doc>
<status status="PASS" start="2025-09-25T13:49:29.210709" elapsed="3.152386"/>
</kw>
<if>
<branch type="IF" condition="${status}">
<kw name="Log To Console" owner="BuiltIn">
<arg>Login successful</arg>
<doc>Logs the given message to the console.</doc>
<status status="NOT RUN" start="2025-09-25T13:49:32.364109" elapsed="0.000293"/>
</kw>
<status status="NOT RUN" start="2025-09-25T13:49:32.363483" elapsed="0.001161"/>
</branch>
<branch type="ELSE">
<kw name="Log To Console" owner="BuiltIn">
<arg>Login failed</arg>
<doc>Logs the given message to the console.</doc>
<status status="PASS" start="2025-09-25T13:49:32.365335" elapsed="0.000548"/>
</kw>
<status status="PASS" start="2025-09-25T13:49:32.364886" elapsed="0.001236"/>
</branch>
<status status="PASS" start="2025-09-25T13:49:32.363397" elapsed="0.002941"/>
</if>
<status status="PASS" start="2025-09-25T13:49:28.328023" elapsed="4.038482"/>
</kw>
<kw name="Get First Five Users" owner="CustomLibrary">
<msg time="2025-09-25T13:49:32.584399" level="INFO">[{'id': 1, 'name': 'Leanne Graham', 'username': 'Bret', 'email': 'Sincere@april.biz', 'address': {'street': 'Kulas Light', 'suite': 'Apt. 556', 'city': 'Gwenborough', 'zipcode': '92998-3874', 'geo': {'lat': '-37.3159', 'lng': '81.1496'}}, 'phone': '1-770-736-8031 x56442', 'website': 'hildegard.org', 'company': {'name': 'Romaguera-Crona', 'catchPhrase': 'Multi-layered client-server neural-net', 'bs': 'harness real-time e-markets'}, 'birthday': '10/17/2006', 'password': 'u1FVsZkP', 'stateAbbr': 'KAG'}, {'id': 2, 'name': 'Ervin Howell', 'username': 'Antonette', 'email': 'Shanna@melissa.tv', 'address': {'street': 'Victor Plains', 'suite': 'Suite 879', 'city': 'Wisokyburgh', 'zipcode': '90566-7771', 'geo': {'lat': '-43.9509', 'lng': '-34.4618'}}, 'phone': '010-692-6593 x09125', 'website': 'anastasia.net', 'company': {'name': 'Deckow-Crist', 'catchPhrase': 'Proactive didactic contingency', 'bs': 'synergize scalable supply-chains'}, 'birthday': '11/23/2006', 'password': '&amp;nujc%de', 'stateAbbr': 'VSW'}, {'id': 3, 'name': 'Clementine Bauch', 'username': 'Samantha', 'email': 'Nathan@yesenia.net', 'address': {'street': 'Douglas Extension', 'suite': 'Suite 847', 'city': 'McKenziehaven', 'zipcode': '59590-4157', 'geo': {'lat': '-68.6102', 'lng': '-47.0653'}}, 'phone': '1-463-123-4447', 'website': 'ramiro.info', 'company': {'name': 'Romaguera-Jacobson', 'catchPhrase': 'Face to face bifurcated interface', 'bs': 'e-enable strategic applications'}, 'birthday': '02/17/2006', 'password': 'jTmHRr4Y', 'stateAbbr': 'DSM'}, {'id': 4, 'name': 'Patricia Lebsack', 'username': 'Karianne', 'email': 'Julianne.OConner@kory.org', 'address': {'street': 'Hoeger Mall', 'suite': 'Apt. 692', 'city': 'South Elvis', 'zipcode': '53919-4257', 'geo': {'lat': '29.4572', 'lng': '-164.2990'}}, 'phone': '493-170-9623 x156', 'website': 'kale.biz', 'company': {'name': 'Robel-Corkery', 'catchPhrase': 'Multi-tiered zero tolerance productivity', 'bs': 'transition cutting-edge web services'}, 'birthday': '05/19/1999', 'password': 'he4BIwPl', 'stateAbbr': 'HAS'}, {'id': 5, 'name': 'Chelsey Dietrich', 'username': 'Kamren', 'email': 'Lucio_Hettinger@annie.ca', 'address': {'street': 'Skiles Walks', 'suite': 'Suite 351', 'city': 'Roscoeview', 'zipcode': '33263', 'geo': {'lat': '-31.8129', 'lng': '62.5342'}}, 'phone': '(254)954-1289', 'website': 'demarco.info', 'company': {'name': 'Keebler LLC', 'catchPhrase': 'User-centric fault-tolerant solution', 'bs': 'revolutionize end-to-end systems'}, 'birthday': '01/23/2002', 'password': 'vgxGuLkx', 'stateAbbr': 'SSR'}]</msg>
<msg time="2025-09-25T13:49:32.584997" level="INFO">/home/citco/robot-activity/robotenv/lib/python3.12/site-packages/urllib3/connectionpool.py:1097: InsecureRequestWarning: Unverified HTTPS request is being made to host 'jsonplaceholder.typicode.com'. Adding certificate verification is strongly advised. See: https://urllib3.readthedocs.io/en/latest/advanced-usage.html#tls-warnings
  warnings.warn(</msg>
<msg time="2025-09-25T13:49:32.587308" level="INFO">${users} = [{'id': 1, 'name': 'Leanne Graham', 'username': 'Bret', 'email': 'Sincere@april.biz', 'address': {'street': 'Kulas Light', 'suite': 'Apt. 556', 'city': 'Gwenborough', 'zipcode': '92998-3874', 'geo': {...</msg>
<var>${users}</var>
<status status="PASS" start="2025-09-25T13:49:32.368037" elapsed="0.219863"/>
</kw>
<kw name="Go To Customers Page" owner="App">
<kw name="Click Element" owner="SeleniumLibrary">
<msg time="2025-09-25T13:49:32.603703" level="INFO">Clicking element '(//p[text()="Customers"])[2]'.</msg>
<arg>${nav_btn_customers}</arg>
<doc>Click the element identified by ``locator``.</doc>
<status status="PASS" start="2025-09-25T13:49:32.602354" elapsed="0.307000"/>
</kw>
<kw name="Wait Until Element Is Visible" owner="SeleniumLibrary">
<arg>${table_row}</arg>
<doc>Waits until the element ``locator`` is visible.</doc>
<status status="PASS" start="2025-09-25T13:49:32.911538" elapsed="1.332407"/>
</kw>
<status status="PASS" start="2025-09-25T13:49:32.597870" elapsed="1.646490"/>
</kw>
<for flavor="IN">
<iter>
<kw name="Create User" owner="Task_1">
<kw name="Click Element" owner="SeleniumLibrary">
<msg time="2025-09-25T13:49:34.268712" level="INFO">Clicking element '//a[@aria-label="Create"]'.</msg>
<arg>${customers_btn_create}</arg>
<doc>Click the element identified by ``locator``.</doc>
<status status="PASS" start="2025-09-25T13:49:34.268041" elapsed="0.293828"/>
</kw>
<kw name="Wait Until Element Is Visible" owner="SeleniumLibrary">
<arg>${customers_txt_firstname}</arg>
<doc>Waits until the element ``locator`` is visible.</doc>
<status status="PASS" start="2025-09-25T13:49:34.563928" elapsed="0.314160"/>
</kw>
<kw name="Input Text" owner="SeleniumLibrary">
<msg time="2025-09-25T13:49:34.880399" level="INFO">Typing text 'Leanne' into text field '//input[@name="first_name"]'.</msg>
<arg>${customers_txt_firstname}</arg>
<arg>${user["name"].split(" ")[0]}</arg>
<doc>Types the given ``text`` into the text field identified by ``locator``.</doc>
<status status="PASS" start="2025-09-25T13:49:34.878775" elapsed="0.269927"/>
</kw>
<kw name="Input Text" owner="SeleniumLibrary">
<msg time="2025-09-25T13:49:35.151947" level="INFO">Typing text 'Graham' into text field '//input[@name="last_name"]'.</msg>
<arg>${customers_txt_lastname}</arg>
<arg>${user["name"].split(" ")[1]}</arg>
<doc>Types the given ``text`` into the text field identified by ``locator``.</doc>
<status status="PASS" start="2025-09-25T13:49:35.149311" elapsed="0.350025"/>
</kw>
<kw name="Evaluate" owner="BuiltIn">
<msg time="2025-09-25T13:49:35.501803" level="INFO">${email} = sincere@april.biz</msg>
<var>${email}</var>
<arg>"${user['email'].lower()}"</arg>
<doc>Evaluates the given expression in Python and returns the result.</doc>
<status status="PASS" start="2025-09-25T13:49:35.499874" elapsed="0.002239"/>
</kw>
<kw name="Clear And Input Text" owner="App">
<kw name="Press Keys" owner="SeleniumLibrary">
<msg time="2025-09-25T13:49:35.513576" level="INFO">Sending key(s) ('CTRL+a', 'BACKSPACE') to //input[@name="email"] element.</msg>
<msg time="2025-09-25T13:49:35.939059" level="INFO">Pressing special key CONTROL down.</msg>
<msg time="2025-09-25T13:49:35.939684" level="INFO">Sending key a</msg>
<msg time="2025-09-25T13:49:35.940116" level="INFO">Releasing special key CONTROL.</msg>
<msg time="2025-09-25T13:49:35.991789" level="INFO">Pressing special key BACKSPACE to element.</msg>
<msg time="2025-09-25T13:49:35.992507" level="INFO">Releasing special key BACKSPACE.</msg>
<arg>${locator}</arg>
<arg>CTRL+a</arg>
<arg>BACKSPACE</arg>
<doc>Simulates the user pressing key(s) to an element or on the active browser.</doc>
<status status="PASS" start="2025-09-25T13:49:35.512297" elapsed="0.522165"/>
</kw>
<kw name="Input Text" owner="SeleniumLibrary">
<msg time="2025-09-25T13:49:36.035555" level="INFO">Typing text 'sincere@april.biz' into text field '//input[@name="email"]'.</msg>
<arg>${locator}</arg>
<arg>${text}</arg>
<doc>Types the given ``text`` into the text field identified by ``locator``.</doc>
<status status="PASS" start="2025-09-25T13:49:36.034926" elapsed="0.395055"/>
</kw>
<arg>${customers_txt_email}</arg>
<arg>${email}</arg>
<status status="PASS" start="2025-09-25T13:49:35.505875" elapsed="0.924477"/>
</kw>
<kw name="Input Text" owner="SeleniumLibrary">
<msg time="2025-09-25T13:49:36.435239" level="INFO">Typing text '10/17/2006' into text field '//input[@name="birthday"]'.</msg>
<arg>${customers_txt_birthday}</arg>
<arg>${user["birthday"]}</arg>
<doc>Types the given ``text`` into the text field identified by ``locator``.</doc>
<status status="PASS" start="2025-09-25T13:49:36.430722" elapsed="0.313850"/>
</kw>
<kw name="Input Text" owner="SeleniumLibrary">
<msg time="2025-09-25T13:49:36.749156" level="INFO">Typing text 'Kulas Light Apt. 556' into text field '//textArea[@name="address"]'.</msg>
<arg>${customers_txt_address}</arg>
<arg>${user["address"]["street"]} ${user["address"]["suite"]}</arg>
<doc>Types the given ``text`` into the text field identified by ``locator``.</doc>
<status status="PASS" start="2025-09-25T13:49:36.745134" elapsed="0.490778"/>
</kw>
<kw name="Input Text" owner="SeleniumLibrary">
<msg time="2025-09-25T13:49:37.237743" level="INFO">Typing text 'Gwenborough' into text field '//input[@name="city"]'.</msg>
<arg>${customers_txt_city}</arg>
<arg>${user["address"]["city"]}</arg>
<doc>Types the given ``text`` into the text field identified by ``locator``.</doc>
<status status="PASS" start="2025-09-25T13:49:37.236378" elapsed="0.284380"/>
</kw>
<kw name="Input Text" owner="SeleniumLibrary">
<msg time="2025-09-25T13:49:37.525706" level="INFO">Typing text 'KAG' into text field '//input[@name="stateAbbr"]'.</msg>
<arg>${customers_txt_stateAbbr}</arg>
<arg>${user["stateAbbr"]}</arg>
<doc>Types the given ``text`` into the text field identified by ``locator``.</doc>
<status status="PASS" start="2025-09-25T13:49:37.522437" elapsed="0.261691"/>
</kw>
<kw name="Input Text" owner="SeleniumLibrary">
<msg time="2025-09-25T13:49:37.786260" level="INFO">Typing text '92998-3874' into text field '//input[@name="zipcode"]'.</msg>
<arg>${customers_txt_zipcode}</arg>
<arg>${user["address"]["zipcode"]}</arg>
<doc>Types the given ``text`` into the text field identified by ``locator``.</doc>
<status status="PASS" start="2025-09-25T13:49:37.784671" elapsed="0.350418"/>
</kw>
<kw name="Input Text" owner="SeleniumLibrary">
<msg time="2025-09-25T13:49:38.140337" level="INFO">Typing text 'u1FVsZkP' into text field '//input[@name="password"]'.</msg>
<arg>${customers_txt_password}</arg>
<arg>${user["password"]}</arg>
<doc>Types the given ``text`` into the text field identified by ``locator``.</doc>
<status status="PASS" start="2025-09-25T13:49:38.135577" elapsed="0.335127"/>
</kw>
<kw name="Input Text" owner="SeleniumLibrary">
<msg time="2025-09-25T13:49:38.477539" level="INFO">Typing text 'u1FVsZkP' into text field '//input[@name="confirm_password"]'.</msg>
<arg>${customers_txt_confirm_password}</arg>
<arg>${user["password"]}</arg>
<doc>Types the given ``text`` into the text field identified by ``locator``.</doc>
<status status="PASS" start="2025-09-25T13:49:38.473093" elapsed="0.550583"/>
</kw>
<kw name="Click Element" owner="SeleniumLibrary">
<msg time="2025-09-25T13:49:39.027511" level="INFO">Clicking element '//button[@aria-label="Save"]'.</msg>
<arg>${customers_btn_save}</arg>
<doc>Click the element identified by ``locator``.</doc>
<status status="PASS" start="2025-09-25T13:49:39.026489" elapsed="0.275112"/>
</kw>
<kw name="Wait Until Page Contains" owner="SeleniumLibrary">
<arg>Customer created</arg>
<doc>Waits until ``text`` appears on the current page.</doc>
<status status="PASS" start="2025-09-25T13:49:39.302080" elapsed="0.543912"/>
</kw>
<arg>${user}</arg>
<status status="PASS" start="2025-09-25T13:49:34.260860" elapsed="5.585523"/>
</kw>
<kw name="Verify User Is Added" owner="Task_2">
<kw name="Go To Customers Page" owner="App">
<kw name="Click Element" owner="SeleniumLibrary">
<msg time="2025-09-25T13:49:39.859021" level="INFO">Clicking element '(//p[text()="Customers"])[2]'.</msg>
<arg>${nav_btn_customers}</arg>
<doc>Click the element identified by ``locator``.</doc>
<status status="PASS" start="2025-09-25T13:49:39.852842" elapsed="0.497633"/>
</kw>
<kw name="Wait Until Element Is Visible" owner="SeleniumLibrary">
<arg>${table_row}</arg>
<doc>Waits until the element ``locator`` is visible.</doc>
<status status="PASS" start="2025-09-25T13:49:40.350970" elapsed="0.612563"/>
</kw>
<status status="PASS" start="2025-09-25T13:49:39.852155" elapsed="1.113440"/>
</kw>
<kw name="Wait Until Element Is Not Visible" owner="SeleniumLibrary">
<arg>(${table_row})[1]//td//div[contains(@class,"MuiAvatar-colorDefault") and text()]</arg>
<doc>Waits until the element ``locator`` is not visible.</doc>
<status status="PASS" start="2025-09-25T13:49:40.966089" elapsed="0.466623"/>
</kw>
<kw name="Wait Until Element Is Visible" owner="SeleniumLibrary">
<arg>(${table_row})[1]//td//div[contains(@class, "MuiAvatar-colorDefault") and text()]</arg>
<doc>Waits until the element ``locator`` is visible.</doc>
<status status="PASS" start="2025-09-25T13:49:41.433157" elapsed="0.323432"/>
</kw>
<kw name="Get Text" owner="SeleniumLibrary">
<msg time="2025-09-25T13:49:41.811846" level="INFO">${fetched_name} = L
Leanne Graham</msg>
<var>${fetched_name}</var>
<arg>(${table_row})[1]//td[2]</arg>
<doc>Returns the text value of the element identified by ``locator``.</doc>
<status status="PASS" start="2025-09-25T13:49:41.757121" elapsed="0.055141"/>
</kw>
<if>
<branch type="IF" condition="&quot;\\n&quot; in &quot;&quot;&quot;${fetched_name}&quot;&quot;&quot;">
<kw name="Evaluate" owner="BuiltIn">
<msg time="2025-09-25T13:49:41.814237" level="INFO">${fetched_name} = Leanne Graham</msg>
<var>${fetched_name}</var>
<arg>"""${fetched_name}""".replace("\\n","")[1:]</arg>
<doc>Evaluates the given expression in Python and returns the result.</doc>
<status status="PASS" start="2025-09-25T13:49:41.813154" elapsed="0.001328"/>
</kw>
<status status="PASS" start="2025-09-25T13:49:41.812586" elapsed="0.002094"/>
</branch>
<status status="PASS" start="2025-09-25T13:49:41.812531" elapsed="0.002324"/>
</if>
<kw name="Should Be Equal As Strings" owner="BuiltIn">
<arg>${user["name"].split(" ")[0]} ${user["name"].split(" ")[1]}</arg>
<arg>${fetched_name}</arg>
<doc>Fails if objects are unequal after converting them to strings.</doc>
<status status="PASS" start="2025-09-25T13:49:41.815075" elapsed="0.001912"/>
</kw>
<arg>${user}</arg>
<status status="PASS" start="2025-09-25T13:49:39.846915" elapsed="1.970631"/>
</kw>
<var name="${user}">{'id': 1, 'name': 'Leanne Graham', 'username': 'Bret', 'email': 'Sincere@april.biz', 'address': {'street': 'Kulas Light', 'suite': 'Apt. 556', 'city': 'Gwenborough', 'zipcode': '92998-3874', 'geo': {'...</var>
<status status="PASS" start="2025-09-25T13:49:34.251785" elapsed="7.566023"/>
</iter>
<iter>
<kw name="Create User" owner="Task_1">
<kw name="Click Element" owner="SeleniumLibrary">
<msg time="2025-09-25T13:49:41.822313" level="INFO">Clicking element '//a[@aria-label="Create"]'.</msg>
<arg>${customers_btn_create}</arg>
<doc>Click the element identified by ``locator``.</doc>
<status status="PASS" start="2025-09-25T13:49:41.820974" elapsed="0.207138"/>
</kw>
<kw name="Wait Until Element Is Visible" owner="SeleniumLibrary">
<arg>${customers_txt_firstname}</arg>
<doc>Waits until the element ``locator`` is visible.</doc>
<status status="PASS" start="2025-09-25T13:49:42.028952" elapsed="0.302435"/>
</kw>
<kw name="Input Text" owner="SeleniumLibrary">
<msg time="2025-09-25T13:49:42.333844" level="INFO">Typing text 'Ervin' into text field '//input[@name="first_name"]'.</msg>
<arg>${customers_txt_firstname}</arg>
<arg>${user["name"].split(" ")[0]}</arg>
<doc>Types the given ``text`` into the text field identified by ``locator``.</doc>
<status status="PASS" start="2025-09-25T13:49:42.332007" elapsed="0.318913"/>
</kw>
<kw name="Input Text" owner="SeleniumLibrary">
<msg time="2025-09-25T13:49:42.652655" level="INFO">Typing text 'Howell' into text field '//input[@name="last_name"]'.</msg>
<arg>${customers_txt_lastname}</arg>
<arg>${user["name"].split(" ")[1]}</arg>
<doc>Types the given ``text`` into the text field identified by ``locator``.</doc>
<status status="PASS" start="2025-09-25T13:49:42.651389" elapsed="0.279884"/>
</kw>
<kw name="Evaluate" owner="BuiltIn">
<msg time="2025-09-25T13:49:42.933339" level="INFO">${email} = shanna@melissa.tv</msg>
<var>${email}</var>
<arg>"${user['email'].lower()}"</arg>
<doc>Evaluates the given expression in Python and returns the result.</doc>
<status status="PASS" start="2025-09-25T13:49:42.931798" elapsed="0.004088"/>
</kw>
<kw name="Clear And Input Text" owner="App">
<kw name="Press Keys" owner="SeleniumLibrary">
<msg time="2025-09-25T13:49:42.948267" level="INFO">Sending key(s) ('CTRL+a', 'BACKSPACE') to //input[@name="email"] element.</msg>
<msg time="2025-09-25T13:49:43.302011" level="INFO">Pressing special key CONTROL down.</msg>
<msg time="2025-09-25T13:49:43.302385" level="INFO">Sending key a</msg>
<msg time="2025-09-25T13:49:43.302648" level="INFO">Releasing special key CONTROL.</msg>
<msg time="2025-09-25T13:49:43.363242" level="INFO">Pressing special key BACKSPACE to element.</msg>
<msg time="2025-09-25T13:49:43.363605" level="INFO">Releasing special key BACKSPACE.</msg>
<arg>${locator}</arg>
<arg>CTRL+a</arg>
<arg>BACKSPACE</arg>
<doc>Simulates the user pressing key(s) to an element or on the active browser.</doc>
<status status="PASS" start="2025-09-25T13:49:42.946130" elapsed="0.447526"/>
</kw>
<kw name="Input Text" owner="SeleniumLibrary">
<msg time="2025-09-25T13:49:43.397876" level="INFO">Typing text 'shanna@melissa.tv' into text field '//input[@name="email"]'.</msg>
<arg>${locator}</arg>
<arg>${text}</arg>
<doc>Types the given ``text`` into the text field identified by ``locator``.</doc>
<status status="PASS" start="2025-09-25T13:49:43.394118" elapsed="0.307236"/>
</kw>
<arg>${customers_txt_email}</arg>
<arg>${email}</arg>
<status status="PASS" start="2025-09-25T13:49:42.936496" elapsed="0.765257"/>
</kw>
<kw name="Input Text" owner="SeleniumLibrary">
<msg time="2025-09-25T13:49:43.704995" level="INFO">Typing text '11/23/2006' into text field '//input[@name="birthday"]'.</msg>
<arg>${customers_txt_birthday}</arg>
<arg>${user["birthday"]}</arg>
<doc>Types the given ``text`` into the text field identified by ``locator``.</doc>
<status status="PASS" start="2025-09-25T13:49:43.702139" elapsed="0.284519"/>
</kw>
<kw name="Input Text" owner="SeleniumLibrary">
<msg time="2025-09-25T13:49:43.995039" level="INFO">Typing text 'Victor Plains Suite 879' into text field '//textArea[@name="address"]'.</msg>
<arg>${customers_txt_address}</arg>
<arg>${user["address"]["street"]} ${user["address"]["suite"]}</arg>
<doc>Types the given ``text`` into the text field identified by ``locator``.</doc>
<status status="PASS" start="2025-09-25T13:49:43.988573" elapsed="0.420680"/>
</kw>
<kw name="Input Text" owner="SeleniumLibrary">
<msg time="2025-09-25T13:49:44.411295" level="INFO">Typing text 'Wisokyburgh' into text field '//input[@name="city"]'.</msg>
<arg>${customers_txt_city}</arg>
<arg>${user["address"]["city"]}</arg>
<doc>Types the given ``text`` into the text field identified by ``locator``.</doc>
<status status="PASS" start="2025-09-25T13:49:44.409803" elapsed="0.296210"/>
</kw>
<kw name="Input Text" owner="SeleniumLibrary">
<msg time="2025-09-25T13:49:44.712055" level="INFO">Typing text 'VSW' into text field '//input[@name="stateAbbr"]'.</msg>
<arg>${customers_txt_stateAbbr}</arg>
<arg>${user["stateAbbr"]}</arg>
<doc>Types the given ``text`` into the text field identified by ``locator``.</doc>
<status status="PASS" start="2025-09-25T13:49:44.706535" elapsed="0.493115"/>
</kw>
<kw name="Input Text" owner="SeleniumLibrary">
<msg time="2025-09-25T13:49:45.201638" level="INFO">Typing text '90566-7771' into text field '//input[@name="zipcode"]'.</msg>
<arg>${customers_txt_zipcode}</arg>
<arg>${user["address"]["zipcode"]}</arg>
<doc>Types the given ``text`` into the text field identified by ``locator``.</doc>
<status status="PASS" start="2025-09-25T13:49:45.200205" elapsed="0.340193"/>
</kw>
<kw name="Input Text" owner="SeleniumLibrary">
<msg time="2025-09-25T13:49:45.546649" level="INFO">Typing text '&amp;nujc%de' into text field '//input[@name="password"]'.</msg>
<arg>${customers_txt_password}</arg>
<arg>${user["password"]}</arg>
<doc>Types the given ``text`` into the text field identified by ``locator``.</doc>
<status status="PASS" start="2025-09-25T13:49:45.541029" elapsed="0.326165"/>
</kw>
<kw name="Input Text" owner="SeleniumLibrary">
<msg time="2025-09-25T13:49:45.875134" level="INFO">Typing text '&amp;nujc%de' into text field '//input[@name="confirm_password"]'.</msg>
<arg>${customers_txt_confirm_password}</arg>
<arg>${user["password"]}</arg>
<doc>Types the given ``text`` into the text field identified by ``locator``.</doc>
<status status="PASS" start="2025-09-25T13:49:45.868648" elapsed="0.394982"/>
</kw>
<kw name="Click Element" owner="SeleniumLibrary">
<msg time="2025-09-25T13:49:46.264819" level="INFO">Clicking element '//button[@aria-label="Save"]'.</msg>
<arg>${customers_btn_save}</arg>
<doc>Click the element identified by ``locator``.</doc>
<status status="PASS" start="2025-09-25T13:49:46.264110" elapsed="0.251055"/>
</kw>
<kw name="Wait Until Page Contains" owner="SeleniumLibrary">
<arg>Customer created</arg>
<doc>Waits until ``text`` appears on the current page.</doc>
<status status="PASS" start="2025-09-25T13:49:46.518665" elapsed="0.689148"/>
</kw>
<arg>${user}</arg>
<status status="PASS" start="2025-09-25T13:49:41.818958" elapsed="5.389213"/>
</kw>
<kw name="Verify User Is Added" owner="Task_2">
<kw name="Go To Customers Page" owner="App">
<kw name="Click Element" owner="SeleniumLibrary">
<msg time="2025-09-25T13:49:47.259093" level="INFO">Clicking element '(//p[text()="Customers"])[2]'.</msg>
<arg>${nav_btn_customers}</arg>
<doc>Click the element identified by ``locator``.</doc>
<status status="PASS" start="2025-09-25T13:49:47.236469" elapsed="0.379486"/>
</kw>
<kw name="Wait Until Element Is Visible" owner="SeleniumLibrary">
<arg>${table_row}</arg>
<doc>Waits until the element ``locator`` is visible.</doc>
<status status="PASS" start="2025-09-25T13:49:47.616483" elapsed="0.531270"/>
</kw>
<status status="PASS" start="2025-09-25T13:49:47.231741" elapsed="0.916351"/>
</kw>
<kw name="Wait Until Element Is Not Visible" owner="SeleniumLibrary">
<arg>(${table_row})[1]//td//div[contains(@class,"MuiAvatar-colorDefault") and text()]</arg>
<doc>Waits until the element ``locator`` is not visible.</doc>
<status status="PASS" start="2025-09-25T13:49:48.148503" elapsed="0.434836"/>
</kw>
<kw name="Wait Until Element Is Visible" owner="SeleniumLibrary">
<arg>(${table_row})[1]//td//div[contains(@class, "MuiAvatar-colorDefault") and text()]</arg>
<doc>Waits until the element ``locator`` is visible.</doc>
<status status="PASS" start="2025-09-25T13:49:48.583787" elapsed="0.520260"/>
</kw>
<kw name="Get Text" owner="SeleniumLibrary">
<msg time="2025-09-25T13:49:49.170617" level="INFO">${fetched_name} = E
Ervin Howell</msg>
<var>${fetched_name}</var>
<arg>(${table_row})[1]//td[2]</arg>
<doc>Returns the text value of the element identified by ``locator``.</doc>
<status status="PASS" start="2025-09-25T13:49:49.107575" elapsed="0.064813"/>
</kw>
<if>
<branch type="IF" condition="&quot;\\n&quot; in &quot;&quot;&quot;${fetched_name}&quot;&quot;&quot;">
<kw name="Evaluate" owner="BuiltIn">
<msg time="2025-09-25T13:49:49.176138" level="INFO">${fetched_name} = Ervin Howell</msg>
<var>${fetched_name}</var>
<arg>"""${fetched_name}""".replace("\\n","")[1:]</arg>
<doc>Evaluates the given expression in Python and returns the result.</doc>
<status status="PASS" start="2025-09-25T13:49:49.175418" elapsed="0.001073"/>
</kw>
<status status="PASS" start="2025-09-25T13:49:49.172782" elapsed="0.003922"/>
</branch>
<status status="PASS" start="2025-09-25T13:49:49.172726" elapsed="0.004162"/>
</if>
<kw name="Should Be Equal As Strings" owner="BuiltIn">
<arg>${user["name"].split(" ")[0]} ${user["name"].split(" ")[1]}</arg>
<arg>${fetched_name}</arg>
<doc>Fails if objects are unequal after converting them to strings.</doc>
<status status="PASS" start="2025-09-25T13:49:49.177115" elapsed="0.004684"/>
</kw>
<arg>${user}</arg>
<status status="PASS" start="2025-09-25T13:49:47.218561" elapsed="1.966701"/>
</kw>
<var name="${user}">{'id': 2, 'name': 'Ervin Howell', 'username': 'Antonette', 'email': 'Shanna@melissa.tv', 'address': {'street': 'Victor Plains', 'suite': 'Suite 879', 'city': 'Wisokyburgh', 'zipcode': '90566-7771', 'g...</var>
<status status="PASS" start="2025-09-25T13:49:41.818300" elapsed="7.367231"/>
</iter>
<iter>
<kw name="Create User" owner="Task_1">
<kw name="Click Element" owner="SeleniumLibrary">
<msg time="2025-09-25T13:49:49.193611" level="INFO">Clicking element '//a[@aria-label="Create"]'.</msg>
<arg>${customers_btn_create}</arg>
<doc>Click the element identified by ``locator``.</doc>
<status status="PASS" start="2025-09-25T13:49:49.193044" elapsed="0.175580"/>
</kw>
<kw name="Wait Until Element Is Visible" owner="SeleniumLibrary">
<arg>${customers_txt_firstname}</arg>
<doc>Waits until the element ``locator`` is visible.</doc>
<status status="PASS" start="2025-09-25T13:49:49.369541" elapsed="0.295931"/>
</kw>
<kw name="Input Text" owner="SeleniumLibrary">
<msg time="2025-09-25T13:49:49.667128" level="INFO">Typing text 'Clementine' into text field '//input[@name="first_name"]'.</msg>
<arg>${customers_txt_firstname}</arg>
<arg>${user["name"].split(" ")[0]}</arg>
<doc>Types the given ``text`` into the text field identified by ``locator``.</doc>
<status status="PASS" start="2025-09-25T13:49:49.665900" elapsed="0.268776"/>
</kw>
<kw name="Input Text" owner="SeleniumLibrary">
<msg time="2025-09-25T13:49:49.945808" level="INFO">Typing text 'Bauch' into text field '//input[@name="last_name"]'.</msg>
<arg>${customers_txt_lastname}</arg>
<arg>${user["name"].split(" ")[1]}</arg>
<doc>Types the given ``text`` into the text field identified by ``locator``.</doc>
<status status="PASS" start="2025-09-25T13:49:49.935171" elapsed="0.282233"/>
</kw>
<kw name="Evaluate" owner="BuiltIn">
<msg time="2025-09-25T13:49:50.227066" level="INFO">${email} = nathan@yesenia.net</msg>
<var>${email}</var>
<arg>"${user['email'].lower()}"</arg>
<doc>Evaluates the given expression in Python and returns the result.</doc>
<status status="PASS" start="2025-09-25T13:49:50.217847" elapsed="0.009533"/>
</kw>
<kw name="Clear And Input Text" owner="App">
<kw name="Press Keys" owner="SeleniumLibrary">
<msg time="2025-09-25T13:49:50.230919" level="INFO">Sending key(s) ('CTRL+a', 'BACKSPACE') to //input[@name="email"] element.</msg>
<msg time="2025-09-25T13:49:50.598186" level="INFO">Pressing special key CONTROL down.</msg>
<msg time="2025-09-25T13:49:50.599783" level="INFO">Sending key a</msg>
<msg time="2025-09-25T13:49:50.600133" level="INFO">Releasing special key CONTROL.</msg>
<msg time="2025-09-25T13:49:50.665007" level="INFO">Pressing special key BACKSPACE to element.</msg>
<msg time="2025-09-25T13:49:50.665359" level="INFO">Releasing special key BACKSPACE.</msg>
<arg>${locator}</arg>
<arg>CTRL+a</arg>
<arg>BACKSPACE</arg>
<doc>Simulates the user pressing key(s) to an element or on the active browser.</doc>
<status status="PASS" start="2025-09-25T13:49:50.229572" elapsed="0.471683"/>
</kw>
<kw name="Input Text" owner="SeleniumLibrary">
<msg time="2025-09-25T13:49:50.703964" level="INFO">Typing text 'nathan@yesenia.net' into text field '//input[@name="email"]'.</msg>
<arg>${locator}</arg>
<arg>${text}</arg>
<doc>Types the given ``text`` into the text field identified by ``locator``.</doc>
<status status="PASS" start="2025-09-25T13:49:50.702589" elapsed="0.308587"/>
</kw>
<arg>${customers_txt_email}</arg>
<arg>${email}</arg>
<status status="PASS" start="2025-09-25T13:49:50.227889" elapsed="0.783676"/>
</kw>
<kw name="Input Text" owner="SeleniumLibrary">
<msg time="2025-09-25T13:49:51.013967" level="INFO">Typing text '02/17/2006' into text field '//input[@name="birthday"]'.</msg>
<arg>${customers_txt_birthday}</arg>
<arg>${user["birthday"]}</arg>
<doc>Types the given ``text`` into the text field identified by ``locator``.</doc>
<status status="PASS" start="2025-09-25T13:49:51.011974" elapsed="0.252675"/>
</kw>
<kw name="Input Text" owner="SeleniumLibrary">
<msg time="2025-09-25T13:49:51.267717" level="INFO">Typing text 'Douglas Extension Suite 847' into text field '//textArea[@name="address"]'.</msg>
<arg>${customers_txt_address}</arg>
<arg>${user["address"]["street"]} ${user["address"]["suite"]}</arg>
<doc>Types the given ``text`` into the text field identified by ``locator``.</doc>
<status status="PASS" start="2025-09-25T13:49:51.265284" elapsed="0.407539"/>
</kw>
<kw name="Input Text" owner="SeleniumLibrary">
<msg time="2025-09-25T13:49:51.679656" level="INFO">Typing text 'McKenziehaven' into text field '//input[@name="city"]'.</msg>
<arg>${customers_txt_city}</arg>
<arg>${user["address"]["city"]}</arg>
<doc>Types the given ``text`` into the text field identified by ``locator``.</doc>
<status status="PASS" start="2025-09-25T13:49:51.675876" elapsed="0.566473"/>
</kw>
<kw name="Input Text" owner="SeleniumLibrary">
<msg time="2025-09-25T13:49:52.244862" level="INFO">Typing text 'DSM' into text field '//input[@name="stateAbbr"]'.</msg>
<arg>${customers_txt_stateAbbr}</arg>
<arg>${user["stateAbbr"]}</arg>
<doc>Types the given ``text`` into the text field identified by ``locator``.</doc>
<status status="PASS" start="2025-09-25T13:49:52.242820" elapsed="0.251940"/>
</kw>
<kw name="Input Text" owner="SeleniumLibrary">
<msg time="2025-09-25T13:49:52.496994" level="INFO">Typing text '59590-4157' into text field '//input[@name="zipcode"]'.</msg>
<arg>${customers_txt_zipcode}</arg>
<arg>${user["address"]["zipcode"]}</arg>
<doc>Types the given ``text`` into the text field identified by ``locator``.</doc>
<status status="PASS" start="2025-09-25T13:49:52.495317" elapsed="0.302425"/>
</kw>
<kw name="Input Text" owner="SeleniumLibrary">
<msg time="2025-09-25T13:49:52.799571" level="INFO">Typing text 'jTmHRr4Y' into text field '//input[@name="password"]'.</msg>
<arg>${customers_txt_password}</arg>
<arg>${user["password"]}</arg>
<doc>Types the given ``text`` into the text field identified by ``locator``.</doc>
<status status="PASS" start="2025-09-25T13:49:52.798179" elapsed="0.328712"/>
</kw>
<kw name="Input Text" owner="SeleniumLibrary">
<msg time="2025-09-25T13:49:53.130098" level="INFO">Typing text 'jTmHRr4Y' into text field '//input[@name="confirm_password"]'.</msg>
<arg>${customers_txt_confirm_password}</arg>
<arg>${user["password"]}</arg>
<doc>Types the given ``text`` into the text field identified by ``locator``.</doc>
<status status="PASS" start="2025-09-25T13:49:53.128549" elapsed="0.301431"/>
</kw>
<kw name="Click Element" owner="SeleniumLibrary">
<msg time="2025-09-25T13:49:53.431100" level="INFO">Clicking element '//button[@aria-label="Save"]'.</msg>
<arg>${customers_btn_save}</arg>
<doc>Click the element identified by ``locator``.</doc>
<status status="PASS" start="2025-09-25T13:49:53.430496" elapsed="0.311590"/>
</kw>
<kw name="Wait Until Page Contains" owner="SeleniumLibrary">
<arg>Customer created</arg>
<doc>Waits until ``text`` appears on the current page.</doc>
<status status="PASS" start="2025-09-25T13:49:53.757171" elapsed="0.743653"/>
</kw>
<arg>${user}</arg>
<status status="PASS" start="2025-09-25T13:49:49.191200" elapsed="5.311620"/>
</kw>
<kw name="Verify User Is Added" owner="Task_2">
<kw name="Go To Customers Page" owner="App">
<kw name="Click Element" owner="SeleniumLibrary">
<msg time="2025-09-25T13:49:54.514798" level="INFO">Clicking element '(//p[text()="Customers"])[2]'.</msg>
<arg>${nav_btn_customers}</arg>
<doc>Click the element identified by ``locator``.</doc>
<status status="PASS" start="2025-09-25T13:49:54.514159" elapsed="0.527769"/>
</kw>
<kw name="Wait Until Element Is Visible" owner="SeleniumLibrary">
<arg>${table_row}</arg>
<doc>Waits until the element ``locator`` is visible.</doc>
<status status="PASS" start="2025-09-25T13:49:55.042636" elapsed="0.611174"/>
</kw>
<status status="PASS" start="2025-09-25T13:49:54.513367" elapsed="1.145031"/>
</kw>
<kw name="Wait Until Element Is Not Visible" owner="SeleniumLibrary">
<arg>(${table_row})[1]//td//div[contains(@class,"MuiAvatar-colorDefault") and text()]</arg>
<doc>Waits until the element ``locator`` is not visible.</doc>
<status status="PASS" start="2025-09-25T13:49:55.658950" elapsed="0.725209"/>
</kw>
<kw name="Wait Until Element Is Visible" owner="SeleniumLibrary">
<arg>(${table_row})[1]//td//div[contains(@class, "MuiAvatar-colorDefault") and text()]</arg>
<doc>Waits until the element ``locator`` is visible.</doc>
<status status="PASS" start="2025-09-25T13:49:56.384767" elapsed="0.444179"/>
</kw>
<kw name="Get Text" owner="SeleniumLibrary">
<msg time="2025-09-25T13:49:56.942455" level="INFO">${fetched_name} = C
Clementine Bauch</msg>
<var>${fetched_name}</var>
<arg>(${table_row})[1]//td[2]</arg>
<doc>Returns the text value of the element identified by ``locator``.</doc>
<status status="PASS" start="2025-09-25T13:49:56.829426" elapsed="0.113334"/>
</kw>
<if>
<branch type="IF" condition="&quot;\\n&quot; in &quot;&quot;&quot;${fetched_name}&quot;&quot;&quot;">
<kw name="Evaluate" owner="BuiltIn">
<msg time="2025-09-25T13:49:56.948428" level="INFO">${fetched_name} = Clementine Bauch</msg>
<var>${fetched_name}</var>
<arg>"""${fetched_name}""".replace("\\n","")[1:]</arg>
<doc>Evaluates the given expression in Python and returns the result.</doc>
<status status="PASS" start="2025-09-25T13:49:56.943669" elapsed="0.005094"/>
</kw>
<status status="PASS" start="2025-09-25T13:49:56.943069" elapsed="0.005925"/>
</branch>
<status status="PASS" start="2025-09-25T13:49:56.943014" elapsed="0.006171"/>
</if>
<kw name="Should Be Equal As Strings" owner="BuiltIn">
<arg>${user["name"].split(" ")[0]} ${user["name"].split(" ")[1]}</arg>
<arg>${fetched_name}</arg>
<doc>Fails if objects are unequal after converting them to strings.</doc>
<status status="PASS" start="2025-09-25T13:49:56.952283" elapsed="0.004618"/>
</kw>
<arg>${user}</arg>
<status status="PASS" start="2025-09-25T13:49:54.507048" elapsed="2.451487"/>
</kw>
<var name="${user}">{'id': 3, 'name': 'Clementine Bauch', 'username': 'Samantha', 'email': 'Nathan@yesenia.net', 'address': {'street': 'Douglas Extension', 'suite': 'Suite 847', 'city': 'McKenziehaven', 'zipcode': '59590...</var>
<status status="PASS" start="2025-09-25T13:49:49.186044" elapsed="7.779246"/>
</iter>
<iter>
<kw name="Create User" owner="Task_1">
<kw name="Click Element" owner="SeleniumLibrary">
<msg time="2025-09-25T13:49:56.978113" level="INFO">Clicking element '//a[@aria-label="Create"]'.</msg>
<arg>${customers_btn_create}</arg>
<doc>Click the element identified by ``locator``.</doc>
<status status="PASS" start="2025-09-25T13:49:56.972700" elapsed="0.371197"/>
</kw>
<kw name="Wait Until Element Is Visible" owner="SeleniumLibrary">
<arg>${customers_txt_firstname}</arg>
<doc>Waits until the element ``locator`` is visible.</doc>
<status status="PASS" start="2025-09-25T13:49:57.344426" elapsed="0.341459"/>
</kw>
<kw name="Input Text" owner="SeleniumLibrary">
<msg time="2025-09-25T13:49:57.687994" level="INFO">Typing text 'Patricia' into text field '//input[@name="first_name"]'.</msg>
<arg>${customers_txt_firstname}</arg>
<arg>${user["name"].split(" ")[0]}</arg>
<doc>Types the given ``text`` into the text field identified by ``locator``.</doc>
<status status="PASS" start="2025-09-25T13:49:57.686500" elapsed="0.290642"/>
</kw>
<kw name="Input Text" owner="SeleniumLibrary">
<msg time="2025-09-25T13:49:57.979182" level="INFO">Typing text 'Lebsack' into text field '//input[@name="last_name"]'.</msg>
<arg>${customers_txt_lastname}</arg>
<arg>${user["name"].split(" ")[1]}</arg>
<doc>Types the given ``text`` into the text field identified by ``locator``.</doc>
<status status="PASS" start="2025-09-25T13:49:57.977658" elapsed="0.348761"/>
</kw>
<kw name="Evaluate" owner="BuiltIn">
<msg time="2025-09-25T13:49:58.328861" level="INFO">${email} = julianne.oconner@kory.org</msg>
<var>${email}</var>
<arg>"${user['email'].lower()}"</arg>
<doc>Evaluates the given expression in Python and returns the result.</doc>
<status status="PASS" start="2025-09-25T13:49:58.326937" elapsed="0.002191"/>
</kw>
<kw name="Clear And Input Text" owner="App">
<kw name="Press Keys" owner="SeleniumLibrary">
<msg time="2025-09-25T13:49:58.331432" level="INFO">Sending key(s) ('CTRL+a', 'BACKSPACE') to //input[@name="email"] element.</msg>
<msg time="2025-09-25T13:49:58.686679" level="INFO">Pressing special key CONTROL down.</msg>
<msg time="2025-09-25T13:49:58.691875" level="INFO">Sending key a</msg>
<msg time="2025-09-25T13:49:58.695873" level="INFO">Releasing special key CONTROL.</msg>
<msg time="2025-09-25T13:49:58.733785" level="INFO">Pressing special key BACKSPACE to element.</msg>
<msg time="2025-09-25T13:49:58.735890" level="INFO">Releasing special key BACKSPACE.</msg>
<arg>${locator}</arg>
<arg>CTRL+a</arg>
<arg>BACKSPACE</arg>
<doc>Simulates the user pressing key(s) to an element or on the active browser.</doc>
<status status="PASS" start="2025-09-25T13:49:58.330355" elapsed="0.435994"/>
</kw>
<kw name="Input Text" owner="SeleniumLibrary">
<msg time="2025-09-25T13:49:58.773725" level="INFO">Typing text 'julianne.oconner@kory.org' into text field '//input[@name="email"]'.</msg>
<arg>${locator}</arg>
<arg>${text}</arg>
<doc>Types the given ``text`` into the text field identified by ``locator``.</doc>
<status status="PASS" start="2025-09-25T13:49:58.768166" elapsed="0.314865"/>
</kw>
<arg>${customers_txt_email}</arg>
<arg>${email}</arg>
<status status="PASS" start="2025-09-25T13:49:58.329570" elapsed="0.754247"/>
</kw>
<kw name="Input Text" owner="SeleniumLibrary">
<msg time="2025-09-25T13:49:59.086006" level="INFO">Typing text '05/19/1999' into text field '//input[@name="birthday"]'.</msg>
<arg>${customers_txt_birthday}</arg>
<arg>${user["birthday"]}</arg>
<doc>Types the given ``text`` into the text field identified by ``locator``.</doc>
<status status="PASS" start="2025-09-25T13:49:59.084390" elapsed="0.389984"/>
</kw>
<kw name="Input Text" owner="SeleniumLibrary">
<msg time="2025-09-25T13:49:59.479820" level="INFO">Typing text 'Hoeger Mall Apt. 692' into text field '//textArea[@name="address"]'.</msg>
<arg>${customers_txt_address}</arg>
<arg>${user["address"]["street"]} ${user["address"]["suite"]}</arg>
<doc>Types the given ``text`` into the text field identified by ``locator``.</doc>
<status status="PASS" start="2025-09-25T13:49:59.474826" elapsed="0.345855"/>
</kw>
<kw name="Input Text" owner="SeleniumLibrary">
<msg time="2025-09-25T13:49:59.824080" level="INFO">Typing text 'South Elvis' into text field '//input[@name="city"]'.</msg>
<arg>${customers_txt_city}</arg>
<arg>${user["address"]["city"]}</arg>
<doc>Types the given ``text`` into the text field identified by ``locator``.</doc>
<status status="PASS" start="2025-09-25T13:49:59.821672" elapsed="0.234751"/>
</kw>
<kw name="Input Text" owner="SeleniumLibrary">
<msg time="2025-09-25T13:50:00.058713" level="INFO">Typing text 'HAS' into text field '//input[@name="stateAbbr"]'.</msg>
<arg>${customers_txt_stateAbbr}</arg>
<arg>${user["stateAbbr"]}</arg>
<doc>Types the given ``text`` into the text field identified by ``locator``.</doc>
<status status="PASS" start="2025-09-25T13:50:00.056978" elapsed="0.241953"/>
</kw>
<kw name="Input Text" owner="SeleniumLibrary">
<msg time="2025-09-25T13:50:00.303508" level="INFO">Typing text '53919-4257' into text field '//input[@name="zipcode"]'.</msg>
<arg>${customers_txt_zipcode}</arg>
<arg>${user["address"]["zipcode"]}</arg>
<doc>Types the given ``text`` into the text field identified by ``locator``.</doc>
<status status="PASS" start="2025-09-25T13:50:00.299564" elapsed="0.251793"/>
</kw>
<kw name="Input Text" owner="SeleniumLibrary">
<msg time="2025-09-25T13:50:00.554943" level="INFO">Typing text 'he4BIwPl' into text field '//input[@name="password"]'.</msg>
<arg>${customers_txt_password}</arg>
<arg>${user["password"]}</arg>
<doc>Types the given ``text`` into the text field identified by ``locator``.</doc>
<status status="PASS" start="2025-09-25T13:50:00.551844" elapsed="0.246072"/>
</kw>
<kw name="Input Text" owner="SeleniumLibrary">
<msg time="2025-09-25T13:50:00.800695" level="INFO">Typing text 'he4BIwPl' into text field '//input[@name="confirm_password"]'.</msg>
<arg>${customers_txt_confirm_password}</arg>
<arg>${user["password"]}</arg>
<doc>Types the given ``text`` into the text field identified by ``locator``.</doc>
<status status="PASS" start="2025-09-25T13:50:00.798458" elapsed="0.266470"/>
</kw>
<kw name="Click Element" owner="SeleniumLibrary">
<msg time="2025-09-25T13:50:01.067457" level="INFO">Clicking element '//button[@aria-label="Save"]'.</msg>
<arg>${customers_btn_save}</arg>
<doc>Click the element identified by ``locator``.</doc>
<status status="PASS" start="2025-09-25T13:50:01.066434" elapsed="0.197061"/>
</kw>
<kw name="Wait Until Page Contains" owner="SeleniumLibrary">
<arg>Customer created</arg>
<doc>Waits until ``text`` appears on the current page.</doc>
<status status="PASS" start="2025-09-25T13:50:01.264286" elapsed="0.564923"/>
</kw>
<arg>${user}</arg>
<status status="PASS" start="2025-09-25T13:49:56.966740" elapsed="4.863810"/>
</kw>
<kw name="Verify User Is Added" owner="Task_2">
<kw name="Go To Customers Page" owner="App">
<kw name="Click Element" owner="SeleniumLibrary">
<msg time="2025-09-25T13:50:01.836079" level="INFO">Clicking element '(//p[text()="Customers"])[2]'.</msg>
<arg>${nav_btn_customers}</arg>
<doc>Click the element identified by ``locator``.</doc>
<status status="PASS" start="2025-09-25T13:50:01.834884" elapsed="0.175482"/>
</kw>
<kw name="Wait Until Element Is Visible" owner="SeleniumLibrary">
<arg>${table_row}</arg>
<doc>Waits until the element ``locator`` is visible.</doc>
<status status="PASS" start="2025-09-25T13:50:02.010856" elapsed="0.561960"/>
</kw>
<status status="PASS" start="2025-09-25T13:50:01.833233" elapsed="0.739927"/>
</kw>
<kw name="Wait Until Element Is Not Visible" owner="SeleniumLibrary">
<arg>(${table_row})[1]//td//div[contains(@class,"MuiAvatar-colorDefault") and text()]</arg>
<doc>Waits until the element ``locator`` is not visible.</doc>
<status status="PASS" start="2025-09-25T13:50:02.573533" elapsed="0.023187"/>
</kw>
<kw name="Wait Until Element Is Visible" owner="SeleniumLibrary">
<arg>(${table_row})[1]//td//div[contains(@class, "MuiAvatar-colorDefault") and text()]</arg>
<doc>Waits until the element ``locator`` is visible.</doc>
<status status="PASS" start="2025-09-25T13:50:02.597247" elapsed="0.818408"/>
</kw>
<kw name="Get Text" owner="SeleniumLibrary">
<msg time="2025-09-25T13:50:03.478626" level="INFO">${fetched_name} = P
Patricia Lebsack</msg>
<var>${fetched_name}</var>
<arg>(${table_row})[1]//td[2]</arg>
<doc>Returns the text value of the element identified by ``locator``.</doc>
<status status="PASS" start="2025-09-25T13:50:03.416514" elapsed="0.062693"/>
</kw>
<if>
<branch type="IF" condition="&quot;\\n&quot; in &quot;&quot;&quot;${fetched_name}&quot;&quot;&quot;">
<kw name="Evaluate" owner="BuiltIn">
<msg time="2025-09-25T13:50:03.482275" level="INFO">${fetched_name} = Patricia Lebsack</msg>
<var>${fetched_name}</var>
<arg>"""${fetched_name}""".replace("\\n","")[1:]</arg>
<doc>Evaluates the given expression in Python and returns the result.</doc>
<status status="PASS" start="2025-09-25T13:50:03.480974" elapsed="0.001776"/>
</kw>
<status status="PASS" start="2025-09-25T13:50:03.479853" elapsed="0.003296"/>
</branch>
<status status="PASS" start="2025-09-25T13:50:03.479750" elapsed="0.003784"/>
</if>
<kw name="Should Be Equal As Strings" owner="BuiltIn">
<arg>${user["name"].split(" ")[0]} ${user["name"].split(" ")[1]}</arg>
<arg>${fetched_name}</arg>
<doc>Fails if objects are unequal after converting them to strings.</doc>
<status status="PASS" start="2025-09-25T13:50:03.484287" elapsed="0.005523"/>
</kw>
<arg>${user}</arg>
<status status="PASS" start="2025-09-25T13:50:01.831053" elapsed="1.660129"/>
</kw>
<var name="${user}">{'id': 4, 'name': 'Patricia Lebsack', 'username': 'Karianne', 'email': 'Julianne.OConner@kory.org', 'address': {'street': 'Hoeger Mall', 'suite': 'Apt. 692', 'city': 'South Elvis', 'zipcode': '53919-4...</var>
<status status="PASS" start="2025-09-25T13:49:56.965932" elapsed="6.525799"/>
</iter>
<iter>
<kw name="Create User" owner="Task_1">
<kw name="Click Element" owner="SeleniumLibrary">
<msg time="2025-09-25T13:50:03.497250" level="INFO">Clicking element '//a[@aria-label="Create"]'.</msg>
<arg>${customers_btn_create}</arg>
<doc>Click the element identified by ``locator``.</doc>
<status status="PASS" start="2025-09-25T13:50:03.495779" elapsed="0.141991"/>
</kw>
<kw name="Wait Until Element Is Visible" owner="SeleniumLibrary">
<arg>${customers_txt_firstname}</arg>
<doc>Waits until the element ``locator`` is visible.</doc>
<status status="PASS" start="2025-09-25T13:50:03.638293" elapsed="0.290624"/>
</kw>
<kw name="Input Text" owner="SeleniumLibrary">
<msg time="2025-09-25T13:50:03.932339" level="INFO">Typing text 'Chelsey' into text field '//input[@name="first_name"]'.</msg>
<arg>${customers_txt_firstname}</arg>
<arg>${user["name"].split(" ")[0]}</arg>
<doc>Types the given ``text`` into the text field identified by ``locator``.</doc>
<status status="PASS" start="2025-09-25T13:50:03.929819" elapsed="0.560270"/>
</kw>
<kw name="Input Text" owner="SeleniumLibrary">
<msg time="2025-09-25T13:50:04.494509" level="INFO">Typing text 'Dietrich' into text field '//input[@name="last_name"]'.</msg>
<arg>${customers_txt_lastname}</arg>
<arg>${user["name"].split(" ")[1]}</arg>
<doc>Types the given ``text`` into the text field identified by ``locator``.</doc>
<status status="PASS" start="2025-09-25T13:50:04.490648" elapsed="0.339377"/>
</kw>
<kw name="Evaluate" owner="BuiltIn">
<msg time="2025-09-25T13:50:04.832135" level="INFO">${email} = lucio_hettinger@annie.ca</msg>
<var>${email}</var>
<arg>"${user['email'].lower()}"</arg>
<doc>Evaluates the given expression in Python and returns the result.</doc>
<status status="PASS" start="2025-09-25T13:50:04.830766" elapsed="0.001713"/>
</kw>
<kw name="Clear And Input Text" owner="App">
<kw name="Press Keys" owner="SeleniumLibrary">
<msg time="2025-09-25T13:50:04.841188" level="INFO">Sending key(s) ('CTRL+a', 'BACKSPACE') to //input[@name="email"] element.</msg>
<msg time="2025-09-25T13:50:05.215893" level="INFO">Pressing special key CONTROL down.</msg>
<msg time="2025-09-25T13:50:05.216318" level="INFO">Sending key a</msg>
<msg time="2025-09-25T13:50:05.216620" level="INFO">Releasing special key CONTROL.</msg>
<msg time="2025-09-25T13:50:05.246449" level="INFO">Pressing special key BACKSPACE to element.</msg>
<msg time="2025-09-25T13:50:05.246781" level="INFO">Releasing special key BACKSPACE.</msg>
<arg>${locator}</arg>
<arg>CTRL+a</arg>
<arg>BACKSPACE</arg>
<doc>Simulates the user pressing key(s) to an element or on the active browser.</doc>
<status status="PASS" start="2025-09-25T13:50:04.834949" elapsed="0.434624"/>
</kw>
<kw name="Input Text" owner="SeleniumLibrary">
<msg time="2025-09-25T13:50:05.271131" level="INFO">Typing text 'lucio_hettinger@annie.ca' into text field '//input[@name="email"]'.</msg>
<arg>${locator}</arg>
<arg>${text}</arg>
<doc>Types the given ``text`` into the text field identified by ``locator``.</doc>
<status status="PASS" start="2025-09-25T13:50:05.270075" elapsed="0.271248"/>
</kw>
<arg>${customers_txt_email}</arg>
<arg>${email}</arg>
<status status="PASS" start="2025-09-25T13:50:04.833962" elapsed="0.707705"/>
</kw>
<kw name="Input Text" owner="SeleniumLibrary">
<msg time="2025-09-25T13:50:05.543299" level="INFO">Typing text '01/23/2002' into text field '//input[@name="birthday"]'.</msg>
<arg>${customers_txt_birthday}</arg>
<arg>${user["birthday"]}</arg>
<doc>Types the given ``text`` into the text field identified by ``locator``.</doc>
<status status="PASS" start="2025-09-25T13:50:05.542013" elapsed="0.210147"/>
</kw>
<kw name="Input Text" owner="SeleniumLibrary">
<msg time="2025-09-25T13:50:05.755888" level="INFO">Typing text 'Skiles Walks Suite 351' into text field '//textArea[@name="address"]'.</msg>
<arg>${customers_txt_address}</arg>
<arg>${user["address"]["street"]} ${user["address"]["suite"]}</arg>
<doc>Types the given ``text`` into the text field identified by ``locator``.</doc>
<status status="PASS" start="2025-09-25T13:50:05.752824" elapsed="0.317087"/>
</kw>
<kw name="Input Text" owner="SeleniumLibrary">
<msg time="2025-09-25T13:50:06.074959" level="INFO">Typing text 'Roscoeview' into text field '//input[@name="city"]'.</msg>
<arg>${customers_txt_city}</arg>
<arg>${user["address"]["city"]}</arg>
<doc>Types the given ``text`` into the text field identified by ``locator``.</doc>
<status status="PASS" start="2025-09-25T13:50:06.070442" elapsed="0.258285"/>
</kw>
<kw name="Input Text" owner="SeleniumLibrary">
<msg time="2025-09-25T13:50:06.330872" level="INFO">Typing text 'SSR' into text field '//input[@name="stateAbbr"]'.</msg>
<arg>${customers_txt_stateAbbr}</arg>
<arg>${user["stateAbbr"]}</arg>
<doc>Types the given ``text`` into the text field identified by ``locator``.</doc>
<status status="PASS" start="2025-09-25T13:50:06.329336" elapsed="0.239655"/>
</kw>
<kw name="Input Text" owner="SeleniumLibrary">
<msg time="2025-09-25T13:50:06.571706" level="INFO">Typing text '33263' into text field '//input[@name="zipcode"]'.</msg>
<arg>${customers_txt_zipcode}</arg>
<arg>${user["address"]["zipcode"]}</arg>
<doc>Types the given ``text`` into the text field identified by ``locator``.</doc>
<status status="PASS" start="2025-09-25T13:50:06.569527" elapsed="0.257289"/>
</kw>
<kw name="Input Text" owner="SeleniumLibrary">
<msg time="2025-09-25T13:50:06.828931" level="INFO">Typing text 'vgxGuLkx' into text field '//input[@name="password"]'.</msg>
<arg>${customers_txt_password}</arg>
<arg>${user["password"]}</arg>
<doc>Types the given ``text`` into the text field identified by ``locator``.</doc>
<status status="PASS" start="2025-09-25T13:50:06.827356" elapsed="0.401652"/>
</kw>
<kw name="Input Text" owner="SeleniumLibrary">
<msg time="2025-09-25T13:50:07.236308" level="INFO">Typing text 'vgxGuLkx' into text field '//input[@name="confirm_password"]'.</msg>
<arg>${customers_txt_confirm_password}</arg>
<arg>${user["password"]}</arg>
<doc>Types the given ``text`` into the text field identified by ``locator``.</doc>
<status status="PASS" start="2025-09-25T13:50:07.230285" elapsed="0.495636"/>
</kw>
<kw name="Click Element" owner="SeleniumLibrary">
<msg time="2025-09-25T13:50:07.727055" level="INFO">Clicking element '//button[@aria-label="Save"]'.</msg>
<arg>${customers_btn_save}</arg>
<doc>Click the element identified by ``locator``.</doc>
<status status="PASS" start="2025-09-25T13:50:07.726451" elapsed="0.220874"/>
</kw>
<kw name="Wait Until Page Contains" owner="SeleniumLibrary">
<arg>Customer created</arg>
<doc>Waits until ``text`` appears on the current page.</doc>
<status status="PASS" start="2025-09-25T13:50:07.949525" elapsed="0.667678"/>
</kw>
<arg>${user}</arg>
<status status="PASS" start="2025-09-25T13:50:03.493907" elapsed="5.123735"/>
</kw>
<kw name="Verify User Is Added" owner="Task_2">
<kw name="Go To Customers Page" owner="App">
<kw name="Click Element" owner="SeleniumLibrary">
<msg time="2025-09-25T13:50:08.621819" level="INFO">Clicking element '(//p[text()="Customers"])[2]'.</msg>
<arg>${nav_btn_customers}</arg>
<doc>Click the element identified by ``locator``.</doc>
<status status="PASS" start="2025-09-25T13:50:08.621275" elapsed="0.215810"/>
</kw>
<kw name="Wait Until Element Is Visible" owner="SeleniumLibrary">
<arg>${table_row}</arg>
<doc>Waits until the element ``locator`` is visible.</doc>
<status status="PASS" start="2025-09-25T13:50:08.838735" elapsed="0.593626"/>
</kw>
<status status="PASS" start="2025-09-25T13:50:08.620586" elapsed="0.813461"/>
</kw>
<kw name="Wait Until Element Is Not Visible" owner="SeleniumLibrary">
<arg>(${table_row})[1]//td//div[contains(@class,"MuiAvatar-colorDefault") and text()]</arg>
<doc>Waits until the element ``locator`` is not visible.</doc>
<status status="PASS" start="2025-09-25T13:50:09.435036" elapsed="0.437149"/>
</kw>
<kw name="Wait Until Element Is Visible" owner="SeleniumLibrary">
<arg>(${table_row})[1]//td//div[contains(@class, "MuiAvatar-colorDefault") and text()]</arg>
<doc>Waits until the element ``locator`` is visible.</doc>
<status status="PASS" start="2025-09-25T13:50:09.873004" elapsed="0.589246"/>
</kw>
<kw name="Get Text" owner="SeleniumLibrary">
<msg time="2025-09-25T13:50:10.609088" level="INFO">${fetched_name} = C
Chelsey Dietrich</msg>
<var>${fetched_name}</var>
<arg>(${table_row})[1]//td[2]</arg>
<doc>Returns the text value of the element identified by ``locator``.</doc>
<status status="PASS" start="2025-09-25T13:50:10.462694" elapsed="0.146959"/>
</kw>
<if>
<branch type="IF" condition="&quot;\\n&quot; in &quot;&quot;&quot;${fetched_name}&quot;&quot;&quot;">
<kw name="Evaluate" owner="BuiltIn">
<msg time="2025-09-25T13:50:10.620198" level="INFO">${fetched_name} = Chelsey Dietrich</msg>
<var>${fetched_name}</var>
<arg>"""${fetched_name}""".replace("\\n","")[1:]</arg>
<doc>Evaluates the given expression in Python and returns the result.</doc>
<status status="PASS" start="2025-09-25T13:50:10.616822" elapsed="0.003668"/>
</kw>
<status status="PASS" start="2025-09-25T13:50:10.609968" elapsed="0.010733"/>
</branch>
<status status="PASS" start="2025-09-25T13:50:10.609911" elapsed="0.010971"/>
</if>
<kw name="Should Be Equal As Strings" owner="BuiltIn">
<arg>${user["name"].split(" ")[0]} ${user["name"].split(" ")[1]}</arg>
<arg>${fetched_name}</arg>
<doc>Fails if objects are unequal after converting them to strings.</doc>
<status status="PASS" start="2025-09-25T13:50:10.621114" elapsed="0.017864"/>
</kw>
<arg>${user}</arg>
<status status="PASS" start="2025-09-25T13:50:08.618538" elapsed="2.032313"/>
</kw>
<var name="${user}">{'id': 5, 'name': 'Chelsey Dietrich', 'username': 'Kamren', 'email': 'Lucio_Hettinger@annie.ca', 'address': {'street': 'Skiles Walks', 'suite': 'Suite 351', 'city': 'Roscoeview', 'zipcode': '33263', '...</var>
<status status="PASS" start="2025-09-25T13:50:03.492667" elapsed="7.158461"/>
</iter>
<var>${user}</var>
<value>@{users}</value>
<status status="PASS" start="2025-09-25T13:49:34.244713" elapsed="36.406665"/>
</for>
<kw name="Capture Page Screenshot" owner="SeleniumLibrary">
<msg time="2025-09-25T13:50:11.191770" level="INFO" html="true">&lt;/td&gt;&lt;/tr&gt;&lt;tr&gt;&lt;td colspan="3"&gt;&lt;a href="selenium-screenshot-3.png"&gt;&lt;img src="selenium-screenshot-3.png" width="800px"&gt;&lt;/a&gt;</msg>
<doc>Takes a screenshot of the current page and embeds it into a log file.</doc>
<status status="PASS" start="2025-09-25T13:50:10.661550" elapsed="0.530643"/>
</kw>
<doc>Login the user, fetch the first 5 users from the API, create them in the system, and verify each one is added successfully.</doc>
<status status="PASS" start="2025-09-25T13:49:27.317766" elapsed="43.895059"/>
</test>
<test id="s1-t2" name="TEST-000003" line="27">
<kw name="Get Last Five Users" owner="CustomLibrary">
<msg time="2025-09-25T13:50:11.938107" level="INFO">[{'id': 6, 'name': 'Mrs. Dennis Schulist', 'username': 'Leopoldo_Corkery', 'email': 'Karley_Dach@jasper.info', 'address': {'street': 'Norberto Crossing', 'suite': 'Apt. 950', 'city': 'South Christy', 'zipcode': '23505-1337', 'geo': {'lat': '-71.4197', 'lng': '71.7478'}}, 'phone': '1-477-935-8478 x6430', 'website': 'ola.org', 'company': {'name': 'Considine-Lockman', 'catchPhrase': 'Synchronised bottom-line interface', 'bs': 'e-enable innovative applications'}, 'birthday': '06/06/2002', 'password': '!m3pf&amp;Hv', 'stateAbbr': 'NAS'}, {'id': 7, 'name': 'Kurtis Weissnat', 'username': 'Elwyn.Skiles', 'email': 'Telly.Hoeger@billy.biz', 'address': {'street': 'Rex Trail', 'suite': 'Suite 280', 'city': 'Howemouth', 'zipcode': '58804-1099', 'geo': {'lat': '24.8918', 'lng': '21.8984'}}, 'phone': '210.067.6132', 'website': 'elvis.io', 'company': {'name': 'Johns Group', 'catchPhrase': 'Configurable multimedia task-force', 'bs': 'generate enterprise e-tailers'}, 'birthday': '01/11/2005', 'password': 'rYHuLwX4', 'stateAbbr': 'RSH'}, {'id': 8, 'name': 'Nicholas Runolfsdottir V', 'username': 'Maxime_Nienow', 'email': 'Sherwood@rosamond.me', 'address': {'street': 'Ellsworth Summit', 'suite': 'Suite 729', 'city': 'Aliyaview', 'zipcode': '45169', 'geo': {'lat': '-14.3990', 'lng': '-120.7677'}}, 'phone': '586.493.6943 x140', 'website': 'jacynthe.com', 'company': {'name': 'Abernathy Group', 'catchPhrase': 'Implemented secondary concept', 'bs': 'e-enable extensible e-tailers'}, 'birthday': '09/15/2001', 'password': '4XRjuLg5', 'stateAbbr': 'ESA'}, {'id': 9, 'name': 'Glenna Reichert', 'username': 'Delphine', 'email': 'Chaim_McDermott@dana.io', 'address': {'street': 'Dayna Park', 'suite': 'Suite 449', 'city': 'Bartholomebury', 'zipcode': '76495-3109', 'geo': {'lat': '24.6463', 'lng': '-168.8889'}}, 'phone': '(775)976-6794 x41206', 'website': 'conrad.com', 'company': {'name': 'Yost and Sons', 'catchPhrase': 'Switchable contextually-based project', 'bs': 'aggregate real-time technologies'}, 'birthday': '02/09/2005', 'password': '%5Sfo!aO', 'stateAbbr': 'DSB'}, {'id': 10, 'name': 'Clementina DuBuque', 'username': 'Moriah.Stanton', 'email': 'Rey.Padberg@karina.biz', 'address': {'street': 'Kattie Turnpike', 'suite': 'Suite 198', 'city': 'Lebsackbury', 'zipcode': '31428-2261', 'geo': {'lat': '-38.2386', 'lng': '57.2232'}}, 'phone': '024-648-3804', 'website': 'ambrose.net', 'company': {'name': 'Hoeger LLC', 'catchPhrase': 'Centralized empowering task-force', 'bs': 'target end-to-end models'}, 'birthday': '04/15/1999', 'password': 'h%Mg%VZ2', 'stateAbbr': 'KSL'}]</msg>
<msg time="2025-09-25T13:50:11.940685" level="INFO">/home/citco/robot-activity/robotenv/lib/python3.12/site-packages/urllib3/connectionpool.py:1097: InsecureRequestWarning: Unverified HTTPS request is being made to host 'jsonplaceholder.typicode.com'. Adding certificate verification is strongly advised. See: https://urllib3.readthedocs.io/en/latest/advanced-usage.html#tls-warnings
  warnings.warn(</msg>
<msg time="2025-09-25T13:50:11.946496" level="INFO">${users} = [{'id': 6, 'name': 'Mrs. Dennis Schulist', 'username': 'Leopoldo_Corkery', 'email': 'Karley_Dach@jasper.info', 'address': {'street': 'Norberto Crossing', 'suite': 'Apt. 950', 'city': 'South Christy', ...</msg>
<var>${users}</var>
<status status="PASS" start="2025-09-25T13:50:11.242762" elapsed="0.704064"/>
</kw>
<kw name="Update And Verify Multiple Users" owner="Task_3">
<kw name="Set Variable" owner="BuiltIn">
<msg time="2025-09-25T13:50:11.958465" level="INFO">${row_index} = 6</msg>
<var>${row_index}</var>
<arg>${start_row}</arg>
<doc>Returns the given values which can then be assigned to a variables.</doc>
<status status="PASS" start="2025-09-25T13:50:11.957703" elapsed="0.001183"/>
</kw>
<for flavor="IN">
<iter>
<kw name="Update Customer Row" owner="Task_3">
<kw name="Click Element" owner="SeleniumLibrary">
<msg time="2025-09-25T13:50:11.971482" level="INFO">Clicking element '//*[@id="main-content"]/div/div[1]/div[2]/div/div[2]/table/tbody/tr[6]'.</msg>
<arg>//*[@id="main-content"]/div/div[1]/div[2]/div/div[2]/table/tbody/tr[${row_index}]</arg>
<doc>Click the element identified by ``locator``.</doc>
<status status="PASS" start="2025-09-25T13:50:11.969018" elapsed="0.694953"/>
</kw>
<kw name="Wait Until Element Is Visible" owner="SeleniumLibrary">
<arg>${customers_txt_firstname}</arg>
<doc>Waits until the element ``locator`` is visible.</doc>
<status status="PASS" start="2025-09-25T13:50:12.664837" elapsed="0.365805"/>
</kw>
<kw name="Fill Customer Form" owner="Task_3">
<kw name="Clean Name" owner="Task_3">
<kw name="Create List" owner="BuiltIn">
<msg time="2025-09-25T13:50:13.038571" level="INFO">${titles_suffixes} = ['mr.', 'mrs.', 'ms.', 'dr.', 'jr.', 'sr.', 'iii', 'iv', 'v']</msg>
<var>${titles_suffixes}</var>
<arg>mr.</arg>
<arg>mrs.</arg>
<arg>ms.</arg>
<arg>dr.</arg>
<arg>jr.</arg>
<arg>sr.</arg>
<arg>iii</arg>
<arg>iv</arg>
<arg>v</arg>
<doc>Returns a list containing given items.</doc>
<status status="PASS" start="2025-09-25T13:50:13.036092" elapsed="0.006594"/>
</kw>
<kw name="Split String" owner="String">
<msg time="2025-09-25T13:50:13.045813" level="INFO">${name_parts} = ['Mrs.', 'Dennis', 'Schulist']</msg>
<var>${name_parts}</var>
<arg>${name}</arg>
<doc>Splits the ``string`` using ``separator`` as a delimiter string.</doc>
<status status="PASS" start="2025-09-25T13:50:13.043151" elapsed="0.003011"/>
</kw>
<kw name="Create List" owner="BuiltIn">
<msg time="2025-09-25T13:50:13.047454" level="INFO">@{clean_parts} = [ ]</msg>
<var>@{clean_parts}</var>
<doc>Returns a list containing given items.</doc>
<status status="PASS" start="2025-09-25T13:50:13.046628" elapsed="0.003671"/>
</kw>
<for flavor="IN">
<iter>
<kw name="Convert To Lower Case" owner="String">
<msg time="2025-09-25T13:50:13.058876" level="INFO">${lower} = mrs.</msg>
<var>${lower}</var>
<arg>${word}</arg>
<doc>Converts string to lower case.</doc>
<status status="PASS" start="2025-09-25T13:50:13.057404" elapsed="0.001924"/>
</kw>
<kw name="Run Keyword Unless" owner="BuiltIn">
<msg time="2025-09-25T13:50:13.060242" level="WARN">Keyword 'BuiltIn.Run Keyword Unless' is deprecated. </msg>
<arg>'${lower}' in @{titles_suffixes}</arg>
<arg>Append To List</arg>
<arg>${clean_parts}</arg>
<arg>${word}</arg>
<doc>*DEPRECATED since RF 5.0. Use Native IF/ELSE or `Run Keyword If` instead.*</doc>
<status status="PASS" start="2025-09-25T13:50:13.059895" elapsed="0.001307"/>
</kw>
<var name="${word}">Mrs.</var>
<status status="PASS" start="2025-09-25T13:50:13.056709" elapsed="0.005086"/>
</iter>
<iter>
<kw name="Convert To Lower Case" owner="String">
<msg time="2025-09-25T13:50:13.067742" level="INFO">${lower} = dennis</msg>
<var>${lower}</var>
<arg>${word}</arg>
<doc>Converts string to lower case.</doc>
<status status="PASS" start="2025-09-25T13:50:13.066831" elapsed="0.001227"/>
</kw>
<kw name="Run Keyword Unless" owner="BuiltIn">
<msg time="2025-09-25T13:50:13.068836" level="WARN">Keyword 'BuiltIn.Run Keyword Unless' is deprecated. </msg>
<kw name="Append To List" owner="Collections">
<arg>${clean_parts}</arg>
<arg>${word}</arg>
<doc>Adds ``values`` to the end of ``list``.</doc>
<status status="PASS" start="2025-09-25T13:50:13.073051" elapsed="0.003063"/>
</kw>
<arg>'${lower}' in @{titles_suffixes}</arg>
<arg>Append To List</arg>
<arg>${clean_parts}</arg>
<arg>${word}</arg>
<doc>*DEPRECATED since RF 5.0. Use Native IF/ELSE or `Run Keyword If` instead.*</doc>
<status status="PASS" start="2025-09-25T13:50:13.068550" elapsed="0.008611"/>
</kw>
<var name="${word}">Dennis</var>
<status status="PASS" start="2025-09-25T13:50:13.062946" elapsed="0.015341"/>
</iter>
<iter>
<kw name="Convert To Lower Case" owner="String">
<msg time="2025-09-25T13:50:13.084384" level="INFO">${lower} = schulist</msg>
<var>${lower}</var>
<arg>${word}</arg>
<doc>Converts string to lower case.</doc>
<status status="PASS" start="2025-09-25T13:50:13.080736" elapsed="0.003976"/>
</kw>
<kw name="Run Keyword Unless" owner="BuiltIn">
<msg time="2025-09-25T13:50:13.085808" level="WARN">Keyword 'BuiltIn.Run Keyword Unless' is deprecated. </msg>
<kw name="Append To List" owner="Collections">
<arg>${clean_parts}</arg>
<arg>${word}</arg>
<doc>Adds ``values`` to the end of ``list``.</doc>
<status status="PASS" start="2025-09-25T13:50:13.109926" elapsed="0.000626"/>
</kw>
<arg>'${lower}' in @{titles_suffixes}</arg>
<arg>Append To List</arg>
<arg>${clean_parts}</arg>
<arg>${word}</arg>
<doc>*DEPRECATED since RF 5.0. Use Native IF/ELSE or `Run Keyword If` instead.*</doc>
<status status="PASS" start="2025-09-25T13:50:13.085167" elapsed="0.043844"/>
</kw>
<var name="${word}">Schulist</var>
<status status="PASS" start="2025-09-25T13:50:13.078762" elapsed="0.050593"/>
</iter>
<var>${word}</var>
<value>@{name_parts}</value>
<status status="PASS" start="2025-09-25T13:50:13.055721" elapsed="0.073879"/>
</for>
<kw name="Evaluate" owner="BuiltIn">
<msg time="2025-09-25T13:50:13.156033" level="INFO">${clean_name} = Dennis Schulist</msg>
<var>${clean_name}</var>
<arg>" ".join(${clean_parts})</arg>
<doc>Evaluates the given expression in Python and returns the result.</doc>
<status status="PASS" start="2025-09-25T13:50:13.130042" elapsed="0.027823"/>
</kw>
<return>
<value>${clean_name}</value>
<status status="PASS" start="2025-09-25T13:50:13.158179" elapsed="0.015332"/>
</return>
<msg time="2025-09-25T13:50:13.174108" level="INFO">${clean_name} = Dennis Schulist</msg>
<var>${clean_name}</var>
<arg>${user["name"]}</arg>
<status status="PASS" start="2025-09-25T13:50:13.034406" elapsed="0.139984"/>
</kw>
<kw name="Evaluate" owner="BuiltIn">
<msg time="2025-09-25T13:50:13.195575" level="INFO">${last_name} = Schulist</msg>
<var>${last_name}</var>
<arg>"${clean_name}".split()[-1]</arg>
<doc>Evaluates the given expression in Python and returns the result.</doc>
<status status="PASS" start="2025-09-25T13:50:13.174788" elapsed="0.021112"/>
</kw>
<kw name="Evaluate" owner="BuiltIn">
<msg time="2025-09-25T13:50:13.215108" level="INFO">${first_name} = Dennis</msg>
<var>${first_name}</var>
<arg>" ".join("${clean_name}".split()[:-1])</arg>
<doc>Evaluates the given expression in Python and returns the result.</doc>
<status status="PASS" start="2025-09-25T13:50:13.213369" elapsed="0.023470"/>
</kw>
<kw name="Clear And Input Text" owner="App">
<kw name="Press Keys" owner="SeleniumLibrary">
<msg time="2025-09-25T13:50:13.258983" level="INFO">Sending key(s) ('CTRL+a', 'BACKSPACE') to //input[@name="first_name"] element.</msg>
<msg time="2025-09-25T13:50:13.758339" level="INFO">Pressing special key CONTROL down.</msg>
<msg time="2025-09-25T13:50:13.759060" level="INFO">Sending key a</msg>
<msg time="2025-09-25T13:50:13.761958" level="INFO">Releasing special key CONTROL.</msg>
<msg time="2025-09-25T13:50:13.804480" level="INFO">Pressing special key BACKSPACE to element.</msg>
<msg time="2025-09-25T13:50:13.804831" level="INFO">Releasing special key BACKSPACE.</msg>
<arg>${locator}</arg>
<arg>CTRL+a</arg>
<arg>BACKSPACE</arg>
<doc>Simulates the user pressing key(s) to an element or on the active browser.</doc>
<status status="PASS" start="2025-09-25T13:50:13.238124" elapsed="0.606183"/>
</kw>
<kw name="Input Text" owner="SeleniumLibrary">
<msg time="2025-09-25T13:50:13.845346" level="INFO">Typing text 'Dennis' into text field '//input[@name="first_name"]'.</msg>
<arg>${locator}</arg>
<arg>${text}</arg>
<doc>Types the given ``text`` into the text field identified by ``locator``.</doc>
<status status="PASS" start="2025-09-25T13:50:13.844764" elapsed="0.194050"/>
</kw>
<arg>${customers_txt_firstname}</arg>
<arg>${first_name}</arg>
<status status="PASS" start="2025-09-25T13:50:13.237341" elapsed="0.801923"/>
</kw>
<kw name="Clear And Input Text" owner="App">
<kw name="Press Keys" owner="SeleniumLibrary">
<msg time="2025-09-25T13:50:14.042290" level="INFO">Sending key(s) ('CTRL+a', 'BACKSPACE') to //input[@name="last_name"] element.</msg>
<msg time="2025-09-25T13:50:14.362942" level="INFO">Pressing special key CONTROL down.</msg>
<msg time="2025-09-25T13:50:14.363785" level="INFO">Sending key a</msg>
<msg time="2025-09-25T13:50:14.364455" level="INFO">Releasing special key CONTROL.</msg>
<msg time="2025-09-25T13:50:14.460647" level="INFO">Pressing special key BACKSPACE to element.</msg>
<msg time="2025-09-25T13:50:14.461176" level="INFO">Releasing special key BACKSPACE.</msg>
<arg>${locator}</arg>
<arg>CTRL+a</arg>
<arg>BACKSPACE</arg>
<doc>Simulates the user pressing key(s) to an element or on the active browser.</doc>
<status status="PASS" start="2025-09-25T13:50:14.040906" elapsed="0.471645"/>
</kw>
<kw name="Input Text" owner="SeleniumLibrary">
<msg time="2025-09-25T13:50:14.514984" level="INFO">Typing text 'Schulist' into text field '//input[@name="last_name"]'.</msg>
<arg>${locator}</arg>
<arg>${text}</arg>
<doc>Types the given ``text`` into the text field identified by ``locator``.</doc>
<status status="PASS" start="2025-09-25T13:50:14.513071" elapsed="0.245272"/>
</kw>
<arg>${customers_txt_lastname}</arg>
<arg>${last_name}</arg>
<status status="PASS" start="2025-09-25T13:50:14.039767" elapsed="0.719009"/>
</kw>
<kw name="Evaluate" owner="BuiltIn">
<msg time="2025-09-25T13:50:14.769661" level="INFO">${email} = karley_dach@jasper.info</msg>
<var>${email}</var>
<arg>"${user['email'].lower()}"</arg>
<doc>Evaluates the given expression in Python and returns the result.</doc>
<status status="PASS" start="2025-09-25T13:50:14.759649" elapsed="0.011530"/>
</kw>
<kw name="Clear And Input Text" owner="App">
<kw name="Press Keys" owner="SeleniumLibrary">
<msg time="2025-09-25T13:50:14.776766" level="INFO">Sending key(s) ('CTRL+a', 'BACKSPACE') to //input[@name="email"] element.</msg>
<msg time="2025-09-25T13:50:15.181658" level="INFO">Pressing special key CONTROL down.</msg>
<msg time="2025-09-25T13:50:15.182045" level="INFO">Sending key a</msg>
<msg time="2025-09-25T13:50:15.182312" level="INFO">Releasing special key CONTROL.</msg>
<msg time="2025-09-25T13:50:15.314044" level="INFO">Pressing special key BACKSPACE to element.</msg>
<msg time="2025-09-25T13:50:15.314570" level="INFO">Releasing special key BACKSPACE.</msg>
<arg>${locator}</arg>
<arg>CTRL+a</arg>
<arg>BACKSPACE</arg>
<doc>Simulates the user pressing key(s) to an element or on the active browser.</doc>
<status status="PASS" start="2025-09-25T13:50:14.774304" elapsed="0.718729"/>
</kw>
<kw name="Input Text" owner="SeleniumLibrary">
<msg time="2025-09-25T13:50:15.494370" level="INFO">Typing text 'karley_dach@jasper.info' into text field '//input[@name="email"]'.</msg>
<arg>${locator}</arg>
<arg>${text}</arg>
<doc>Types the given ``text`` into the text field identified by ``locator``.</doc>
<status status="PASS" start="2025-09-25T13:50:15.493544" elapsed="0.255696"/>
</kw>
<arg>${customers_txt_email}</arg>
<arg>${email}</arg>
<status status="PASS" start="2025-09-25T13:50:14.773159" elapsed="0.976503"/>
</kw>
<kw name="Set Date Field" owner="App">
<kw name="Press Keys" owner="SeleniumLibrary">
<msg time="2025-09-25T13:50:15.753176" level="INFO">Sending key(s) ('TAB', 'DELETE') to //input[@name="birthday"] element.</msg>
<msg time="2025-09-25T13:50:16.103343" level="INFO">Pressing special key TAB to element.</msg>
<msg time="2025-09-25T13:50:16.103823" level="INFO">Releasing special key TAB.</msg>
<msg time="2025-09-25T13:50:16.173120" level="INFO">Pressing special key DELETE to element.</msg>
<msg time="2025-09-25T13:50:16.177599" level="INFO">Releasing special key DELETE.</msg>
<arg>${locator}</arg>
<arg>TAB</arg>
<arg>DELETE</arg>
<doc>Simulates the user pressing key(s) to an element or on the active browser.</doc>
<status status="PASS" start="2025-09-25T13:50:15.751718" elapsed="0.579654"/>
</kw>
<kw name="Press Keys" owner="SeleniumLibrary">
<msg time="2025-09-25T13:50:16.343010" level="INFO">Sending key(s) ('TAB', 'DELETE') to //input[@name="birthday"] element.</msg>
<msg time="2025-09-25T13:50:16.717930" level="INFO">Pressing special key TAB to element.</msg>
<msg time="2025-09-25T13:50:16.719008" level="INFO">Releasing special key TAB.</msg>
<msg time="2025-09-25T13:50:16.766137" level="INFO">Pressing special key DELETE to element.</msg>
<msg time="2025-09-25T13:50:16.767986" level="INFO">Releasing special key DELETE.</msg>
<arg>${locator}</arg>
<arg>TAB</arg>
<arg>DELETE</arg>
<doc>Simulates the user pressing key(s) to an element or on the active browser.</doc>
<status status="PASS" start="2025-09-25T13:50:16.331894" elapsed="0.467963"/>
</kw>
<kw name="Press Keys" owner="SeleniumLibrary">
<msg time="2025-09-25T13:50:16.801701" level="INFO">Sending key(s) ('TAB', 'DELETE') to //input[@name="birthday"] element.</msg>
<msg time="2025-09-25T13:50:17.109194" level="INFO">Pressing special key TAB to element.</msg>
<msg time="2025-09-25T13:50:17.109918" level="INFO">Releasing special key TAB.</msg>
<msg time="2025-09-25T13:50:17.134722" level="INFO">Pressing special key DELETE to element.</msg>
<msg time="2025-09-25T13:50:17.135123" level="INFO">Releasing special key DELETE.</msg>
<arg>${locator}</arg>
<arg>TAB</arg>
<arg>DELETE</arg>
<doc>Simulates the user pressing key(s) to an element or on the active browser.</doc>
<status status="PASS" start="2025-09-25T13:50:16.800496" elapsed="0.348798"/>
</kw>
<kw name="Input Text" owner="SeleniumLibrary">
<msg time="2025-09-25T13:50:17.150346" level="INFO">Typing text '06/06/2002' into text field '//input[@name="birthday"]'.</msg>
<arg>${locator}</arg>
<arg>${date}</arg>
<doc>Types the given ``text`` into the text field identified by ``locator``.</doc>
<status status="PASS" start="2025-09-25T13:50:17.149744" elapsed="0.167936"/>
</kw>
<kw name="Press Keys" owner="SeleniumLibrary">
<msg time="2025-09-25T13:50:17.319307" level="INFO">Sending key(s) ('TAB',) to //input[@name="birthday"] element.</msg>
<msg time="2025-09-25T13:50:17.625343" level="INFO">Pressing special key TAB to element.</msg>
<msg time="2025-09-25T13:50:17.626063" level="INFO">Releasing special key TAB.</msg>
<arg>${locator}</arg>
<arg>TAB</arg>
<doc>Simulates the user pressing key(s) to an element or on the active browser.</doc>
<status status="PASS" start="2025-09-25T13:50:17.318276" elapsed="0.343456"/>
</kw>
<arg>${customers_txt_birthday}</arg>
<arg>${user["birthday"]}</arg>
<status status="PASS" start="2025-09-25T13:50:15.750100" elapsed="1.912489"/>
</kw>
<kw name="Clear And Input Text" owner="App">
<kw name="Press Keys" owner="SeleniumLibrary">
<msg time="2025-09-25T13:50:17.674270" level="INFO">Sending key(s) ('CTRL+a', 'BACKSPACE') to //textArea[@name="address"] element.</msg>
<msg time="2025-09-25T13:50:18.005283" level="INFO">Pressing special key CONTROL down.</msg>
<msg time="2025-09-25T13:50:18.005705" level="INFO">Sending key a</msg>
<msg time="2025-09-25T13:50:18.006011" level="INFO">Releasing special key CONTROL.</msg>
<msg time="2025-09-25T13:50:18.040294" level="INFO">Pressing special key BACKSPACE to element.</msg>
<msg time="2025-09-25T13:50:18.040668" level="INFO">Releasing special key BACKSPACE.</msg>
<arg>${locator}</arg>
<arg>CTRL+a</arg>
<arg>BACKSPACE</arg>
<doc>Simulates the user pressing key(s) to an element or on the active browser.</doc>
<status status="PASS" start="2025-09-25T13:50:17.670645" elapsed="0.406177"/>
</kw>
<kw name="Input Text" owner="SeleniumLibrary">
<msg time="2025-09-25T13:50:18.078518" level="INFO">Typing text 'Norberto Crossing Apt. 950' into text field '//textArea[@name="address"]'.</msg>
<arg>${locator}</arg>
<arg>${text}</arg>
<doc>Types the given ``text`` into the text field identified by ``locator``.</doc>
<status status="PASS" start="2025-09-25T13:50:18.077885" elapsed="0.266659"/>
</kw>
<arg>${customers_txt_address}</arg>
<arg>${user["address"]["street"]} ${user["address"]["suite"]}</arg>
<status status="PASS" start="2025-09-25T13:50:17.664068" elapsed="0.680885"/>
</kw>
<kw name="Clear And Input Text" owner="App">
<kw name="Press Keys" owner="SeleniumLibrary">
<msg time="2025-09-25T13:50:18.348624" level="INFO">Sending key(s) ('CTRL+a', 'BACKSPACE') to //input[@name="city"] element.</msg>
<msg time="2025-09-25T13:50:18.703376" level="INFO">Pressing special key CONTROL down.</msg>
<msg time="2025-09-25T13:50:18.704069" level="INFO">Sending key a</msg>
<msg time="2025-09-25T13:50:18.706741" level="INFO">Releasing special key CONTROL.</msg>
<msg time="2025-09-25T13:50:18.772191" level="INFO">Pressing special key BACKSPACE to element.</msg>
[...]
</kw>
<kw name="Evaluate" owner="BuiltIn">
<msg time="2025-09-25T13:51:22.227065" level="INFO">${total} = 1620.33</msg>
<var>${total}</var>
<arg>${total} + ${amount}</arg>
<doc>Evaluates the given expression in Python and returns the result.</doc>
<status status="PASS" start="2025-09-25T13:51:22.226106" elapsed="0.006448"/>
</kw>
<var name="${i}">15</var>
<status status="PASS" start="2025-09-25T13:51:22.143067" elapsed="0.089763"/>
</iter>
<iter>
<kw name="Get Text" owner="SeleniumLibrary">
<msg time="2025-09-25T13:51:22.299837" level="INFO">${total_spent} = $0.00</msg>
<var>${total_spent}</var>
<arg>(${table_row})[${i}]/td[5]</arg>
<doc>Returns the text value of the element identified by ``locator``.</doc>
<status status="PASS" start="2025-09-25T13:51:22.233603" elapsed="0.066544"/>
</kw>
<kw name="Evaluate" owner="BuiltIn">
<msg time="2025-09-25T13:51:22.306587" level="INFO">${amount} = 0.0</msg>
<var>${amount}</var>
<arg>float("${total_spent}".replace('$','').replace(',','').strip())</arg>
<doc>Evaluates the given expression in Python and returns the result.</doc>
<status status="PASS" start="2025-09-25T13:51:22.300593" elapsed="0.006268"/>
</kw>
<kw name="Evaluate" owner="BuiltIn">
<msg time="2025-09-25T13:51:22.307988" level="INFO">${total} = 1620.33</msg>
<var>${total}</var>
<arg>${total} + ${amount}</arg>
<doc>Evaluates the given expression in Python and returns the result.</doc>
<status status="PASS" start="2025-09-25T13:51:22.307294" elapsed="0.004191"/>
</kw>
<var name="${i}">16</var>
<status status="PASS" start="2025-09-25T13:51:22.233203" elapsed="0.078595"/>
</iter>
<iter>
<kw name="Get Text" owner="SeleniumLibrary">
<msg time="2025-09-25T13:51:22.374015" level="INFO">${total_spent} = $157.78</msg>
<var>${total_spent}</var>
<arg>(${table_row})[${i}]/td[5]</arg>
<doc>Returns the text value of the element identified by ``locator``.</doc>
<status status="PASS" start="2025-09-25T13:51:22.312559" elapsed="0.061776"/>
</kw>
<kw name="Evaluate" owner="BuiltIn">
<msg time="2025-09-25T13:51:22.375626" level="INFO">${amount} = 157.78</msg>
<var>${amount}</var>
<arg>float("${total_spent}".replace('$','').replace(',','').strip())</arg>
<doc>Evaluates the given expression in Python and returns the result.</doc>
<status status="PASS" start="2025-09-25T13:51:22.374741" elapsed="0.001186"/>
</kw>
<kw name="Evaluate" owner="BuiltIn">
<msg time="2025-09-25T13:51:22.377285" level="INFO">${total} = 1778.11</msg>
<var>${total}</var>
<arg>${total} + ${amount}</arg>
<doc>Evaluates the given expression in Python and returns the result.</doc>
<status status="PASS" start="2025-09-25T13:51:22.376479" elapsed="0.001076"/>
</kw>
<var name="${i}">17</var>
<status status="PASS" start="2025-09-25T13:51:22.312166" elapsed="0.065610"/>
</iter>
<iter>
<kw name="Get Text" owner="SeleniumLibrary">
<msg time="2025-09-25T13:51:22.444185" level="INFO">${total_spent} = $373.25</msg>
<var>${total_spent}</var>
<arg>(${table_row})[${i}]/td[5]</arg>
<doc>Returns the text value of the element identified by ``locator``.</doc>
<status status="PASS" start="2025-09-25T13:51:22.378507" elapsed="0.065988"/>
</kw>
<kw name="Evaluate" owner="BuiltIn">
<msg time="2025-09-25T13:51:22.445642" level="INFO">${amount} = 373.25</msg>
<var>${amount}</var>
<arg>float("${total_spent}".replace('$','').replace(',','').strip())</arg>
<doc>Evaluates the given expression in Python and returns the result.</doc>
<status status="PASS" start="2025-09-25T13:51:22.444879" elapsed="0.001000"/>
</kw>
<kw name="Evaluate" owner="BuiltIn">
<msg time="2025-09-25T13:51:22.446857" level="INFO">${total} = 2151.3599999999997</msg>
<var>${total}</var>
<arg>${total} + ${amount}</arg>
<doc>Evaluates the given expression in Python and returns the result.</doc>
<status status="PASS" start="2025-09-25T13:51:22.446248" elapsed="0.000832"/>
</kw>
<var name="${i}">18</var>
<status status="PASS" start="2025-09-25T13:51:22.378129" elapsed="0.069168"/>
</iter>
<iter>
<kw name="Get Text" owner="SeleniumLibrary">
<msg time="2025-09-25T13:51:22.484332" level="INFO">${total_spent} = $0.00</msg>
<var>${total_spent}</var>
<arg>(${table_row})[${i}]/td[5]</arg>
<doc>Returns the text value of the element identified by ``locator``.</doc>
<status status="PASS" start="2025-09-25T13:51:22.447953" elapsed="0.036660"/>
</kw>
<kw name="Evaluate" owner="BuiltIn">
<msg time="2025-09-25T13:51:22.485739" level="INFO">${amount} = 0.0</msg>
<var>${amount}</var>
<arg>float("${total_spent}".replace('$','').replace(',','').strip())</arg>
<doc>Evaluates the given expression in Python and returns the result.</doc>
<status status="PASS" start="2025-09-25T13:51:22.484993" elapsed="0.000964"/>
</kw>
<kw name="Evaluate" owner="BuiltIn">
<msg time="2025-09-25T13:51:22.487517" level="INFO">${total} = 2151.3599999999997</msg>
<var>${total}</var>
<arg>${total} + ${amount}</arg>
<doc>Evaluates the given expression in Python and returns the result.</doc>
<status status="PASS" start="2025-09-25T13:51:22.486698" elapsed="0.001109"/>
</kw>
<var name="${i}">19</var>
<status status="PASS" start="2025-09-25T13:51:22.447625" elapsed="0.040604"/>
</iter>
<iter>
<kw name="Get Text" owner="SeleniumLibrary">
<msg time="2025-09-25T13:51:22.525646" level="INFO">${total_spent} = $0.00</msg>
<var>${total_spent}</var>
<arg>(${table_row})[${i}]/td[5]</arg>
<doc>Returns the text value of the element identified by ``locator``.</doc>
<status status="PASS" start="2025-09-25T13:51:22.489072" elapsed="0.036891"/>
</kw>
<kw name="Evaluate" owner="BuiltIn">
<msg time="2025-09-25T13:51:22.527129" level="INFO">${amount} = 0.0</msg>
<var>${amount}</var>
<arg>float("${total_spent}".replace('$','').replace(',','').strip())</arg>
<doc>Evaluates the given expression in Python and returns the result.</doc>
<status status="PASS" start="2025-09-25T13:51:22.526377" elapsed="0.001013"/>
</kw>
<kw name="Evaluate" owner="BuiltIn">
<msg time="2025-09-25T13:51:22.528423" level="INFO">${total} = 2151.3599999999997</msg>
<var>${total}</var>
<arg>${total} + ${amount}</arg>
<doc>Evaluates the given expression in Python and returns the result.</doc>
<status status="PASS" start="2025-09-25T13:51:22.527759" elapsed="0.000890"/>
</kw>
<var name="${i}">20</var>
<status status="PASS" start="2025-09-25T13:51:22.488647" elapsed="0.040201"/>
</iter>
<iter>
<kw name="Get Text" owner="SeleniumLibrary">
<msg time="2025-09-25T13:51:22.561779" level="INFO">${total_spent} = $0.00</msg>
<var>${total_spent}</var>
<arg>(${table_row})[${i}]/td[5]</arg>
<doc>Returns the text value of the element identified by ``locator``.</doc>
<status status="PASS" start="2025-09-25T13:51:22.529550" elapsed="0.032496"/>
</kw>
<kw name="Evaluate" owner="BuiltIn">
<msg time="2025-09-25T13:51:22.563159" level="INFO">${amount} = 0.0</msg>
<var>${amount}</var>
<arg>float("${total_spent}".replace('$','').replace(',','').strip())</arg>
<doc>Evaluates the given expression in Python and returns the result.</doc>
<status status="PASS" start="2025-09-25T13:51:22.562446" elapsed="0.000957"/>
</kw>
<kw name="Evaluate" owner="BuiltIn">
<msg time="2025-09-25T13:51:22.564431" level="INFO">${total} = 2151.3599999999997</msg>
<var>${total}</var>
<arg>${total} + ${amount}</arg>
<doc>Evaluates the given expression in Python and returns the result.</doc>
<status status="PASS" start="2025-09-25T13:51:22.563766" elapsed="0.000881"/>
</kw>
<var name="${i}">21</var>
<status status="PASS" start="2025-09-25T13:51:22.529184" elapsed="0.035656"/>
</iter>
<iter>
<kw name="Get Text" owner="SeleniumLibrary">
<msg time="2025-09-25T13:51:22.596656" level="INFO">${total_spent} = $0.00</msg>
<var>${total_spent}</var>
<arg>(${table_row})[${i}]/td[5]</arg>
<doc>Returns the text value of the element identified by ``locator``.</doc>
<status status="PASS" start="2025-09-25T13:51:22.565521" elapsed="0.031461"/>
</kw>
<kw name="Evaluate" owner="BuiltIn">
<msg time="2025-09-25T13:51:22.598256" level="INFO">${amount} = 0.0</msg>
<var>${amount}</var>
<arg>float("${total_spent}".replace('$','').replace(',','').strip())</arg>
<doc>Evaluates the given expression in Python and returns the result.</doc>
<status status="PASS" start="2025-09-25T13:51:22.597448" elapsed="0.001046"/>
</kw>
<kw name="Evaluate" owner="BuiltIn">
<msg time="2025-09-25T13:51:22.599477" level="INFO">${total} = 2151.3599999999997</msg>
<var>${total}</var>
<arg>${total} + ${amount}</arg>
<doc>Evaluates the given expression in Python and returns the result.</doc>
<status status="PASS" start="2025-09-25T13:51:22.598849" elapsed="0.000839"/>
</kw>
<var name="${i}">22</var>
<status status="PASS" start="2025-09-25T13:51:22.565167" elapsed="0.034708"/>
</iter>
<iter>
<kw name="Get Text" owner="SeleniumLibrary">
<msg time="2025-09-25T13:51:22.631010" level="INFO">${total_spent} = $0.00</msg>
<var>${total_spent}</var>
<arg>(${table_row})[${i}]/td[5]</arg>
<doc>Returns the text value of the element identified by ``locator``.</doc>
<status status="PASS" start="2025-09-25T13:51:22.600542" elapsed="0.030810"/>
</kw>
<kw name="Evaluate" owner="BuiltIn">
<msg time="2025-09-25T13:51:22.632671" level="INFO">${amount} = 0.0</msg>
<var>${amount}</var>
<arg>float("${total_spent}".replace('$','').replace(',','').strip())</arg>
<doc>Evaluates the given expression in Python and returns the result.</doc>
<status status="PASS" start="2025-09-25T13:51:22.631790" elapsed="0.001168"/>
</kw>
<kw name="Evaluate" owner="BuiltIn">
<msg time="2025-09-25T13:51:22.634208" level="INFO">${total} = 2151.3599999999997</msg>
<var>${total}</var>
<arg>${total} + ${amount}</arg>
<doc>Evaluates the given expression in Python and returns the result.</doc>
<status status="PASS" start="2025-09-25T13:51:22.633421" elapsed="0.001093"/>
</kw>
<var name="${i}">23</var>
<status status="PASS" start="2025-09-25T13:51:22.600199" elapsed="0.034570"/>
</iter>
<iter>
<kw name="Get Text" owner="SeleniumLibrary">
<msg time="2025-09-25T13:51:22.665395" level="INFO">${total_spent} = $394.92</msg>
<var>${total_spent}</var>
<arg>(${table_row})[${i}]/td[5]</arg>
<doc>Returns the text value of the element identified by ``locator``.</doc>
<status status="PASS" start="2025-09-25T13:51:22.635525" elapsed="0.030199"/>
</kw>
<kw name="Evaluate" owner="BuiltIn">
<msg time="2025-09-25T13:51:22.667099" level="INFO">${amount} = 394.92</msg>
<var>${amount}</var>
<arg>float("${total_spent}".replace('$','').replace(',','').strip())</arg>
<doc>Evaluates the given expression in Python and returns the result.</doc>
<status status="PASS" start="2025-09-25T13:51:22.666161" elapsed="0.001271"/>
</kw>
<kw name="Evaluate" owner="BuiltIn">
<msg time="2025-09-25T13:51:22.668577" level="INFO">${total} = 2546.2799999999997</msg>
<var>${total}</var>
<arg>${total} + ${amount}</arg>
<doc>Evaluates the given expression in Python and returns the result.</doc>
<status status="PASS" start="2025-09-25T13:51:22.667839" elapsed="0.000984"/>
</kw>
<var name="${i}">24</var>
<status status="PASS" start="2025-09-25T13:51:22.635139" elapsed="0.033886"/>
</iter>
<iter>
<kw name="Get Text" owner="SeleniumLibrary">
<msg time="2025-09-25T13:51:22.699292" level="INFO">${total_spent} = $0.00</msg>
<var>${total_spent}</var>
<arg>(${table_row})[${i}]/td[5]</arg>
<doc>Returns the text value of the element identified by ``locator``.</doc>
<status status="PASS" start="2025-09-25T13:51:22.669728" elapsed="0.029871"/>
</kw>
<kw name="Evaluate" owner="BuiltIn">
<msg time="2025-09-25T13:51:22.700950" level="INFO">${amount} = 0.0</msg>
<var>${amount}</var>
<arg>float("${total_spent}".replace('$','').replace(',','').strip())</arg>
<doc>Evaluates the given expression in Python and returns the result.</doc>
<status status="PASS" start="2025-09-25T13:51:22.700024" elapsed="0.001221"/>
</kw>
<kw name="Evaluate" owner="BuiltIn">
<msg time="2025-09-25T13:51:22.702465" level="INFO">${total} = 2546.2799999999997</msg>
<var>${total}</var>
<arg>${total} + ${amount}</arg>
<doc>Evaluates the given expression in Python and returns the result.</doc>
<status status="PASS" start="2025-09-25T13:51:22.701657" elapsed="0.001070"/>
</kw>
<var name="${i}">25</var>
<status status="PASS" start="2025-09-25T13:51:22.669389" elapsed="0.033554"/>
</iter>
<var>${i}</var>
<value>1</value>
<value>${row_count + 1}</value>
<status status="PASS" start="2025-09-25T13:51:21.208531" elapsed="1.494618"/>
</for>
<kw name="Evaluate" owner="BuiltIn">
<msg time="2025-09-25T13:51:22.704228" level="INFO">${formatted_total} = $2546.28</msg>
<var>${formatted_total}</var>
<arg>"$%.2f" % ${total}</arg>
<doc>Evaluates the given expression in Python and returns the result.</doc>
<status status="PASS" start="2025-09-25T13:51:22.703558" elapsed="0.000896"/>
</kw>
<kw name="Log To Console" owner="BuiltIn">
<arg>\t===================================</arg>
<doc>Logs the given message to the console.</doc>
<status status="PASS" start="2025-09-25T13:51:22.705692" elapsed="0.001251"/>
</kw>
<kw name="Log To Console" owner="BuiltIn">
<arg>\tTotal Customer Spending: ${formatted_total}</arg>
<doc>Logs the given message to the console.</doc>
<status status="PASS" start="2025-09-25T13:51:22.708416" elapsed="0.001732"/>
</kw>
<return>
<value>${total}</value>
<value>${formatted_total}</value>
<status status="PASS" start="2025-09-25T13:51:22.710477" elapsed="0.000232"/>
</return>
<msg time="2025-09-25T13:51:22.711310" level="INFO">${total} = 2546.2799999999997</msg>
<msg time="2025-09-25T13:51:22.711638" level="INFO">${formatted_total} = $2546.28</msg>
<var>${total}</var>
<var>${formatted_total}</var>
<status status="PASS" start="2025-09-25T13:51:21.097939" elapsed="1.613933"/>
</kw>
<kw name="Validate Total Spending" owner="Task_5">
<kw name="Set Variable" owner="BuiltIn">
<msg time="2025-09-25T13:51:22.718830" level="INFO">${threshold} = 3500.0</msg>
<var>${threshold}</var>
<arg>3500.0</arg>
<doc>Returns the given values which can then be assigned to a variables.</doc>
<status status="PASS" start="2025-09-25T13:51:22.716131" elapsed="0.002984"/>
</kw>
<kw name="Log To Console" owner="BuiltIn">
<arg>\t===================================\n</arg>
<doc>Logs the given message to the console.</doc>
<status status="PASS" start="2025-09-25T13:51:22.719540" elapsed="0.000563"/>
</kw>
<if>
<branch type="IF" condition="${total} &lt; ${threshold}">
<kw name="Log To Console" owner="BuiltIn">
<arg>\tFAIL: Total spending (${formatted_total}) is below minimum threshold ($3,500)</arg>
<doc>Logs the given message to the console.</doc>
<status status="PASS" start="2025-09-25T13:51:22.723324" elapsed="0.004964"/>
</kw>
<status status="PASS" start="2025-09-25T13:51:22.722586" elapsed="0.006008"/>
</branch>
<branch type="ELSE">
<kw name="Log To Console" owner="BuiltIn">
<arg>\tPASS: Total spending (${formatted_total}) meets minimum threshold ($3,500)</arg>
<doc>Logs the given message to the console.</doc>
<status status="NOT RUN" start="2025-09-25T13:51:22.729250" elapsed="0.000261"/>
</kw>
<status status="NOT RUN" start="2025-09-25T13:51:22.728814" elapsed="0.000911"/>
</branch>
<status status="PASS" start="2025-09-25T13:51:22.722510" elapsed="0.007400"/>
</if>
<kw name="Log To Console" owner="BuiltIn">
<arg>\t=================================================================\n</arg>
<doc>Logs the given message to the console.</doc>
<status status="PASS" start="2025-09-25T13:51:22.730167" elapsed="0.003103"/>
</kw>
<arg>${total}</arg>
<arg>${formatted_total}</arg>
<status status="PASS" start="2025-09-25T13:51:22.715159" elapsed="0.018486"/>
</kw>
<doc>Navigate to the customers page, calculate the total spending of all customers, and validate that the computed value matches the displayed formatted total.</doc>
<status status="PASS" start="2025-09-25T13:51:20.801683" elapsed="1.932445"/>
</test>
<kw name="Close Browser" owner="SeleniumLibrary" type="TEARDOWN">
<doc>Closes the current browser.</doc>
<status status="PASS" start="2025-09-25T13:51:22.735342" elapsed="0.423179"/>
</kw>
<status status="PASS" start="2025-09-25T13:49:23.502880" elapsed="119.655932"/>
</suite>
<statistics>
<total>
<stat pass="4" fail="0" skip="0">All Tests</stat>
</total>
<tag>
</tag>
<suite>
<stat name="Test" id="s1" pass="4" fail="0" skip="0">Test</stat>
</suite>
</statistics>
<errors>
<msg time="2025-09-25T13:50:13.060242" level="WARN">Keyword 'BuiltIn.Run Keyword Unless' is deprecated. </msg>
<msg time="2025-09-25T13:50:13.068836" level="WARN">Keyword 'BuiltIn.Run Keyword Unless' is deprecated. </msg>
<msg time="2025-09-25T13:50:13.085808" level="WARN">Keyword 'BuiltIn.Run Keyword Unless' is deprecated. </msg>
<msg time="2025-09-25T13:50:23.871635" level="WARN">Keyword 'BuiltIn.Run Keyword Unless' is deprecated. </msg>
<msg time="2025-09-25T13:50:23.897870" level="WARN">Keyword 'BuiltIn.Run Keyword Unless' is deprecated. </msg>
<msg time="2025-09-25T13:50:23.944890" level="WARN">Keyword 'BuiltIn.Run Keyword Unless' is deprecated. </msg>
<msg time="2025-09-25T13:50:23.960415" level="WARN">Keyword 'BuiltIn.Run Keyword Unless' is deprecated. </msg>
<msg time="2025-09-25T13:50:23.978708" level="WARN">Keyword 'BuiltIn.Run Keyword Unless' is deprecated. </msg>
<msg time="2025-09-25T13:50:24.660008" level="WARN">Keyword 'BuiltIn.Run Keyword Unless' is deprecated. </msg>
<msg time="2025-09-25T13:50:24.676475" level="WARN">Keyword 'BuiltIn.Run Keyword Unless' is deprecated. </msg>
<msg time="2025-09-25T13:50:35.151195" level="WARN">Keyword 'BuiltIn.Run Keyword Unless' is deprecated. </msg>
<msg time="2025-09-25T13:50:35.156799" level="WARN">Keyword 'BuiltIn.Run Keyword Unless' is deprecated. </msg>
<msg time="2025-09-25T13:50:35.201873" level="WARN">Keyword 'BuiltIn.Run Keyword Unless' is deprecated. </msg>
<msg time="2025-09-25T13:50:35.216490" level="WARN">Keyword 'BuiltIn.Run Keyword Unless' is deprecated. </msg>
<msg time="2025-09-25T13:50:35.892054" level="WARN">Keyword 'BuiltIn.Run Keyword Unless' is deprecated. </msg>
<msg time="2025-09-25T13:50:35.901532" level="WARN">Keyword 'BuiltIn.Run Keyword Unless' is deprecated. </msg>
<msg time="2025-09-25T13:50:35.908989" level="WARN">Keyword 'BuiltIn.Run Keyword Unless' is deprecated. </msg>
<msg time="2025-09-25T13:50:46.383270" level="WARN">Keyword 'BuiltIn.Run Keyword Unless' is deprecated. </msg>
<msg time="2025-09-25T13:50:46.403772" level="WARN">Keyword 'BuiltIn.Run Keyword Unless' is deprecated. </msg>
<msg time="2025-09-25T13:50:46.479237" level="WARN">Keyword 'BuiltIn.Run Keyword Unless' is deprecated. </msg>
<msg time="2025-09-25T13:50:46.501925" level="WARN">Keyword 'BuiltIn.Run Keyword Unless' is deprecated. </msg>
<msg time="2025-09-25T13:50:46.529747" level="WARN">Keyword 'BuiltIn.Run Keyword Unless' is deprecated. </msg>
<msg time="2025-09-25T13:50:47.229769" level="WARN">Keyword 'BuiltIn.Run Keyword Unless' is deprecated. </msg>
<msg time="2025-09-25T13:50:47.239772" level="WARN">Keyword 'BuiltIn.Run Keyword Unless' is deprecated. </msg>
<msg time="2025-09-25T13:50:57.429777" level="WARN">Keyword 'BuiltIn.Run Keyword Unless' is deprecated. </msg>
<msg time="2025-09-25T13:50:57.442659" level="WARN">Keyword 'BuiltIn.Run Keyword Unless' is deprecated. </msg>
<msg time="2025-09-25T13:50:57.469145" level="WARN">Keyword 'BuiltIn.Run Keyword Unless' is deprecated. </msg>
<msg time="2025-09-25T13:50:57.491758" level="WARN">Keyword 'BuiltIn.Run Keyword Unless' is deprecated. </msg>
<msg time="2025-09-25T13:50:58.354998" level="WARN">Keyword 'BuiltIn.Run Keyword Unless' is deprecated. </msg>
<msg time="2025-09-25T13:50:58.408794" level="WARN">Keyword 'BuiltIn.Run Keyword Unless' is deprecated. </msg>
<msg time="2025-09-25T13:51:08.871673" level="WARN">Keyword 'BuiltIn.Run Keyword Unless' is deprecated. </msg>
<msg time="2025-09-25T13:51:08.904243" level="WARN">Keyword 'BuiltIn.Run Keyword Unless' is deprecated. </msg>
<msg time="2025-09-25T13:51:08.965998" level="WARN">Keyword 'BuiltIn.Run Keyword Unless' is deprecated. </msg>
<msg time="2025-09-25T13:51:08.986232" level="WARN">Keyword 'BuiltIn.Run Keyword Unless' is deprecated. </msg>
</errors>
</robot>
