<?xml version="1.0" encoding="UTF-8"?>
<robot generator="Robot 7.3.2 (Python 3.13.7 on darwin)" generated="2025-09-25T15:12:00.620531" rpa="false" schemaversion="5">
<suite id="s1" name="Test" source="/Users/neru/robot-training/tests/test.robot">
<kw name="Launch Browser" owner="App" type="SETUP">
<kw name="Open Browser" owner="SeleniumLibrary">
<msg time="2025-09-25T15:12:00.706392" level="INFO">Opening browser 'chrome' to base url 'https://marmelab.com/react-admin-demo/'.</msg>
<arg>${url}</arg>
<arg>chrome</arg>
<arg>options=add_argument("--start-maximized")</arg>
<doc>Opens a new browser instance to the optional ``url``.</doc>
<status status="PASS" start="2025-09-25T15:12:00.706232" elapsed="2.685896"/>
</kw>
<kw name="Wait Until Keyword Succeeds" owner="BuiltIn">
<kw name="Wait Until Element Is Visible" owner="SeleniumLibrary">
<arg>${element_to_wait}</arg>
<doc>Waits until the element ``locator`` is visible.</doc>
<status status="PASS" start="2025-09-25T15:12:03.392923" elapsed="0.449011"/>
</kw>
<arg>5x</arg>
<arg>.5s</arg>
<arg>Wait Until Element Is Visible</arg>
<arg>${element_to_wait}</arg>
<doc>Runs the specified keyword and retries if it fails.</doc>
<status status="PASS" start="2025-09-25T15:12:03.392604" elapsed="0.449448"/>
</kw>
<arg>${URL}</arg>
<status status="PASS" start="2025-09-25T15:12:00.705635" elapsed="3.136494"/>
</kw>
<test id="s1-t1" name="TEST-000005" line="35">
<kw name="Login User" owner="App">
<kw name="Input Text" owner="SeleniumLibrary">
<msg time="2025-09-25T15:12:03.843238" level="INFO">Typing text 'demo' into text field '//input[@name="username"]'.</msg>
<arg>${login_txt_username}</arg>
<arg>${username}</arg>
<doc>Types the given ``text`` into the text field identified by ``locator``.</doc>
<status status="PASS" start="2025-09-25T15:12:03.843063" elapsed="0.092738"/>
</kw>
<kw name="Input Text" owner="SeleniumLibrary">
<msg time="2025-09-25T15:12:03.936594" level="INFO">Typing text 'demo' into text field '//input[@name="password"]'.</msg>
<arg>${login_txt_password}</arg>
<arg>${password}</arg>
<doc>Types the given ``text`` into the text field identified by ``locator``.</doc>
<status status="PASS" start="2025-09-25T15:12:03.936100" elapsed="0.048740"/>
</kw>
<kw name="Click Button" owner="SeleniumLibrary">
<msg time="2025-09-25T15:12:03.985216" level="INFO">Clicking button '//button[@type="submit"]'.</msg>
<arg>${login_btn_submit}</arg>
<doc>Clicks the button identified by ``locator``.</doc>
<status status="PASS" start="2025-09-25T15:12:03.985022" elapsed="0.042403"/>
</kw>
<kw name="Run Keyword And Return Status" owner="BuiltIn">
<kw name="Wait Until Element Is Visible" owner="SeleniumLibrary">
<msg time="2025-09-25T15:12:06.454529" level="INFO" html="true">&lt;/td&gt;&lt;/tr&gt;&lt;tr&gt;&lt;td colspan="3"&gt;&lt;a href="selenium-screenshot-13.png"&gt;&lt;img src="selenium-screenshot-13.png" width="800px"&gt;&lt;/a&gt;</msg>
<msg time="2025-09-25T15:12:06.454705" level="FAIL">Element '//h6[text()="Dashboard"]' not visible after 2 seconds.</msg>
<arg>${dashboard_hdr}</arg>
<arg>timeout=2s</arg>
<doc>Waits until the element ``locator`` is visible.</doc>
<status status="FAIL" start="2025-09-25T15:12:04.027796" elapsed="2.429743">Element '//h6[text()="Dashboard"]' not visible after 2 seconds.</status>
</kw>
<msg time="2025-09-25T15:12:06.457667" level="INFO">${status} = False</msg>
<var>${status}</var>
<arg>Wait Until Element Is Visible</arg>
<arg>${dashboard_hdr}</arg>
<arg>timeout=2s</arg>
<doc>Runs the given keyword with given arguments and returns the status as a Boolean value.</doc>
<status status="PASS" start="2025-09-25T15:12:04.027622" elapsed="2.430085"/>
</kw>
<if>
<branch type="IF" condition="${status}">
<kw name="Log To Console" owner="BuiltIn">
<arg>Login successful</arg>
<doc>Logs the given message to the console.</doc>
<status status="NOT RUN" start="2025-09-25T15:12:06.457930" elapsed="0.000045"/>
</kw>
<status status="NOT RUN" start="2025-09-25T15:12:06.457793" elapsed="0.000225"/>
</branch>
<branch type="ELSE">
<kw name="Log To Console" owner="BuiltIn">
<arg>Login failed</arg>
<doc>Logs the given message to the console.</doc>
<status status="PASS" start="2025-09-25T15:12:06.458130" elapsed="0.000131"/>
</kw>
<status status="PASS" start="2025-09-25T15:12:06.458061" elapsed="0.000243"/>
</branch>
<status status="PASS" start="2025-09-25T15:12:06.457772" elapsed="0.000570"/>
</if>
<status status="PASS" start="2025-09-25T15:12:03.842809" elapsed="2.615568"/>
</kw>
<kw name="Go To Customers Page" owner="App">
<kw name="Click Element" owner="SeleniumLibrary">
<msg time="2025-09-25T15:12:06.458987" level="INFO">Clicking element '(//p[text()="Customers"])[2]'.</msg>
<arg>${nav_btn_customers}</arg>
<doc>Click the element identified by ``locator``.</doc>
<status status="PASS" start="2025-09-25T15:12:06.458799" elapsed="0.060460"/>
</kw>
<kw name="Wait Until Element Is Visible" owner="SeleniumLibrary">
<arg>${table_row}</arg>
<doc>Waits until the element ``locator`` is visible.</doc>
<status status="PASS" start="2025-09-25T15:12:06.519440" elapsed="0.457598"/>
</kw>
<status status="PASS" start="2025-09-25T15:12:06.458620" elapsed="0.518545"/>
</kw>
<kw name="Calculate Total Spending" owner="Task_5">
<kw name="Get Element Count" owner="SeleniumLibrary">
<msg time="2025-09-25T15:12:06.982614" level="INFO">${row_count} = 25</msg>
<var>${row_count}</var>
<arg>${table_row}</arg>
<doc>Returns the number of elements matching ``locator``.</doc>
<status status="PASS" start="2025-09-25T15:12:06.977763" elapsed="0.005116"/>
</kw>
<kw name="Set Variable" owner="BuiltIn">
<msg time="2025-09-25T15:12:06.983178" level="INFO">${total} = 0.0</msg>
<var>${total}</var>
<arg>0.0</arg>
<doc>Returns the given values which can then be assigned to a variables.</doc>
<status status="PASS" start="2025-09-25T15:12:06.983026" elapsed="0.000211"/>
</kw>
<for flavor="IN RANGE">
<iter>
<kw name="Get Text" owner="SeleniumLibrary">
<msg time="2025-09-25T15:12:06.995770" level="INFO">${total_spent} = $0.00</msg>
<var>${total_spent}</var>
<arg>(${table_row})[${i}]/td[5]</arg>
<doc>Returns the text value of the element identified by ``locator``.</doc>
<status status="PASS" start="2025-09-25T15:12:06.983953" elapsed="0.011971"/>
</kw>
<kw name="Evaluate" owner="BuiltIn">
<msg time="2025-09-25T15:12:06.996311" level="INFO">${amount} = 0.0</msg>
<var>${amount}</var>
<arg>float("${total_spent}".replace('$','').replace(',','').strip())</arg>
<doc>Evaluates the given expression in Python and returns the result.</doc>
<status status="PASS" start="2025-09-25T15:12:06.996072" elapsed="0.000295"/>
</kw>
<kw name="Evaluate" owner="BuiltIn">
<msg time="2025-09-25T15:12:06.996597" level="INFO">${total} = 0.0</msg>
<var>${total}</var>
<arg>${total} + ${amount}</arg>
<doc>Evaluates the given expression in Python and returns the result.</doc>
<status status="PASS" start="2025-09-25T15:12:06.996454" elapsed="0.000187"/>
</kw>
<var name="${i}">1</var>
<status status="PASS" start="2025-09-25T15:12:06.983835" elapsed="0.012871"/>
</iter>
<iter>
<kw name="Get Text" owner="SeleniumLibrary">
<msg time="2025-09-25T15:12:07.006705" level="INFO">${total_spent} = $0.00</msg>
<var>${total_spent}</var>
<arg>(${table_row})[${i}]/td[5]</arg>
<doc>Returns the text value of the element identified by ``locator``.</doc>
<status status="PASS" start="2025-09-25T15:12:06.997024" elapsed="0.009756"/>
</kw>
<kw name="Evaluate" owner="BuiltIn">
<msg time="2025-09-25T15:12:07.007079" level="INFO">${amount} = 0.0</msg>
<var>${amount}</var>
<arg>float("${total_spent}".replace('$','').replace(',','').strip())</arg>
<doc>Evaluates the given expression in Python and returns the result.</doc>
<status status="PASS" start="2025-09-25T15:12:07.006885" elapsed="0.000238"/>
</kw>
<kw name="Evaluate" owner="BuiltIn">
<msg time="2025-09-25T15:12:07.007338" level="INFO">${total} = 0.0</msg>
<var>${total}</var>
<arg>${total} + ${amount}</arg>
<doc>Evaluates the given expression in Python and returns the result.</doc>
<status status="PASS" start="2025-09-25T15:12:07.007199" elapsed="0.000179"/>
</kw>
<var name="${i}">2</var>
<status status="PASS" start="2025-09-25T15:12:06.996832" elapsed="0.010586"/>
</iter>
<iter>
<kw name="Get Text" owner="SeleniumLibrary">
<msg time="2025-09-25T15:12:07.016265" level="INFO">${total_spent} = $340.45</msg>
<var>${total_spent}</var>
<arg>(${table_row})[${i}]/td[5]</arg>
<doc>Returns the text value of the element identified by ``locator``.</doc>
<status status="PASS" start="2025-09-25T15:12:07.007635" elapsed="0.008710"/>
</kw>
<kw name="Evaluate" owner="BuiltIn">
<msg time="2025-09-25T15:12:07.016610" level="INFO">${amount} = 340.45</msg>
<var>${amount}</var>
<arg>float("${total_spent}".replace('$','').replace(',','').strip())</arg>
<doc>Evaluates the given expression in Python and returns the result.</doc>
<status status="PASS" start="2025-09-25T15:12:07.016437" elapsed="0.000219"/>
</kw>
<kw name="Evaluate" owner="BuiltIn">
<msg time="2025-09-25T15:12:07.016845" level="INFO">${total} = 340.45</msg>
<var>${total}</var>
<arg>${total} + ${amount}</arg>
<doc>Evaluates the given expression in Python and returns the result.</doc>
<status status="PASS" start="2025-09-25T15:12:07.016726" elapsed="0.000159"/>
</kw>
<var name="${i}">3</var>
<status status="PASS" start="2025-09-25T15:12:07.007557" elapsed="0.009366"/>
</iter>
<iter>
<kw name="Get Text" owner="SeleniumLibrary">
<msg time="2025-09-25T15:12:07.025431" level="INFO">${total_spent} = $893.70</msg>
<var>${total_spent}</var>
<arg>(${table_row})[${i}]/td[5]</arg>
<doc>Returns the text value of the element identified by ``locator``.</doc>
<status status="PASS" start="2025-09-25T15:12:07.017069" elapsed="0.008436"/>
</kw>
<kw name="Evaluate" owner="BuiltIn">
<msg time="2025-09-25T15:12:07.025758" level="INFO">${amount} = 893.7</msg>
<var>${amount}</var>
<arg>float("${total_spent}".replace('$','').replace(',','').strip())</arg>
<doc>Evaluates the given expression in Python and returns the result.</doc>
<status status="PASS" start="2025-09-25T15:12:07.025590" elapsed="0.000210"/>
</kw>
<kw name="Evaluate" owner="BuiltIn">
<msg time="2025-09-25T15:12:07.025983" level="INFO">${total} = 1234.15</msg>
<var>${total}</var>
<arg>${total} + ${amount}</arg>
<doc>Evaluates the given expression in Python and returns the result.</doc>
<status status="PASS" start="2025-09-25T15:12:07.025869" elapsed="0.000153"/>
</kw>
<var name="${i}">4</var>
<status status="PASS" start="2025-09-25T15:12:07.017002" elapsed="0.009055"/>
</iter>
<iter>
<kw name="Get Text" owner="SeleniumLibrary">
<msg time="2025-09-25T15:12:07.034698" level="INFO">${total_spent} = $0.00</msg>
<var>${total_spent}</var>
<arg>(${table_row})[${i}]/td[5]</arg>
<doc>Returns the text value of the element identified by ``locator``.</doc>
<status status="PASS" start="2025-09-25T15:12:07.026192" elapsed="0.008576"/>
</kw>
<kw name="Evaluate" owner="BuiltIn">
<msg time="2025-09-25T15:12:07.035011" level="INFO">${amount} = 0.0</msg>
<var>${amount}</var>
<arg>float("${total_spent}".replace('$','').replace(',','').strip())</arg>
<doc>Evaluates the given expression in Python and returns the result.</doc>
<status status="PASS" start="2025-09-25T15:12:07.034854" elapsed="0.000196"/>
</kw>
<kw name="Evaluate" owner="BuiltIn">
<msg time="2025-09-25T15:12:07.035233" level="INFO">${total} = 1234.15</msg>
<var>${total}</var>
<arg>${total} + ${amount}</arg>
<doc>Evaluates the given expression in Python and returns the result.</doc>
<status status="PASS" start="2025-09-25T15:12:07.035119" elapsed="0.000150"/>
</kw>
<var name="${i}">5</var>
<status status="PASS" start="2025-09-25T15:12:07.026127" elapsed="0.009179"/>
</iter>
<iter>
<kw name="Get Text" owner="SeleniumLibrary">
<msg time="2025-09-25T15:12:07.043352" level="INFO">${total_spent} = $0.00</msg>
<var>${total_spent}</var>
<arg>(${table_row})[${i}]/td[5]</arg>
<doc>Returns the text value of the element identified by ``locator``.</doc>
<status status="PASS" start="2025-09-25T15:12:07.035443" elapsed="0.007978"/>
</kw>
<kw name="Evaluate" owner="BuiltIn">
<msg time="2025-09-25T15:12:07.043653" level="INFO">${amount} = 0.0</msg>
<var>${amount}</var>
<arg>float("${total_spent}".replace('$','').replace(',','').strip())</arg>
<doc>Evaluates the given expression in Python and returns the result.</doc>
<status status="PASS" start="2025-09-25T15:12:07.043503" elapsed="0.000190"/>
</kw>
<kw name="Evaluate" owner="BuiltIn">
<msg time="2025-09-25T15:12:07.043875" level="INFO">${total} = 1234.15</msg>
<var>${total}</var>
<arg>${total} + ${amount}</arg>
<doc>Evaluates the given expression in Python and returns the result.</doc>
<status status="PASS" start="2025-09-25T15:12:07.043762" elapsed="0.000149"/>
</kw>
<var name="${i}">6</var>
<status status="PASS" start="2025-09-25T15:12:07.035376" elapsed="0.008571"/>
</iter>
<iter>
<kw name="Get Text" owner="SeleniumLibrary">
<msg time="2025-09-25T15:12:07.065106" level="INFO">${total_spent} = $0.00</msg>
<var>${total_spent}</var>
<arg>(${table_row})[${i}]/td[5]</arg>
<doc>Returns the text value of the element identified by ``locator``.</doc>
<status status="PASS" start="2025-09-25T15:12:07.044088" elapsed="0.021144"/>
</kw>
<kw name="Evaluate" owner="BuiltIn">
<msg time="2025-09-25T15:12:07.066035" level="INFO">${amount} = 0.0</msg>
<var>${amount}</var>
<arg>float("${total_spent}".replace('$','').replace(',','').strip())</arg>
<doc>Evaluates the given expression in Python and returns the result.</doc>
<status status="PASS" start="2025-09-25T15:12:07.065537" elapsed="0.000563"/>
</kw>
<kw name="Evaluate" owner="BuiltIn">
<msg time="2025-09-25T15:12:07.066361" level="INFO">${total} = 1234.15</msg>
<var>${total}</var>
<arg>${total} + ${amount}</arg>
<doc>Evaluates the given expression in Python and returns the result.</doc>
<status status="PASS" start="2025-09-25T15:12:07.066200" elapsed="0.000205"/>
</kw>
<var name="${i}">7</var>
<status status="PASS" start="2025-09-25T15:12:07.044016" elapsed="0.022432"/>
</iter>
<iter>
<kw name="Get Text" owner="SeleniumLibrary">
<msg time="2025-09-25T15:12:07.084153" level="INFO">${total_spent} = $0.00</msg>
<var>${total_spent}</var>
<arg>(${table_row})[${i}]/td[5]</arg>
<doc>Returns the text value of the element identified by ``locator``.</doc>
<status status="PASS" start="2025-09-25T15:12:07.066636" elapsed="0.017616"/>
</kw>
<kw name="Evaluate" owner="BuiltIn">
<msg time="2025-09-25T15:12:07.084570" level="INFO">${amount} = 0.0</msg>
<var>${amount}</var>
<arg>float("${total_spent}".replace('$','').replace(',','').strip())</arg>
<doc>Evaluates the given expression in Python and returns the result.</doc>
<status status="PASS" start="2025-09-25T15:12:07.084371" elapsed="0.000241"/>
</kw>
<kw name="Evaluate" owner="BuiltIn">
<msg time="2025-09-25T15:12:07.084804" level="INFO">${total} = 1234.15</msg>
<var>${total}</var>
<arg>${total} + ${amount}</arg>
<doc>Evaluates the given expression in Python and returns the result.</doc>
<status status="PASS" start="2025-09-25T15:12:07.084684" elapsed="0.000158"/>
</kw>
<var name="${i}">8</var>
<status status="PASS" start="2025-09-25T15:12:07.066549" elapsed="0.018331"/>
</iter>
<iter>
<kw name="Get Text" owner="SeleniumLibrary">
<msg time="2025-09-25T15:12:07.093536" level="INFO">${total_spent} = $0.00</msg>
<var>${total_spent}</var>
<arg>(${table_row})[${i}]/td[5]</arg>
<doc>Returns the text value of the element identified by ``locator``.</doc>
<status status="PASS" start="2025-09-25T15:12:07.085033" elapsed="0.008580"/>
</kw>
<kw name="Evaluate" owner="BuiltIn">
<msg time="2025-09-25T15:12:07.093879" level="INFO">${amount} = 0.0</msg>
<var>${amount}</var>
<arg>float("${total_spent}".replace('$','').replace(',','').strip())</arg>
<doc>Evaluates the given expression in Python and returns the result.</doc>
<status status="PASS" start="2025-09-25T15:12:07.093703" elapsed="0.000215"/>
</kw>
<kw name="Evaluate" owner="BuiltIn">
<msg time="2025-09-25T15:12:07.094104" level="INFO">${total} = 1234.15</msg>
<var>${total}</var>
<arg>${total} + ${amount}</arg>
<doc>Evaluates the given expression in Python and returns the result.</doc>
<status status="PASS" start="2025-09-25T15:12:07.093988" elapsed="0.000153"/>
</kw>
<var name="${i}">9</var>
<status status="PASS" start="2025-09-25T15:12:07.084960" elapsed="0.009218"/>
</iter>
<iter>
<kw name="Get Text" owner="SeleniumLibrary">
<msg time="2025-09-25T15:12:07.103078" level="INFO">${total_spent} = $0.00</msg>
<var>${total_spent}</var>
<arg>(${table_row})[${i}]/td[5]</arg>
<doc>Returns the text value of the element identified by ``locator``.</doc>
<status status="PASS" start="2025-09-25T15:12:07.094318" elapsed="0.008840"/>
</kw>
<kw name="Evaluate" owner="BuiltIn">
<msg time="2025-09-25T15:12:07.103405" level="INFO">${amount} = 0.0</msg>
<var>${amount}</var>
<arg>float("${total_spent}".replace('$','').replace(',','').strip())</arg>
<doc>Evaluates the given expression in Python and returns the result.</doc>
<status status="PASS" start="2025-09-25T15:12:07.103245" elapsed="0.000199"/>
</kw>
<kw name="Evaluate" owner="BuiltIn">
<msg time="2025-09-25T15:12:07.103632" level="INFO">${total} = 1234.15</msg>
<var>${total}</var>
<arg>${total} + ${amount}</arg>
<doc>Evaluates the given expression in Python and returns the result.</doc>
<status status="PASS" start="2025-09-25T15:12:07.103513" elapsed="0.000155"/>
</kw>
<var name="${i}">10</var>
<status status="PASS" start="2025-09-25T15:12:07.094249" elapsed="0.009457"/>
</iter>
<iter>
<kw name="Get Text" owner="SeleniumLibrary">
<msg time="2025-09-25T15:12:07.111816" level="INFO">${total_spent} = $448.67</msg>
<var>${total_spent}</var>
<arg>(${table_row})[${i}]/td[5]</arg>
<doc>Returns the text value of the element identified by ``locator``.</doc>
<status status="PASS" start="2025-09-25T15:12:07.103843" elapsed="0.008051"/>
</kw>
<kw name="Evaluate" owner="BuiltIn">
<msg time="2025-09-25T15:12:07.112125" level="INFO">${amount} = 448.67</msg>
<var>${amount}</var>
<arg>float("${total_spent}".replace('$','').replace(',','').strip())</arg>
<doc>Evaluates the given expression in Python and returns the result.</doc>
<status status="PASS" start="2025-09-25T15:12:07.111976" elapsed="0.000190"/>
</kw>
<kw name="Evaluate" owner="BuiltIn">
<msg time="2025-09-25T15:12:07.112351" level="INFO">${total} = 1682.8200000000002</msg>
<var>${total}</var>
<arg>${total} + ${amount}</arg>
<doc>Evaluates the given expression in Python and returns the result.</doc>
<status status="PASS" start="2025-09-25T15:12:07.112234" elapsed="0.000189"/>
</kw>
<var name="${i}">11</var>
<status status="PASS" start="2025-09-25T15:12:07.103776" elapsed="0.008707"/>
</iter>
<iter>
<kw name="Get Text" owner="SeleniumLibrary">
<msg time="2025-09-25T15:12:07.120717" level="INFO">${total_spent} = $0.00</msg>
<var>${total_spent}</var>
<arg>(${table_row})[${i}]/td[5]</arg>
<doc>Returns the text value of the element identified by ``locator``.</doc>
<status status="PASS" start="2025-09-25T15:12:07.112721" elapsed="0.008068"/>
</kw>
<kw name="Evaluate" owner="BuiltIn">
<msg time="2025-09-25T15:12:07.121077" level="INFO">${amount} = 0.0</msg>
<var>${amount}</var>
<arg>float("${total_spent}".replace('$','').replace(',','').strip())</arg>
<doc>Evaluates the given expression in Python and returns the result.</doc>
<status status="PASS" start="2025-09-25T15:12:07.120896" elapsed="0.000224"/>
</kw>
<kw name="Evaluate" owner="BuiltIn">
<msg time="2025-09-25T15:12:07.121355" level="INFO">${total} = 1682.8200000000002</msg>
<var>${total}</var>
<arg>${total} + ${amount}</arg>
<doc>Evaluates the given expression in Python and returns the result.</doc>
<status status="PASS" start="2025-09-25T15:12:07.121209" elapsed="0.000185"/>
</kw>
<var name="${i}">12</var>
<status status="PASS" start="2025-09-25T15:12:07.112624" elapsed="0.008809"/>
</iter>
<iter>
<kw name="Get Text" owner="SeleniumLibrary">
<msg time="2025-09-25T15:12:07.129826" level="INFO">${total_spent} = $591.56</msg>
<var>${total_spent}</var>
<arg>(${table_row})[${i}]/td[5]</arg>
<doc>Returns the text value of the element identified by ``locator``.</doc>
<status status="PASS" start="2025-09-25T15:12:07.121584" elapsed="0.008320"/>
</kw>
<kw name="Evaluate" owner="BuiltIn">
<msg time="2025-09-25T15:12:07.130159" level="INFO">${amount} = 591.56</msg>
<var>${amount}</var>
<arg>float("${total_spent}".replace('$','').replace(',','').strip())</arg>
<doc>Evaluates the given expression in Python and returns the result.</doc>
<status status="PASS" start="2025-09-25T15:12:07.129994" elapsed="0.000209"/>
</kw>
<kw name="Evaluate" owner="BuiltIn">
<msg time="2025-09-25T15:12:07.130389" level="INFO">${total} = 2274.38</msg>
<var>${total}</var>
<arg>${total} + ${amount}</arg>
<doc>Evaluates the given expression in Python and returns the result.</doc>
<status status="PASS" start="2025-09-25T15:12:07.130273" elapsed="0.000155"/>
</kw>
<var name="${i}">13</var>
<status status="PASS" start="2025-09-25T15:12:07.121513" elapsed="0.008959"/>
</iter>
<iter>
<kw name="Get Text" owner="SeleniumLibrary">
<msg time="2025-09-25T15:12:07.138682" level="INFO">${total_spent} = $0.00</msg>
<var>${total_spent}</var>
<arg>(${table_row})[${i}]/td[5]</arg>
<doc>Returns the text value of the element identified by ``locator``.</doc>
<status status="PASS" start="2025-09-25T15:12:07.130609" elapsed="0.008146"/>
</kw>
<kw name="Evaluate" owner="BuiltIn">
<msg time="2025-09-25T15:12:07.138986" level="INFO">${amount} = 0.0</msg>
<var>${amount}</var>
<arg>float("${total_spent}".replace('$','').replace(',','').strip())</arg>
<doc>Evaluates the given expression in Python and returns the result.</doc>
<status status="PASS" start="2025-09-25T15:12:07.138836" elapsed="0.000190"/>
</kw>
<kw name="Evaluate" owner="BuiltIn">
<msg time="2025-09-25T15:12:07.139206" level="INFO">${total} = 2274.38</msg>
<var>${total}</var>
<arg>${total} + ${amount}</arg>
<doc>Evaluates the given expression in Python and returns the result.</doc>
<status status="PASS" start="2025-09-25T15:12:07.139093" elapsed="0.000150"/>
</kw>
<var name="${i}">14</var>
<status status="PASS" start="2025-09-25T15:12:07.130544" elapsed="0.008735"/>
</iter>
<iter>
<kw name="Get Text" owner="SeleniumLibrary">
<msg time="2025-09-25T15:12:07.147333" level="INFO">${total_spent} = $0.00</msg>
<var>${total_spent}</var>
<arg>(${table_row})[${i}]/td[5]</arg>
<doc>Returns the text value of the element identified by ``locator``.</doc>
<status status="PASS" start="2025-09-25T15:12:07.139425" elapsed="0.007974"/>
</kw>
<kw name="Evaluate" owner="BuiltIn">
<msg time="2025-09-25T15:12:07.147636" level="INFO">${amount} = 0.0</msg>
<var>${amount}</var>
<arg>float("${total_spent}".replace('$','').replace(',','').strip())</arg>
<doc>Evaluates the given expression in Python and returns the result.</doc>
<status status="PASS" start="2025-09-25T15:12:07.147482" elapsed="0.000193"/>
</kw>
<kw name="Evaluate" owner="BuiltIn">
<msg time="2025-09-25T15:12:07.147867" level="INFO">${total} = 2274.38</msg>
<var>${total}</var>
<arg>${total} + ${amount}</arg>
<doc>Evaluates the given expression in Python and returns the result.</doc>
<status status="PASS" start="2025-09-25T15:12:07.147743" elapsed="0.000164"/>
</kw>
<var name="${i}">15</var>
<status status="PASS" start="2025-09-25T15:12:07.139360" elapsed="0.008583"/>
</iter>
<iter>
<kw name="Get Text" owner="SeleniumLibrary">
<msg time="2025-09-25T15:12:07.175255" level="INFO">${total_spent} = $0.00</msg>
<var>${total_spent}</var>
<arg>(${table_row})[${i}]/td[5]</arg>
<doc>Returns the text value of the element identified by ``locator``.</doc>
<status status="PASS" start="2025-09-25T15:12:07.148079" elapsed="0.027392"/>
</kw>
<kw name="Evaluate" owner="BuiltIn">
<msg time="2025-09-25T15:12:07.176269" level="INFO">${amount} = 0.0</msg>
<var>${amount}</var>
<arg>float("${total_spent}".replace('$','').replace(',','').strip())</arg>
<doc>Evaluates the given expression in Python and returns the result.</doc>
<status status="PASS" start="2025-09-25T15:12:07.175754" elapsed="0.000639"/>
</kw>
<kw name="Evaluate" owner="BuiltIn">
<msg time="2025-09-25T15:12:07.176921" level="INFO">${total} = 2274.38</msg>
<var>${total}</var>
<arg>${total} + ${amount}</arg>
<doc>Evaluates the given expression in Python and returns the result.</doc>
<status status="PASS" start="2025-09-25T15:12:07.176581" elapsed="0.000433"/>
</kw>
<var name="${i}">16</var>
<status status="PASS" start="2025-09-25T15:12:07.148012" elapsed="0.029096"/>
</iter>
<iter>
<kw name="Get Text" owner="SeleniumLibrary">
<msg time="2025-09-25T15:12:07.186827" level="INFO">${total_spent} = $0.00</msg>
<var>${total_spent}</var>
<arg>(${table_row})[${i}]/td[5]</arg>
<doc>Returns the text value of the element identified by ``locator``.</doc>
<status status="PASS" start="2025-09-25T15:12:07.177466" elapsed="0.009536"/>
</kw>
<kw name="Evaluate" owner="BuiltIn">
<msg time="2025-09-25T15:12:07.187421" level="INFO">${amount} = 0.0</msg>
<var>${amount}</var>
<arg>float("${total_spent}".replace('$','').replace(',','').strip())</arg>
<doc>Evaluates the given expression in Python and returns the result.</doc>
<status status="PASS" start="2025-09-25T15:12:07.187173" elapsed="0.000336"/>
</kw>
<kw name="Evaluate" owner="BuiltIn">
<msg time="2025-09-25T15:12:07.187742" level="INFO">${total} = 2274.38</msg>
<var>${total}</var>
<arg>${total} + ${amount}</arg>
<doc>Evaluates the given expression in Python and returns the result.</doc>
<status status="PASS" start="2025-09-25T15:12:07.187602" elapsed="0.000182"/>
</kw>
<var name="${i}">17</var>
<status status="PASS" start="2025-09-25T15:12:07.177294" elapsed="0.010531"/>
</iter>
<iter>
<kw name="Get Text" owner="SeleniumLibrary">
<msg time="2025-09-25T15:12:07.195942" level="INFO">${total_spent} = $0.00</msg>
<var>${total_spent}</var>
<arg>(${table_row})[${i}]/td[5]</arg>
<doc>Returns the text value of the element identified by ``locator``.</doc>
<status status="PASS" start="2025-09-25T15:12:07.187978" elapsed="0.008054"/>
</kw>
<kw name="Evaluate" owner="BuiltIn">
<msg time="2025-09-25T15:12:07.196395" level="INFO">${amount} = 0.0</msg>
<var>${amount}</var>
<arg>float("${total_spent}".replace('$','').replace(',','').strip())</arg>
<doc>Evaluates the given expression in Python and returns the result.</doc>
<status status="PASS" start="2025-09-25T15:12:07.196160" elapsed="0.000285"/>
</kw>
<kw name="Evaluate" owner="BuiltIn">
<msg time="2025-09-25T15:12:07.196651" level="INFO">${total} = 2274.38</msg>
<var>${total}</var>
<arg>${total} + ${amount}</arg>
<doc>Evaluates the given expression in Python and returns the result.</doc>
<status status="PASS" start="2025-09-25T15:12:07.196527" elapsed="0.000164"/>
</kw>
<var name="${i}">18</var>
<status status="PASS" start="2025-09-25T15:12:07.187903" elapsed="0.008828"/>
</iter>
<iter>
<kw name="Get Text" owner="SeleniumLibrary">
<msg time="2025-09-25T15:12:07.205113" level="INFO">${total_spent} = $0.00</msg>
<var>${total_spent}</var>
<arg>(${table_row})[${i}]/td[5]</arg>
<doc>Returns the text value of the element identified by ``locator``.</doc>
<status status="PASS" start="2025-09-25T15:12:07.196886" elapsed="0.008298"/>
</kw>
<kw name="Evaluate" owner="BuiltIn">
<msg time="2025-09-25T15:12:07.205445" level="INFO">${amount} = 0.0</msg>
<var>${amount}</var>
<arg>float("${total_spent}".replace('$','').replace(',','').strip())</arg>
<doc>Evaluates the given expression in Python and returns the result.</doc>
<status status="PASS" start="2025-09-25T15:12:07.205272" elapsed="0.000212"/>
</kw>
<kw name="Evaluate" owner="BuiltIn">
<msg time="2025-09-25T15:12:07.205665" level="INFO">${total} = 2274.38</msg>
<var>${total}</var>
<arg>${total} + ${amount}</arg>
<doc>Evaluates the given expression in Python and returns the result.</doc>
<status status="PASS" start="2025-09-25T15:12:07.205553" elapsed="0.000148"/>
</kw>
<var name="${i}">19</var>
<status status="PASS" start="2025-09-25T15:12:07.196815" elapsed="0.008923"/>
</iter>
<iter>
<kw name="Get Text" owner="SeleniumLibrary">
<msg time="2025-09-25T15:12:07.213876" level="INFO">${total_spent} = $0.00</msg>
<var>${total_spent}</var>
<arg>(${table_row})[${i}]/td[5]</arg>
<doc>Returns the text value of the element identified by ``locator``.</doc>
<status status="PASS" start="2025-09-25T15:12:07.205879" elapsed="0.008069"/>
</kw>
<kw name="Evaluate" owner="BuiltIn">
<msg time="2025-09-25T15:12:07.214187" level="INFO">${amount} = 0.0</msg>
<var>${amount}</var>
<arg>float("${total_spent}".replace('$','').replace(',','').strip())</arg>
<doc>Evaluates the given expression in Python and returns the result.</doc>
<status status="PASS" start="2025-09-25T15:12:07.214030" elapsed="0.000195"/>
</kw>
<kw name="Evaluate" owner="BuiltIn">
<msg time="2025-09-25T15:12:07.214405" level="INFO">${total} = 2274.38</msg>
<var>${total}</var>
<arg>${total} + ${amount}</arg>
<doc>Evaluates the given expression in Python and returns the result.</doc>
<status status="PASS" start="2025-09-25T15:12:07.214293" elapsed="0.000148"/>
</kw>
<var name="${i}">20</var>
<status status="PASS" start="2025-09-25T15:12:07.205812" elapsed="0.008669"/>
</iter>
<iter>
<kw name="Get Text" owner="SeleniumLibrary">
<msg time="2025-09-25T15:12:07.222740" level="INFO">${total_spent} = $0.00</msg>
<var>${total_spent}</var>
<arg>(${table_row})[${i}]/td[5]</arg>
<doc>Returns the text value of the element identified by ``locator``.</doc>
<status status="PASS" start="2025-09-25T15:12:07.214619" elapsed="0.008187"/>
</kw>
<kw name="Evaluate" owner="BuiltIn">
<msg time="2025-09-25T15:12:07.223035" level="INFO">${amount} = 0.0</msg>
<var>${amount}</var>
<arg>float("${total_spent}".replace('$','').replace(',','').strip())</arg>
<doc>Evaluates the given expression in Python and returns the result.</doc>
<status status="PASS" start="2025-09-25T15:12:07.222887" elapsed="0.000186"/>
</kw>
<kw name="Evaluate" owner="BuiltIn">
<msg time="2025-09-25T15:12:07.223254" level="INFO">${total} = 2274.38</msg>
<var>${total}</var>
<arg>${total} + ${amount}</arg>
<doc>Evaluates the given expression in Python and returns the result.</doc>
<status status="PASS" start="2025-09-25T15:12:07.223142" elapsed="0.000148"/>
</kw>
<var name="${i}">21</var>
<status status="PASS" start="2025-09-25T15:12:07.214550" elapsed="0.008776"/>
</iter>
<iter>
<kw name="Get Text" owner="SeleniumLibrary">
<msg time="2025-09-25T15:12:07.231645" level="INFO">${total_spent} = $111.92</msg>
<var>${total_spent}</var>
<arg>(${table_row})[${i}]/td[5]</arg>
<doc>Returns the text value of the element identified by ``locator``.</doc>
<status status="PASS" start="2025-09-25T15:12:07.223460" elapsed="0.008257"/>
</kw>
<kw name="Evaluate" owner="BuiltIn">
<msg time="2025-09-25T15:12:07.231969" level="INFO">${amount} = 111.92</msg>
<var>${amount}</var>
<arg>float("${total_spent}".replace('$','').replace(',','').strip())</arg>
<doc>Evaluates the given expression in Python and returns the result.</doc>
<status status="PASS" start="2025-09-25T15:12:07.231809" elapsed="0.000201"/>
</kw>
<kw name="Evaluate" owner="BuiltIn">
<msg time="2025-09-25T15:12:07.232195" level="INFO">${total} = 2386.3</msg>
<var>${total}</var>
<arg>${total} + ${amount}</arg>
<doc>Evaluates the given expression in Python and returns the result.</doc>
<status status="PASS" start="2025-09-25T15:12:07.232079" elapsed="0.000155"/>
</kw>
<var name="${i}">22</var>
<status status="PASS" start="2025-09-25T15:12:07.223395" elapsed="0.008876"/>
</iter>
<iter>
<kw name="Get Text" owner="SeleniumLibrary">
<msg time="2025-09-25T15:12:07.240466" level="INFO">${total_spent} = $146.08</msg>
<var>${total_spent}</var>
<arg>(${table_row})[${i}]/td[5]</arg>
<doc>Returns the text value of the element identified by ``locator``.</doc>
<status status="PASS" start="2025-09-25T15:12:07.232408" elapsed="0.008134"/>
</kw>
<kw name="Evaluate" owner="BuiltIn">
<msg time="2025-09-25T15:12:07.240783" level="INFO">${amount} = 146.08</msg>
<var>${amount}</var>
<arg>float("${total_spent}".replace('$','').replace(',','').strip())</arg>
<doc>Evaluates the given expression in Python and returns the result.</doc>
<status status="PASS" start="2025-09-25T15:12:07.240624" elapsed="0.000202"/>
</kw>
<kw name="Evaluate" owner="BuiltIn">
<msg time="2025-09-25T15:12:07.241009" level="INFO">${total} = 2532.38</msg>
<var>${total}</var>
<arg>${total} + ${amount}</arg>
<doc>Evaluates the given expression in Python and returns the result.</doc>
<status status="PASS" start="2025-09-25T15:12:07.240895" elapsed="0.000153"/>
</kw>
<var name="${i}">23</var>
<status status="PASS" start="2025-09-25T15:12:07.232339" elapsed="0.008745"/>
</iter>
<iter>
<kw name="Get Text" owner="SeleniumLibrary">
<msg time="2025-09-25T15:12:07.269108" level="INFO">${total_spent} = $0.00</msg>
<var>${total_spent}</var>
<arg>(${table_row})[${i}]/td[5]</arg>
<doc>Returns the text value of the element identified by ``locator``.</doc>
<status status="PASS" start="2025-09-25T15:12:07.241221" elapsed="0.028024"/>
</kw>
<kw name="Evaluate" owner="BuiltIn">
<msg time="2025-09-25T15:12:07.269812" level="INFO">${amount} = 0.0</msg>
<var>${amount}</var>
<arg>float("${total_spent}".replace('$','').replace(',','').strip())</arg>
<doc>Evaluates the given expression in Python and returns the result.</doc>
<status status="PASS" start="2025-09-25T15:12:07.269452" elapsed="0.000429"/>
</kw>
<kw name="Evaluate" owner="BuiltIn">
<msg time="2025-09-25T15:12:07.270153" level="INFO">${total} = 2532.38</msg>
<var>${total}</var>
<arg>${total} + ${amount}</arg>
<doc>Evaluates the given expression in Python and returns the result.</doc>
<status status="PASS" start="2025-09-25T15:12:07.269989" elapsed="0.000208"/>
</kw>
<var name="${i}">24</var>
<status status="PASS" start="2025-09-25T15:12:07.241154" elapsed="0.029087"/>
</iter>
<iter>
<kw name="Get Text" owner="SeleniumLibrary">
<msg time="2025-09-25T15:12:07.285937" level="INFO">${total_spent} = $967.56</msg>
<var>${total_spent}</var>
<arg>(${table_row})[${i}]/td[5]</arg>
<doc>Returns the text value of the element identified by ``locator``.</doc>
<status status="PASS" start="2025-09-25T15:12:07.270422" elapsed="0.015621"/>
</kw>
<kw name="Evaluate" owner="BuiltIn">
<msg time="2025-09-25T15:12:07.286358" level="INFO">${amount} = 967.56</msg>
<var>${amount}</var>
<arg>float("${total_spent}".replace('$','').replace(',','').strip())</arg>
<doc>Evaluates the given expression in Python and returns the result.</doc>
<status status="PASS" start="2025-09-25T15:12:07.286162" elapsed="0.000253"/>
</kw>
<kw name="Evaluate" owner="BuiltIn">
<msg time="2025-09-25T15:12:07.286610" level="INFO">${total} = 3499.94</msg>
<var>${total}</var>
<arg>${total} + ${amount}</arg>
<doc>Evaluates the given expression in Python and returns the result.</doc>
<status status="PASS" start="2025-09-25T15:12:07.286491" elapsed="0.000158"/>
</kw>
<var name="${i}">25</var>
<status status="PASS" start="2025-09-25T15:12:07.270336" elapsed="0.016351"/>
</iter>
<var>${i}</var>
<value>1</value>
<value>${row_count + 1}</value>
<status status="PASS" start="2025-09-25T15:12:06.983318" elapsed="0.303416"/>
</for>
<kw name="Evaluate" owner="BuiltIn">
<msg time="2025-09-25T15:12:07.286948" level="INFO">${formatted_total} = $3499.94</msg>
<var>${formatted_total}</var>
<arg>"$%.2f" % ${total}</arg>
<doc>Evaluates the given expression in Python and returns the result.</doc>
<status status="PASS" start="2025-09-25T15:12:07.286824" elapsed="0.000163"/>
</kw>
<kw name="Log To Console" owner="BuiltIn">
<arg>\n===================================</arg>
<doc>Logs the given message to the console.</doc>
<status status="PASS" start="2025-09-25T15:12:07.287054" elapsed="0.000207"/>
</kw>
<kw name="Log To Console" owner="BuiltIn">
<arg>Total Customer Spending: ${formatted_total}</arg>
<doc>Logs the given message to the console.</doc>
<status status="PASS" start="2025-09-25T15:12:07.287367" elapsed="0.000148"/>
</kw>
<return>
<value>${total}</value>
<value>${formatted_total}</value>
<status status="PASS" start="2025-09-25T15:12:07.287655" elapsed="0.000093"/>
</return>
<msg time="2025-09-25T15:12:07.287927" level="INFO">${total} = 3499.94</msg>
<msg time="2025-09-25T15:12:07.288686" level="INFO">${formatted_total} = $3499.94</msg>
<var>${total}</var>
<var>${formatted_total}</var>
<status status="PASS" start="2025-09-25T15:12:06.977480" elapsed="0.311326"/>
</kw>
<kw name="Validate Total Spending" owner="Task_5">
<kw name="Set Variable" owner="BuiltIn">
<msg time="2025-09-25T15:12:07.290232" level="INFO">${threshold} = 3500.0</msg>
<var>${threshold}</var>
<arg>3500.0</arg>
<doc>Returns the given values which can then be assigned to a variables.</doc>
<status status="PASS" start="2025-09-25T15:12:07.289751" elapsed="0.000548"/>
</kw>
<kw name="Log To Console" owner="BuiltIn">
<arg>===================================</arg>
<doc>Logs the given message to the console.</doc>
<status status="PASS" start="2025-09-25T15:12:07.290415" elapsed="0.000113"/>
</kw>
<if>
<branch type="IF" condition="${total} &lt; ${threshold}">
<kw name="Log To Console" owner="BuiltIn">
<arg>FAIL: Total spending (${formatted_total}) is below minimum threshold ($3,500)</arg>
<doc>Logs the given message to the console.</doc>
<status status="PASS" start="2025-09-25T15:12:07.290765" elapsed="0.000191"/>
</kw>
<kw name="Fail" owner="BuiltIn">
<msg time="2025-09-25T15:12:07.291223" level="FAIL">Total spending ($3499.94) is below minimum threshold ($3,500)</msg>
<arg>Total spending (${formatted_total}) is below minimum threshold ($3,500)</arg>
<doc>Fails the test with the given message and optionally alters its tags.</doc>
<status status="FAIL" start="2025-09-25T15:12:07.291049" elapsed="0.000996">Total spending ($3499.94) is below minimum threshold ($3,500)</status>
</kw>
<kw name="Log To Console" owner="BuiltIn">
<arg>=================================================================\n</arg>
<doc>Logs the given message to the console.</doc>
<status status="NOT RUN" start="2025-09-25T15:12:07.292364" elapsed="0.000178"/>
</kw>
<status status="FAIL" start="2025-09-25T15:12:07.290609" elapsed="0.002027">Total spending ($3499.94) is below minimum threshold ($3,500)</status>
</branch>
<branch type="ELSE">
<kw name="Log To Console" owner="BuiltIn">
<arg>PASS: Total spending (${formatted_total}) meets minimum threshold ($3,500)</arg>
<doc>Logs the given message to the console.</doc>
<status status="NOT RUN" start="2025-09-25T15:12:07.292782" elapsed="0.000039"/>
</kw>
<kw name="Log To Console" owner="BuiltIn">
<arg>=================================================================\n</arg>
<doc>Logs the given message to the console.</doc>
<status status="NOT RUN" start="2025-09-25T15:12:07.292887" elapsed="0.000036"/>
</kw>
<status status="NOT RUN" start="2025-09-25T15:12:07.292697" elapsed="0.000260"/>
</branch>
<status status="FAIL" start="2025-09-25T15:12:07.290591" elapsed="0.002401">Total spending ($3499.94) is below minimum threshold ($3,500)</status>
</if>
<arg>${total}</arg>
<arg>${formatted_total}</arg>
<status status="FAIL" start="2025-09-25T15:12:07.289218" elapsed="0.003833">Total spending ($3499.94) is below minimum threshold ($3,500)</status>
</kw>
<doc>Navigate to the customers page, calculate the total spending of all customers, and validate that the computed value matches the displayed formatted total.</doc>
<status status="FAIL" start="2025-09-25T15:12:03.842222" elapsed="3.450975">Total spending ($3499.94) is below minimum threshold ($3,500)</status>
</test>
<kw name="Close Browser" owner="SeleniumLibrary" type="TEARDOWN">
<doc>Closes the current browser.</doc>
<status status="PASS" start="2025-09-25T15:12:07.293956" elapsed="0.081716"/>
</kw>
<status status="FAIL" start="2025-09-25T15:12:00.622086" elapsed="6.753695"/>
</suite>
<statistics>
<total>
<stat pass="0" fail="1" skip="0">All Tests</stat>
</total>
<tag>
</tag>
<suite>
<stat name="Test" id="s1" pass="0" fail="1" skip="0">Test</stat>
</suite>
</statistics>
<errors>
</errors>
</robot>
