<?xml version="1.0" encoding="UTF-8"?>
<robot generator="Robot 7.3.2 (Python 3.13.7 on darwin)" generated="2025-09-26T04:01:00.352622" rpa="false" schemaversion="5">
<suite id="s1" name="Test" source="/Users/neru/robot-training/Tests/test.robot">
<kw name="Launch Browser and Login" owner="App" type="SETUP">
<kw name="Launch Browser" owner="App">
<kw name="Open Browser" owner="SeleniumLibrary">
<msg time="2025-09-26T04:01:00.456653" level="INFO">Opening browser 'chrome' to base url 'https://marmelab.com/react-admin-demo/'.</msg>
<arg>${url}</arg>
<arg>chrome</arg>
<arg>options=add_argument("--start-maximized")</arg>
<doc>Opens a new browser instance to the optional ``url``.</doc>
<status status="PASS" start="2025-09-26T04:01:00.456536" elapsed="2.275794"/>
</kw>
<kw name="Wait Until Keyword Succeeds" owner="BuiltIn">
<kw name="Wait Until Element Is Visible" owner="SeleniumLibrary">
<arg>${element_to_wait}</arg>
<doc>Waits until the element ``locator`` is visible.</doc>
<status status="PASS" start="2025-09-26T04:01:02.735672" elapsed="2.963069"/>
</kw>
<arg>5x</arg>
<arg>.5s</arg>
<arg>Wait Until Element Is Visible</arg>
<arg>${element_to_wait}</arg>
<doc>Runs the specified keyword and retries if it fails.</doc>
<status status="PASS" start="2025-09-26T04:01:02.734502" elapsed="2.964345"/>
</kw>
<arg>${URL}</arg>
<status status="PASS" start="2025-09-26T04:01:00.456132" elapsed="5.242820"/>
</kw>
<kw name="Login User" owner="App">
<kw name="Sleep" owner="BuiltIn">
<msg time="2025-09-26T04:01:06.700857" level="INFO">Slept 1 second.</msg>
<arg>1s</arg>
<doc>Pauses the test executed for the given time.</doc>
<status status="PASS" start="2025-09-26T04:01:05.699530" elapsed="1.001843"/>
</kw>
<kw name="Input Text" owner="SeleniumLibrary">
<msg time="2025-09-26T04:01:06.703314" level="INFO">Typing text 'demo' into text field '//input[@name="username"]'.</msg>
<arg>${login_txt_username}</arg>
<arg>${username}</arg>
<doc>Types the given ``text`` into the text field identified by ``locator``.</doc>
<status status="PASS" start="2025-09-26T04:01:06.702227" elapsed="0.119051"/>
</kw>
<kw name="Input Text" owner="SeleniumLibrary">
<msg time="2025-09-26T04:01:06.821769" level="INFO">Typing text 'demo' into text field '//input[@name="password"]'.</msg>
<arg>${login_txt_password}</arg>
<arg>${password}</arg>
<doc>Types the given ``text`` into the text field identified by ``locator``.</doc>
<status status="PASS" start="2025-09-26T04:01:06.821573" elapsed="0.035142"/>
</kw>
<kw name="Click Button" owner="SeleniumLibrary">
<msg time="2025-09-26T04:01:06.857306" level="INFO">Clicking button '//button[@type="submit"]'.</msg>
<arg>${login_btn_submit}</arg>
<doc>Clicks the button identified by ``locator``.</doc>
<status status="PASS" start="2025-09-26T04:01:06.857081" elapsed="0.066001"/>
</kw>
<kw name="Run Keyword And Return Status" owner="BuiltIn">
<kw name="Wait Until Element Is Visible" owner="SeleniumLibrary">
<msg time="2025-09-26T04:01:09.339618" level="INFO" html="true">&lt;/td&gt;&lt;/tr&gt;&lt;tr&gt;&lt;td colspan="3"&gt;&lt;a href="selenium-screenshot-1.png"&gt;&lt;img src="selenium-screenshot-1.png" width="800px"&gt;&lt;/a&gt;</msg>
<msg time="2025-09-26T04:01:09.339851" level="FAIL">Element '//h6[text()="Dashboard"]' not visible after 2 seconds.</msg>
<arg>${dashboard_hdr}</arg>
<arg>timeout=2s</arg>
<doc>Waits until the element ``locator`` is visible.</doc>
<status status="FAIL" start="2025-09-26T04:01:06.923431" elapsed="2.419222">Element '//h6[text()="Dashboard"]' not visible after 2 seconds.</status>
</kw>
<msg time="2025-09-26T04:01:09.342762" level="INFO">${status} = False</msg>
<var>${status}</var>
<arg>Wait Until Element Is Visible</arg>
<arg>${dashboard_hdr}</arg>
<arg>timeout=2s</arg>
<doc>Runs the given keyword with given arguments and returns the status as a Boolean value.</doc>
<status status="PASS" start="2025-09-26T04:01:06.923238" elapsed="2.419538"/>
</kw>
<if>
<branch type="IF" condition="${status}">
<kw name="Log To Console" owner="BuiltIn">
<arg>Login successful</arg>
<doc>Logs the given message to the console.</doc>
<status status="NOT RUN" start="2025-09-26T04:01:09.343007" elapsed="0.000014"/>
</kw>
<status status="NOT RUN" start="2025-09-26T04:01:09.342865" elapsed="0.000174"/>
</branch>
<branch type="ELSE">
<kw name="Log To Console" owner="BuiltIn">
<arg>Login failed</arg>
<doc>Logs the given message to the console.</doc>
<status status="PASS" start="2025-09-26T04:01:09.343106" elapsed="0.000104"/>
</kw>
<status status="PASS" start="2025-09-26T04:01:09.343060" elapsed="0.000175"/>
</branch>
<status status="PASS" start="2025-09-26T04:01:09.342837" elapsed="0.000417"/>
</if>
<status status="PASS" start="2025-09-26T04:01:05.699240" elapsed="3.644046"/>
</kw>
<status status="PASS" start="2025-09-26T04:01:00.455993" elapsed="8.887319"/>
</kw>
<test id="s1-t1" name="TEST-000001" line="9">
<kw name="Get First Five Users" owner="CustomLibrary">
<msg time="2025-09-26T04:01:09.722935" level="INFO">[{'id': 1, 'name': 'Leanne Graham', 'username': 'Bret', 'email': 'Sincere@april.biz', 'address': {'street': 'Kulas Light', 'suite': 'Apt. 556', 'city': 'Gwenborough', 'zipcode': '92998-3874', 'geo': {'lat': '-37.3159', 'lng': '81.1496'}}, 'phone': '1-770-736-8031 x56442', 'website': 'hildegard.org', 'company': {'name': 'Romaguera-Crona', 'catchPhrase': 'Multi-layered client-server neural-net', 'bs': 'harness real-time e-markets'}, 'birthday': '04/09/2006', 'password': 'bdsIoU9z', 'stateAbbr': 'KAG'}, {'id': 2, 'name': 'Ervin Howell', 'username': 'Antonette', 'email': 'Shanna@melissa.tv', 'address': {'street': 'Victor Plains', 'suite': 'Suite 879', 'city': 'Wisokyburgh', 'zipcode': '90566-7771', 'geo': {'lat': '-43.9509', 'lng': '-34.4618'}}, 'phone': '010-692-6593 x09125', 'website': 'anastasia.net', 'company': {'name': 'Deckow-Crist', 'catchPhrase': 'Proactive didactic contingency', 'bs': 'synergize scalable supply-chains'}, 'birthday': '11/14/2000', 'password': 'gvIl7yFC', 'stateAbbr': 'VSW'}, {'id': 3, 'name': 'Clementine Bauch', 'username': 'Samantha', 'email': 'Nathan@yesenia.net', 'address': {'street': 'Douglas Extension', 'suite': 'Suite 847', 'city': 'McKenziehaven', 'zipcode': '59590-4157', 'geo': {'lat': '-68.6102', 'lng': '-47.0653'}}, 'phone': '1-463-123-4447', 'website': 'ramiro.info', 'company': {'name': 'Romaguera-Jacobson', 'catchPhrase': 'Face to face bifurcated interface', 'bs': 'e-enable strategic applications'}, 'birthday': '08/20/2005', 'password': 'rwUowFWQ', 'stateAbbr': 'DSM'}, {'id': 4, 'name': 'Patricia Lebsack', 'username': 'Karianne', 'email': 'Julianne.OConner@kory.org', 'address': {'street': 'Hoeger Mall', 'suite': 'Apt. 692', 'city': 'South Elvis', 'zipcode': '53919-4257', 'geo': {'lat': '29.4572', 'lng': '-164.2990'}}, 'phone': '493-170-9623 x156', 'website': 'kale.biz', 'company': {'name': 'Robel-Corkery', 'catchPhrase': 'Multi-tiered zero tolerance productivity', 'bs': 'transition cutting-edge web services'}, 'birthday': '09/11/2003', 'password': 'TY&amp;J59w%', 'stateAbbr': 'HAS'}, {'id': 5, 'name': 'Chelsey Dietrich', 'username': 'Kamren', 'email': 'Lucio_Hettinger@annie.ca', 'address': {'street': 'Skiles Walks', 'suite': 'Suite 351', 'city': 'Roscoeview', 'zipcode': '33263', 'geo': {'lat': '-31.8129', 'lng': '62.5342'}}, 'phone': '(254)954-1289', 'website': 'demarco.info', 'company': {'name': 'Keebler LLC', 'catchPhrase': 'User-centric fault-tolerant solution', 'bs': 'revolutionize end-to-end systems'}, 'birthday': '10/07/2005', 'password': 'eU&amp;IpQVD', 'stateAbbr': 'SSR'}]</msg>
<msg time="2025-09-26T04:01:09.723204" level="INFO">/opt/homebrew/lib/python3.13/site-packages/urllib3/connectionpool.py:1097: InsecureRequestWarning: Unverified HTTPS request is being made to host 'jsonplaceholder.typicode.com'. Adding certificate verification is strongly advised. See: https://urllib3.readthedocs.io/en/latest/advanced-usage.html#tls-warnings
  warnings.warn(</msg>
<msg time="2025-09-26T04:01:09.723601" level="INFO">${users} = [{'id': 1, 'name': 'Leanne Graham', 'username': 'Bret', 'email': 'Sincere@april.biz', 'address': {'street': 'Kulas Light', 'suite': 'Apt. 556', 'city': 'Gwenborough', 'zipcode': '92998-3874', 'geo': {...</msg>
<var>${users}</var>
<status status="PASS" start="2025-09-26T04:01:09.343662" elapsed="0.380572"/>
</kw>
<kw name="Go To Customers Page" owner="App">
<kw name="Click Element" owner="SeleniumLibrary">
<msg time="2025-09-26T04:01:09.726062" level="INFO">Clicking element '(//p[text()="Customers"])[2]'.</msg>
<arg>${nav_btn_customers}</arg>
<doc>Click the element identified by ``locator``.</doc>
<status status="PASS" start="2025-09-26T04:01:09.725523" elapsed="0.051003"/>
</kw>
<kw name="Wait Until Element Is Visible" owner="SeleniumLibrary">
<arg>${table_row}</arg>
<doc>Waits until the element ``locator`` is visible.</doc>
<status status="PASS" start="2025-09-26T04:01:09.776669" elapsed="0.460913"/>
</kw>
<status status="PASS" start="2025-09-26T04:01:09.724941" elapsed="0.512714"/>
</kw>
<kw name="Create And Verify Multiple Users" owner="Task_1">
<for flavor="IN">
<iter>
<kw name="Create User" owner="Task_1">
<kw name="Click Element" owner="SeleniumLibrary">
<msg time="2025-09-26T04:01:10.238529" level="INFO">Clicking element '//a[@aria-label="Create"]'.</msg>
<arg>${customers_btn_create}</arg>
<doc>Click the element identified by ``locator``.</doc>
<status status="PASS" start="2025-09-26T04:01:10.238418" elapsed="0.039596"/>
</kw>
<kw name="Wait Until Element Is Visible" owner="SeleniumLibrary">
<arg>${customers_txt_firstname}</arg>
<doc>Waits until the element ``locator`` is visible.</doc>
<status status="PASS" start="2025-09-26T04:01:10.278135" elapsed="0.042696"/>
</kw>
<kw name="Input Text" owner="SeleniumLibrary">
<msg time="2025-09-26T04:01:10.321412" level="INFO">Typing text 'Leanne' into text field '//input[@name="first_name"]'.</msg>
<arg>${customers_txt_firstname}</arg>
<arg>${user["name"].split(" ")[0]}</arg>
<doc>Types the given ``text`` into the text field identified by ``locator``.</doc>
<status status="PASS" start="2025-09-26T04:01:10.320947" elapsed="0.034712"/>
</kw>
<kw name="Input Text" owner="SeleniumLibrary">
<msg time="2025-09-26T04:01:10.356435" level="INFO">Typing text 'Graham' into text field '//input[@name="last_name"]'.</msg>
<arg>${customers_txt_lastname}</arg>
<arg>${user["name"].split(" ")[1]}</arg>
<doc>Types the given ``text`` into the text field identified by ``locator``.</doc>
<status status="PASS" start="2025-09-26T04:01:10.355935" elapsed="0.036715"/>
</kw>
<kw name="Evaluate" owner="BuiltIn">
<msg time="2025-09-26T04:01:10.393683" level="INFO">${email} = sincere@april.biz</msg>
<var>${email}</var>
<arg>"${user['email'].lower()}"</arg>
<doc>Evaluates the given expression in Python and returns the result.</doc>
<status status="PASS" start="2025-09-26T04:01:10.392949" elapsed="0.000781"/>
</kw>
<kw name="Clear And Input Text" owner="App">
<kw name="Press Keys" owner="SeleniumLibrary">
<msg time="2025-09-26T04:01:10.394521" level="INFO">Sending key(s) ('COMMAND+a', 'BACKSPACE') to //input[@name="email"] element.</msg>
<msg time="2025-09-26T04:01:10.668818" level="INFO">Pressing special key COMMAND down.</msg>
<msg time="2025-09-26T04:01:10.668936" level="INFO">Sending key a</msg>
<msg time="2025-09-26T04:01:10.668991" level="INFO">Releasing special key COMMAND.</msg>
<msg time="2025-09-26T04:01:10.676361" level="INFO">Pressing special key BACKSPACE to element.</msg>
<msg time="2025-09-26T04:01:10.676437" level="INFO">Releasing special key BACKSPACE.</msg>
<arg>${locator}</arg>
<arg>COMMAND+a</arg>
<arg>BACKSPACE</arg>
<doc>Simulates the user pressing key(s) to an element or on the active browser.</doc>
<status status="PASS" start="2025-09-26T04:01:10.394190" elapsed="0.285606"/>
</kw>
<kw name="Input Text" owner="SeleniumLibrary">
<msg time="2025-09-26T04:01:10.680187" level="INFO">Typing text 'sincere@april.biz' into text field '//input[@name="email"]'.</msg>
<arg>${locator}</arg>
<arg>${text}</arg>
<doc>Types the given ``text`` into the text field identified by ``locator``.</doc>
<status status="PASS" start="2025-09-26T04:01:10.679965" elapsed="0.045065"/>
</kw>
<arg>${customers_txt_email}</arg>
<arg>${email}</arg>
<status status="PASS" start="2025-09-26T04:01:10.393973" elapsed="0.331135"/>
</kw>
<kw name="Input Text" owner="SeleniumLibrary">
<msg time="2025-09-26T04:01:10.725650" level="INFO">Typing text '04/09/2006' into text field '//input[@name="birthday"]'.</msg>
<arg>${customers_txt_birthday}</arg>
<arg>${user["birthday"]}</arg>
<doc>Types the given ``text`` into the text field identified by ``locator``.</doc>
<status status="PASS" start="2025-09-26T04:01:10.725209" elapsed="0.033976"/>
</kw>
<kw name="Input Text" owner="SeleniumLibrary">
<msg time="2025-09-26T04:01:10.759848" level="INFO">Typing text 'Kulas Light Apt. 556' into text field '//textArea[@name="address"]'.</msg>
<arg>${customers_txt_address}</arg>
<arg>${user["address"]["street"]} ${user["address"]["suite"]}</arg>
<doc>Types the given ``text`` into the text field identified by ``locator``.</doc>
<status status="PASS" start="2025-09-26T04:01:10.759304" elapsed="0.039203"/>
</kw>
<kw name="Input Text" owner="SeleniumLibrary">
<msg time="2025-09-26T04:01:10.799428" level="INFO">Typing text 'Gwenborough' into text field '//input[@name="city"]'.</msg>
<arg>${customers_txt_city}</arg>
<arg>${user["address"]["city"]}</arg>
<doc>Types the given ``text`` into the text field identified by ``locator``.</doc>
<status status="PASS" start="2025-09-26T04:01:10.798815" elapsed="0.036480"/>
</kw>
<kw name="Input Text" owner="SeleniumLibrary">
<msg time="2025-09-26T04:01:10.835786" level="INFO">Typing text 'KAG' into text field '//input[@name="stateAbbr"]'.</msg>
<arg>${customers_txt_stateAbbr}</arg>
<arg>${user["stateAbbr"]}</arg>
<doc>Types the given ``text`` into the text field identified by ``locator``.</doc>
<status status="PASS" start="2025-09-26T04:01:10.835414" elapsed="0.034311"/>
</kw>
<kw name="Input Text" owner="SeleniumLibrary">
<msg time="2025-09-26T04:01:10.870166" level="INFO">Typing text '92998-3874' into text field '//input[@name="zipcode"]'.</msg>
<arg>${customers_txt_zipcode}</arg>
<arg>${user["address"]["zipcode"]}</arg>
<doc>Types the given ``text`` into the text field identified by ``locator``.</doc>
<status status="PASS" start="2025-09-26T04:01:10.869833" elapsed="0.037016"/>
</kw>
<kw name="Input Text" owner="SeleniumLibrary">
<msg time="2025-09-26T04:01:10.907476" level="INFO">Typing text 'bdsIoU9z' into text field '//input[@name="password"]'.</msg>
<arg>${customers_txt_password}</arg>
<arg>${user["password"]}</arg>
<doc>Types the given ``text`` into the text field identified by ``locator``.</doc>
<status status="PASS" start="2025-09-26T04:01:10.906991" elapsed="0.043442"/>
</kw>
<kw name="Input Text" owner="SeleniumLibrary">
<msg time="2025-09-26T04:01:10.950912" level="INFO">Typing text 'bdsIoU9z' into text field '//input[@name="confirm_password"]'.</msg>
<arg>${customers_txt_confirm_password}</arg>
<arg>${user["password"]}</arg>
<doc>Types the given ``text`` into the text field identified by ``locator``.</doc>
<status status="PASS" start="2025-09-26T04:01:10.950545" elapsed="0.035844"/>
</kw>
<kw name="Click Element" owner="SeleniumLibrary">
<msg time="2025-09-26T04:01:10.986622" level="INFO">Clicking element '//button[@aria-label="Save"]'.</msg>
<arg>${customers_btn_save}</arg>
<doc>Click the element identified by ``locator``.</doc>
<status status="PASS" start="2025-09-26T04:01:10.986496" elapsed="0.034823"/>
</kw>
<kw name="Wait Until Page Contains" owner="SeleniumLibrary">
<arg>Customer created</arg>
<doc>Waits until ``text`` appears on the current page.</doc>
<status status="PASS" start="2025-09-26T04:01:11.021504" elapsed="0.432230"/>
</kw>
<arg>${user}</arg>
<status status="PASS" start="2025-09-26T04:01:10.238269" elapsed="1.215547"/>
</kw>
<kw name="Verify User Is Added" owner="Task_2">
<kw name="Go To Customers Page" owner="App">
<kw name="Click Element" owner="SeleniumLibrary">
<msg time="2025-09-26T04:01:11.454478" level="INFO">Clicking element '(//p[text()="Customers"])[2]'.</msg>
<arg>${nav_btn_customers}</arg>
<doc>Click the element identified by ``locator``.</doc>
<status status="PASS" start="2025-09-26T04:01:11.454348" elapsed="0.027590"/>
</kw>
<kw name="Wait Until Element Is Visible" owner="SeleniumLibrary">
<arg>${table_row}</arg>
<doc>Waits until the element ``locator`` is visible.</doc>
<status status="PASS" start="2025-09-26T04:01:11.482059" elapsed="0.218849"/>
</kw>
<status status="PASS" start="2025-09-26T04:01:11.454214" elapsed="0.246777"/>
</kw>
<kw name="Wait Until Element Is Not Visible" owner="SeleniumLibrary">
<arg>(${table_row})[1]//td//div[contains(@class,"MuiAvatar-colorDefault") and text()]</arg>
<doc>Waits until the element ``locator`` is not visible.</doc>
<status status="PASS" start="2025-09-26T04:01:11.701098" elapsed="0.006318"/>
</kw>
<kw name="Wait Until Element Is Visible" owner="SeleniumLibrary">
<arg>(${table_row})[1]//td//div[contains(@class, "MuiAvatar-colorDefault") and text()]</arg>
<doc>Waits until the element ``locator`` is visible.</doc>
<status status="PASS" start="2025-09-26T04:01:11.707537" elapsed="0.647381"/>
</kw>
<kw name="Get Text" owner="SeleniumLibrary">
<msg time="2025-09-26T04:01:12.376228" level="INFO">${fetched_name} = L
Leanne Graham</msg>
<var>${fetched_name}</var>
<arg>(${table_row})[1]//td[2]</arg>
<doc>Returns the text value of the element identified by ``locator``.</doc>
<status status="PASS" start="2025-09-26T04:01:12.355217" elapsed="0.021047"/>
</kw>
<if>
<branch type="IF" condition="&quot;\\n&quot; in &quot;&quot;&quot;${fetched_name}&quot;&quot;&quot;">
<kw name="Evaluate" owner="BuiltIn">
<msg time="2025-09-26T04:01:12.376745" level="INFO">${fetched_name} = Leanne Graham</msg>
<var>${fetched_name}</var>
<arg>"""${fetched_name}""".replace("\\n","")[1:]</arg>
<doc>Evaluates the given expression in Python and returns the result.</doc>
<status status="PASS" start="2025-09-26T04:01:12.376564" elapsed="0.000203"/>
</kw>
<status status="PASS" start="2025-09-26T04:01:12.376361" elapsed="0.000442"/>
</branch>
<status status="PASS" start="2025-09-26T04:01:12.376339" elapsed="0.000496"/>
</if>
<kw name="Should Be Equal As Strings" owner="BuiltIn">
<arg>${user["name"].split(" ")[0]} ${user["name"].split(" ")[1]}</arg>
<arg>${fetched_name}</arg>
<doc>Fails if objects are unequal after converting them to strings.</doc>
<status status="PASS" start="2025-09-26T04:01:12.376914" elapsed="0.000760"/>
</kw>
<arg>${user}</arg>
<status status="PASS" start="2025-09-26T04:01:11.454001" elapsed="0.923728"/>
</kw>
<var name="${user}">{'id': 1, 'name': 'Leanne Graham', 'username': 'Bret', 'email': 'Sincere@april.biz', 'address': {'street': 'Kulas Light', 'suite': 'Apt. 556', 'city': 'Gwenborough', 'zipcode': '92998-3874', 'geo': {'...</var>
<status status="PASS" start="2025-09-26T04:01:10.238159" elapsed="2.139598"/>
</iter>
<iter>
<kw name="Create User" owner="Task_1">
<kw name="Click Element" owner="SeleniumLibrary">
<msg time="2025-09-26T04:01:12.378332" level="INFO">Clicking element '//a[@aria-label="Create"]'.</msg>
<arg>${customers_btn_create}</arg>
<doc>Click the element identified by ``locator``.</doc>
<status status="PASS" start="2025-09-26T04:01:12.378207" elapsed="0.032929"/>
</kw>
<kw name="Wait Until Element Is Visible" owner="SeleniumLibrary">
<arg>${customers_txt_firstname}</arg>
<doc>Waits until the element ``locator`` is visible.</doc>
<status status="PASS" start="2025-09-26T04:01:12.411259" elapsed="0.030424"/>
</kw>
<kw name="Input Text" owner="SeleniumLibrary">
<msg time="2025-09-26T04:01:12.442152" level="INFO">Typing text 'Ervin' into text field '//input[@name="first_name"]'.</msg>
<arg>${customers_txt_firstname}</arg>
<arg>${user["name"].split(" ")[0]}</arg>
<doc>Types the given ``text`` into the text field identified by ``locator``.</doc>
<status status="PASS" start="2025-09-26T04:01:12.441794" elapsed="0.032489"/>
</kw>
<kw name="Input Text" owner="SeleniumLibrary">
<msg time="2025-09-26T04:01:12.474884" level="INFO">Typing text 'Howell' into text field '//input[@name="last_name"]'.</msg>
<arg>${customers_txt_lastname}</arg>
<arg>${user["name"].split(" ")[1]}</arg>
<doc>Types the given ``text`` into the text field identified by ``locator``.</doc>
<status status="PASS" start="2025-09-26T04:01:12.474433" elapsed="0.031772"/>
</kw>
<kw name="Evaluate" owner="BuiltIn">
<msg time="2025-09-26T04:01:12.506760" level="INFO">${email} = shanna@melissa.tv</msg>
<var>${email}</var>
<arg>"${user['email'].lower()}"</arg>
<doc>Evaluates the given expression in Python and returns the result.</doc>
<status status="PASS" start="2025-09-26T04:01:12.506323" elapsed="0.000458"/>
</kw>
<kw name="Clear And Input Text" owner="App">
<kw name="Press Keys" owner="SeleniumLibrary">
<msg time="2025-09-26T04:01:12.507239" level="INFO">Sending key(s) ('COMMAND+a', 'BACKSPACE') to //input[@name="email"] element.</msg>
<msg time="2025-09-26T04:01:12.818954" level="INFO">Pressing special key COMMAND down.</msg>
<msg time="2025-09-26T04:01:12.819043" level="INFO">Sending key a</msg>
<msg time="2025-09-26T04:01:12.819077" level="INFO">Releasing special key COMMAND.</msg>
<msg time="2025-09-26T04:01:12.824558" level="INFO">Pressing special key BACKSPACE to element.</msg>
<msg time="2025-09-26T04:01:12.824619" level="INFO">Releasing special key BACKSPACE.</msg>
<arg>${locator}</arg>
<arg>COMMAND+a</arg>
<arg>BACKSPACE</arg>
<doc>Simulates the user pressing key(s) to an element or on the active browser.</doc>
<status status="PASS" start="2025-09-26T04:01:12.507031" elapsed="0.320814"/>
</kw>
<kw name="Input Text" owner="SeleniumLibrary">
<msg time="2025-09-26T04:01:12.828222" level="INFO">Typing text 'shanna@melissa.tv' into text field '//input[@name="email"]'.</msg>
<arg>${locator}</arg>
<arg>${text}</arg>
<doc>Types the given ``text`` into the text field identified by ``locator``.</doc>
<status status="PASS" start="2025-09-26T04:01:12.828010" elapsed="0.040245"/>
</kw>
<arg>${customers_txt_email}</arg>
<arg>${email}</arg>
<status status="PASS" start="2025-09-26T04:01:12.506878" elapsed="0.361447"/>
</kw>
<kw name="Input Text" owner="SeleniumLibrary">
<msg time="2025-09-26T04:01:12.868821" level="INFO">Typing text '11/14/2000' into text field '//input[@name="birthday"]'.</msg>
<arg>${customers_txt_birthday}</arg>
<arg>${user["birthday"]}</arg>
<doc>Types the given ``text`` into the text field identified by ``locator``.</doc>
<status status="PASS" start="2025-09-26T04:01:12.868415" elapsed="0.040561"/>
</kw>
<kw name="Input Text" owner="SeleniumLibrary">
<msg time="2025-09-26T04:01:12.909590" level="INFO">Typing text 'Victor Plains Suite 879' into text field '//textArea[@name="address"]'.</msg>
<arg>${customers_txt_address}</arg>
<arg>${user["address"]["street"]} ${user["address"]["suite"]}</arg>
<doc>Types the given ``text`` into the text field identified by ``locator``.</doc>
<status status="PASS" start="2025-09-26T04:01:12.909084" elapsed="0.040259"/>
</kw>
<kw name="Input Text" owner="SeleniumLibrary">
<msg time="2025-09-26T04:01:12.950083" level="INFO">Typing text 'Wisokyburgh' into text field '//input[@name="city"]'.</msg>
<arg>${customers_txt_city}</arg>
<arg>${user["address"]["city"]}</arg>
<doc>Types the given ``text`` into the text field identified by ``locator``.</doc>
<status status="PASS" start="2025-09-26T04:01:12.949512" elapsed="0.035144"/>
</kw>
<kw name="Input Text" owner="SeleniumLibrary">
<msg time="2025-09-26T04:01:12.985125" level="INFO">Typing text 'VSW' into text field '//input[@name="stateAbbr"]'.</msg>
<arg>${customers_txt_stateAbbr}</arg>
<arg>${user["stateAbbr"]}</arg>
<doc>Types the given ``text`` into the text field identified by ``locator``.</doc>
<status status="PASS" start="2025-09-26T04:01:12.984766" elapsed="0.031575"/>
</kw>
<kw name="Input Text" owner="SeleniumLibrary">
<msg time="2025-09-26T04:01:13.016812" level="INFO">Typing text '90566-7771' into text field '//input[@name="zipcode"]'.</msg>
<arg>${customers_txt_zipcode}</arg>
<arg>${user["address"]["zipcode"]}</arg>
<doc>Types the given ``text`` into the text field identified by ``locator``.</doc>
<status status="PASS" start="2025-09-26T04:01:13.016452" elapsed="0.034640"/>
</kw>
<kw name="Input Text" owner="SeleniumLibrary">
<msg time="2025-09-26T04:01:13.051646" level="INFO">Typing text 'gvIl7yFC' into text field '//input[@name="password"]'.</msg>
<arg>${customers_txt_password}</arg>
<arg>${user["password"]}</arg>
<doc>Types the given ``text`` into the text field identified by ``locator``.</doc>
<status status="PASS" start="2025-09-26T04:01:13.051214" elapsed="0.035437"/>
</kw>
<kw name="Input Text" owner="SeleniumLibrary">
<msg time="2025-09-26T04:01:13.087281" level="INFO">Typing text 'gvIl7yFC' into text field '//input[@name="confirm_password"]'.</msg>
<arg>${customers_txt_confirm_password}</arg>
<arg>${user["password"]}</arg>
<doc>Types the given ``text`` into the text field identified by ``locator``.</doc>
<status status="PASS" start="2025-09-26T04:01:13.086862" elapsed="0.035777"/>
</kw>
<kw name="Click Element" owner="SeleniumLibrary">
<msg time="2025-09-26T04:01:13.122911" level="INFO">Clicking element '//button[@aria-label="Save"]'.</msg>
<arg>${customers_btn_save}</arg>
<doc>Click the element identified by ``locator``.</doc>
<status status="PASS" start="2025-09-26T04:01:13.122759" elapsed="0.028585"/>
</kw>
<kw name="Wait Until Page Contains" owner="SeleniumLibrary">
<arg>Customer created</arg>
<doc>Waits until ``text`` appears on the current page.</doc>
<status status="PASS" start="2025-09-26T04:01:13.151464" elapsed="0.423404"/>
</kw>
<arg>${user}</arg>
<status status="PASS" start="2025-09-26T04:01:12.378005" elapsed="1.196940"/>
</kw>
<kw name="Verify User Is Added" owner="Task_2">
<kw name="Go To Customers Page" owner="App">
<kw name="Click Element" owner="SeleniumLibrary">
<msg time="2025-09-26T04:01:13.575548" level="INFO">Clicking element '(//p[text()="Customers"])[2]'.</msg>
<arg>${nav_btn_customers}</arg>
<doc>Click the element identified by ``locator``.</doc>
<status status="PASS" start="2025-09-26T04:01:13.575447" elapsed="0.037037"/>
</kw>
<kw name="Wait Until Element Is Visible" owner="SeleniumLibrary">
<arg>${table_row}</arg>
<doc>Waits until the element ``locator`` is visible.</doc>
<status status="PASS" start="2025-09-26T04:01:13.612608" elapsed="0.047801"/>
</kw>
<status status="PASS" start="2025-09-26T04:01:13.575334" elapsed="0.085141"/>
</kw>
<kw name="Wait Until Element Is Not Visible" owner="SeleniumLibrary">
<arg>(${table_row})[1]//td//div[contains(@class,"MuiAvatar-colorDefault") and text()]</arg>
<doc>Waits until the element ``locator`` is not visible.</doc>
<status status="PASS" start="2025-09-26T04:01:13.660566" elapsed="0.004804"/>
</kw>
<kw name="Wait Until Element Is Visible" owner="SeleniumLibrary">
<arg>(${table_row})[1]//td//div[contains(@class, "MuiAvatar-colorDefault") and text()]</arg>
<doc>Waits until the element ``locator`` is visible.</doc>
<status status="PASS" start="2025-09-26T04:01:13.665464" elapsed="0.628588"/>
</kw>
<kw name="Get Text" owner="SeleniumLibrary">
<msg time="2025-09-26T04:01:14.301019" level="INFO">${fetched_name} = E
Ervin Howell</msg>
<var>${fetched_name}</var>
<arg>(${table_row})[1]//td[2]</arg>
<doc>Returns the text value of the element identified by ``locator``.</doc>
<status status="PASS" start="2025-09-26T04:01:14.294169" elapsed="0.006880"/>
</kw>
<if>
<branch type="IF" condition="&quot;\\n&quot; in &quot;&quot;&quot;${fetched_name}&quot;&quot;&quot;">
<kw name="Evaluate" owner="BuiltIn">
<msg time="2025-09-26T04:01:14.301367" level="INFO">${fetched_name} = Ervin Howell</msg>
<var>${fetched_name}</var>
<arg>"""${fetched_name}""".replace("\\n","")[1:]</arg>
<doc>Evaluates the given expression in Python and returns the result.</doc>
<status status="PASS" start="2025-09-26T04:01:14.301249" elapsed="0.000135"/>
</kw>
<status status="PASS" start="2025-09-26T04:01:14.301111" elapsed="0.000295"/>
</branch>
<status status="PASS" start="2025-09-26T04:01:14.301098" elapsed="0.000328"/>
</if>
<kw name="Should Be Equal As Strings" owner="BuiltIn">
<arg>${user["name"].split(" ")[0]} ${user["name"].split(" ")[1]}</arg>
<arg>${fetched_name}</arg>
<doc>Fails if objects are unequal after converting them to strings.</doc>
<status status="PASS" start="2025-09-26T04:01:14.301476" elapsed="0.000473"/>
</kw>
<arg>${user}</arg>
<status status="PASS" start="2025-09-26T04:01:13.575156" elapsed="0.726830"/>
</kw>
<var name="${user}">{'id': 2, 'name': 'Ervin Howell', 'username': 'Antonette', 'email': 'Shanna@melissa.tv', 'address': {'street': 'Victor Plains', 'suite': 'Suite 879', 'city': 'Wisokyburgh', 'zipcode': '90566-7771', 'g...</var>
<status status="PASS" start="2025-09-26T04:01:12.377863" elapsed="1.924143"/>
</iter>
<iter>
<kw name="Create User" owner="Task_1">
<kw name="Click Element" owner="SeleniumLibrary">
<msg time="2025-09-26T04:01:14.302372" level="INFO">Clicking element '//a[@aria-label="Create"]'.</msg>
<arg>${customers_btn_create}</arg>
<doc>Click the element identified by ``locator``.</doc>
<status status="PASS" start="2025-09-26T04:01:14.302289" elapsed="0.028387"/>
</kw>
<kw name="Wait Until Element Is Visible" owner="SeleniumLibrary">
<arg>${customers_txt_firstname}</arg>
<doc>Waits until the element ``locator`` is visible.</doc>
<status status="PASS" start="2025-09-26T04:01:14.330792" elapsed="0.023818"/>
</kw>
<kw name="Input Text" owner="SeleniumLibrary">
<msg time="2025-09-26T04:01:14.355130" level="INFO">Typing text 'Clementine' into text field '//input[@name="first_name"]'.</msg>
<arg>${customers_txt_firstname}</arg>
<arg>${user["name"].split(" ")[0]}</arg>
<doc>Types the given ``text`` into the text field identified by ``locator``.</doc>
<status status="PASS" start="2025-09-26T04:01:14.354736" elapsed="0.033753"/>
</kw>
<kw name="Input Text" owner="SeleniumLibrary">
<msg time="2025-09-26T04:01:14.388944" level="INFO">Typing text 'Bauch' into text field '//input[@name="last_name"]'.</msg>
<arg>${customers_txt_lastname}</arg>
<arg>${user["name"].split(" ")[1]}</arg>
<doc>Types the given ``text`` into the text field identified by ``locator``.</doc>
<status status="PASS" start="2025-09-26T04:01:14.388585" elapsed="0.031858"/>
</kw>
<kw name="Evaluate" owner="BuiltIn">
<msg time="2025-09-26T04:01:14.420979" level="INFO">${email} = nathan@yesenia.net</msg>
<var>${email}</var>
<arg>"${user['email'].lower()}"</arg>
<doc>Evaluates the given expression in Python and returns the result.</doc>
<status status="PASS" start="2025-09-26T04:01:14.420565" elapsed="0.000433"/>
</kw>
<kw name="Clear And Input Text" owner="App">
<kw name="Press Keys" owner="SeleniumLibrary">
<msg time="2025-09-26T04:01:14.421597" level="INFO">Sending key(s) ('COMMAND+a', 'BACKSPACE') to //input[@name="email"] element.</msg>
<msg time="2025-09-26T04:01:14.725362" level="INFO">Pressing special key COMMAND down.</msg>
<msg time="2025-09-26T04:01:14.725457" level="INFO">Sending key a</msg>
<msg time="2025-09-26T04:01:14.725496" level="INFO">Releasing special key COMMAND.</msg>
<msg time="2025-09-26T04:01:14.730942" level="INFO">Pressing special key BACKSPACE to element.</msg>
<msg time="2025-09-26T04:01:14.731019" level="INFO">Releasing special key BACKSPACE.</msg>
<arg>${locator}</arg>
<arg>COMMAND+a</arg>
<arg>BACKSPACE</arg>
<doc>Simulates the user pressing key(s) to an element or on the active browser.</doc>
<status status="PASS" start="2025-09-26T04:01:14.421274" elapsed="0.312958"/>
</kw>
<kw name="Input Text" owner="SeleniumLibrary">
<msg time="2025-09-26T04:01:14.734695" level="INFO">Typing text 'nathan@yesenia.net' into text field '//input[@name="email"]'.</msg>
<arg>${locator}</arg>
<arg>${text}</arg>
<doc>Types the given ``text`` into the text field identified by ``locator``.</doc>
<status status="PASS" start="2025-09-26T04:01:14.734438" elapsed="0.044354"/>
</kw>
<arg>${customers_txt_email}</arg>
<arg>${email}</arg>
<status status="PASS" start="2025-09-26T04:01:14.421100" elapsed="0.357770"/>
</kw>
<kw name="Input Text" owner="SeleniumLibrary">
<msg time="2025-09-26T04:01:14.779448" level="INFO">Typing text '08/20/2005' into text field '//input[@name="birthday"]'.</msg>
<arg>${customers_txt_birthday}</arg>
<arg>${user["birthday"]}</arg>
<doc>Types the given ``text`` into the text field identified by ``locator``.</doc>
<status status="PASS" start="2025-09-26T04:01:14.778963" elapsed="0.040338"/>
</kw>
<kw name="Input Text" owner="SeleniumLibrary">
<msg time="2025-09-26T04:01:14.819927" level="INFO">Typing text 'Douglas Extension Suite 847' into text field '//textArea[@name="address"]'.</msg>
<arg>${customers_txt_address}</arg>
<arg>${user["address"]["street"]} ${user["address"]["suite"]}</arg>
<doc>Types the given ``text`` into the text field identified by ``locator``.</doc>
<status status="PASS" start="2025-09-26T04:01:14.819409" elapsed="0.041673"/>
</kw>
<kw name="Input Text" owner="SeleniumLibrary">
<msg time="2025-09-26T04:01:14.861726" level="INFO">Typing text 'McKenziehaven' into text field '//input[@name="city"]'.</msg>
<arg>${customers_txt_city}</arg>
<arg>${user["address"]["city"]}</arg>
<doc>Types the given ``text`` into the text field identified by ``locator``.</doc>
<status status="PASS" start="2025-09-26T04:01:14.861292" elapsed="0.036118"/>
</kw>
<kw name="Input Text" owner="SeleniumLibrary">
<msg time="2025-09-26T04:01:14.897873" level="INFO">Typing text 'DSM' into text field '//input[@name="stateAbbr"]'.</msg>
<arg>${customers_txt_stateAbbr}</arg>
<arg>${user["stateAbbr"]}</arg>
<doc>Types the given ``text`` into the text field identified by ``locator``.</doc>
<status status="PASS" start="2025-09-26T04:01:14.897518" elapsed="0.031893"/>
</kw>
<kw name="Input Text" owner="SeleniumLibrary">
<msg time="2025-09-26T04:01:14.929840" level="INFO">Typing text '59590-4157' into text field '//input[@name="zipcode"]'.</msg>
<arg>${customers_txt_zipcode}</arg>
<arg>${user["address"]["zipcode"]}</arg>
<doc>Types the given ``text`` into the text field identified by ``locator``.</doc>
<status status="PASS" start="2025-09-26T04:01:14.929513" elapsed="0.034218"/>
</kw>
<kw name="Input Text" owner="SeleniumLibrary">
<msg time="2025-09-26T04:01:14.964185" level="INFO">Typing text 'rwUowFWQ' into text field '//input[@name="password"]'.</msg>
<arg>${customers_txt_password}</arg>
<arg>${user["password"]}</arg>
<doc>Types the given ``text`` into the text field identified by ``locator``.</doc>
<status status="PASS" start="2025-09-26T04:01:14.963832" elapsed="0.037259"/>
</kw>
<kw name="Input Text" owner="SeleniumLibrary">
<msg time="2025-09-26T04:01:15.001563" level="INFO">Typing text 'rwUowFWQ' into text field '//input[@name="confirm_password"]'.</msg>
<arg>${customers_txt_confirm_password}</arg>
<arg>${user["password"]}</arg>
<doc>Types the given ``text`` into the text field identified by ``locator``.</doc>
<status status="PASS" start="2025-09-26T04:01:15.001200" elapsed="0.034238"/>
</kw>
<kw name="Click Element" owner="SeleniumLibrary">
<msg time="2025-09-26T04:01:15.035669" level="INFO">Clicking element '//button[@aria-label="Save"]'.</msg>
<arg>${customers_btn_save}</arg>
<doc>Click the element identified by ``locator``.</doc>
<status status="PASS" start="2025-09-26T04:01:15.035549" elapsed="0.033278"/>
</kw>
<kw name="Wait Until Page Contains" owner="SeleniumLibrary">
<arg>Customer created</arg>
<doc>Waits until ``text`` appears on the current page.</doc>
<status status="PASS" start="2025-09-26T04:01:15.068942" elapsed="0.424819"/>
</kw>
<arg>${user}</arg>
<status status="PASS" start="2025-09-26T04:01:14.302166" elapsed="1.191685"/>
</kw>
<kw name="Verify User Is Added" owner="Task_2">
<kw name="Go To Customers Page" owner="App">
<kw name="Click Element" owner="SeleniumLibrary">
<msg time="2025-09-26T04:01:15.494579" level="INFO">Clicking element '(//p[text()="Customers"])[2]'.</msg>
<arg>${nav_btn_customers}</arg>
<doc>Click the element identified by ``locator``.</doc>
<status status="PASS" start="2025-09-26T04:01:15.494445" elapsed="0.028353"/>
</kw>
<kw name="Wait Until Element Is Visible" owner="SeleniumLibrary">
<arg>${table_row}</arg>
<doc>Waits until the element ``locator`` is visible.</doc>
<status status="PASS" start="2025-09-26T04:01:15.522985" elapsed="0.254153"/>
</kw>
<status status="PASS" start="2025-09-26T04:01:15.494297" elapsed="0.282980"/>
</kw>
<kw name="Wait Until Element Is Not Visible" owner="SeleniumLibrary">
<arg>(${table_row})[1]//td//div[contains(@class,"MuiAvatar-colorDefault") and text()]</arg>
<doc>Waits until the element ``locator`` is not visible.</doc>
<status status="PASS" start="2025-09-26T04:01:15.777450" elapsed="0.005093"/>
</kw>
<kw name="Wait Until Element Is Visible" owner="SeleniumLibrary">
<arg>(${table_row})[1]//td//div[contains(@class, "MuiAvatar-colorDefault") and text()]</arg>
<doc>Waits until the element ``locator`` is visible.</doc>
<status status="PASS" start="2025-09-26T04:01:15.782676" elapsed="0.649930"/>
</kw>
<kw name="Get Text" owner="SeleniumLibrary">
<msg time="2025-09-26T04:01:16.445826" level="INFO">${fetched_name} = C
Clementine Bauch</msg>
<var>${fetched_name}</var>
<arg>(${table_row})[1]//td[2]</arg>
<doc>Returns the text value of the element identified by ``locator``.</doc>
<status status="PASS" start="2025-09-26T04:01:16.432913" elapsed="0.012961"/>
</kw>
<if>
<branch type="IF" condition="&quot;\\n&quot; in &quot;&quot;&quot;${fetched_name}&quot;&quot;&quot;">
<kw name="Evaluate" owner="BuiltIn">
<msg time="2025-09-26T04:01:16.446525" level="INFO">${fetched_name} = Clementine Bauch</msg>
<var>${fetched_name}</var>
<arg>"""${fetched_name}""".replace("\\n","")[1:]</arg>
<doc>Evaluates the given expression in Python and returns the result.</doc>
<status status="PASS" start="2025-09-26T04:01:16.446284" elapsed="0.000266"/>
</kw>
<status status="PASS" start="2025-09-26T04:01:16.446004" elapsed="0.000587"/>
</branch>
<status status="PASS" start="2025-09-26T04:01:16.445974" elapsed="0.000661"/>
</if>
<kw name="Should Be Equal As Strings" owner="BuiltIn">
<arg>${user["name"].split(" ")[0]} ${user["name"].split(" ")[1]}</arg>
<arg>${fetched_name}</arg>
<doc>Fails if objects are unequal after converting them to strings.</doc>
<status status="PASS" start="2025-09-26T04:01:16.446722" elapsed="0.000964"/>
</kw>
<arg>${user}</arg>
<status status="PASS" start="2025-09-26T04:01:15.494040" elapsed="0.953720"/>
</kw>
<var name="${user}">{'id': 3, 'name': 'Clementine Bauch', 'username': 'Samantha', 'email': 'Nathan@yesenia.net', 'address': {'street': 'Douglas Extension', 'suite': 'Suite 847', 'city': 'McKenziehaven', 'zipcode': '59590...</var>
<status status="PASS" start="2025-09-26T04:01:14.302075" elapsed="2.145723"/>
</iter>
<iter>
<kw name="Create User" owner="Task_1">
<kw name="Click Element" owner="SeleniumLibrary">
<msg time="2025-09-26T04:01:16.448523" level="INFO">Clicking element '//a[@aria-label="Create"]'.</msg>
<arg>${customers_btn_create}</arg>
<doc>Click the element identified by ``locator``.</doc>
<status status="PASS" start="2025-09-26T04:01:16.448366" elapsed="0.034789"/>
</kw>
<kw name="Wait Until Element Is Visible" owner="SeleniumLibrary">
<arg>${customers_txt_firstname}</arg>
<doc>Waits until the element ``locator`` is visible.</doc>
<status status="PASS" start="2025-09-26T04:01:16.483331" elapsed="0.024478"/>
</kw>
<kw name="Input Text" owner="SeleniumLibrary">
<msg time="2025-09-26T04:01:16.508289" level="INFO">Typing text 'Patricia' into text field '//input[@name="first_name"]'.</msg>
<arg>${customers_txt_firstname}</arg>
<arg>${user["name"].split(" ")[0]}</arg>
<doc>Types the given ``text`` into the text field identified by ``locator``.</doc>
<status status="PASS" start="2025-09-26T04:01:16.507919" elapsed="0.032449"/>
</kw>
<kw name="Input Text" owner="SeleniumLibrary">
<msg time="2025-09-26T04:01:16.540967" level="INFO">Typing text 'Lebsack' into text field '//input[@name="last_name"]'.</msg>
<arg>${customers_txt_lastname}</arg>
<arg>${user["name"].split(" ")[1]}</arg>
<doc>Types the given ``text`` into the text field identified by ``locator``.</doc>
<status status="PASS" start="2025-09-26T04:01:16.540496" elapsed="0.034035"/>
</kw>
<kw name="Evaluate" owner="BuiltIn">
<msg time="2025-09-26T04:01:16.578127" level="INFO">${email} = julianne.oconner@kory.org</msg>
<var>${email}</var>
<arg>"${user['email'].lower()}"</arg>
<doc>Evaluates the given expression in Python and returns the result.</doc>
<status status="PASS" start="2025-09-26T04:01:16.574661" elapsed="0.003493"/>
</kw>
<kw name="Clear And Input Text" owner="App">
<kw name="Press Keys" owner="SeleniumLibrary">
<msg time="2025-09-26T04:01:16.578702" level="INFO">Sending key(s) ('COMMAND+a', 'BACKSPACE') to //input[@name="email"] element.</msg>
<msg time="2025-09-26T04:01:16.883930" level="INFO">Pressing special key COMMAND down.</msg>
<msg time="2025-09-26T04:01:16.884016" level="INFO">Sending key a</msg>
<msg time="2025-09-26T04:01:16.884149" level="INFO">Releasing special key COMMAND.</msg>
<msg time="2025-09-26T04:01:16.891104" level="INFO">Pressing special key BACKSPACE to element.</msg>
<msg time="2025-09-26T04:01:16.891173" level="INFO">Releasing special key BACKSPACE.</msg>
<arg>${locator}</arg>
<arg>COMMAND+a</arg>
<arg>BACKSPACE</arg>
<doc>Simulates the user pressing key(s) to an element or on the active browser.</doc>
<status status="PASS" start="2025-09-26T04:01:16.578452" elapsed="0.315969"/>
</kw>
<kw name="Input Text" owner="SeleniumLibrary">
<msg time="2025-09-26T04:01:16.894962" level="INFO">Typing text 'julianne.oconner@kory.org' into text field '//input[@name="email"]'.</msg>
<arg>${locator}</arg>
<arg>${text}</arg>
<doc>Types the given ``text`` into the text field identified by ``locator``.</doc>
<status status="PASS" start="2025-09-26T04:01:16.894647" elapsed="0.047920"/>
</kw>
<arg>${customers_txt_email}</arg>
<arg>${email}</arg>
<status status="PASS" start="2025-09-26T04:01:16.578273" elapsed="0.364366"/>
</kw>
<kw name="Input Text" owner="SeleniumLibrary">
<msg time="2025-09-26T04:01:16.943132" level="INFO">Typing text '09/11/2003' into text field '//input[@name="birthday"]'.</msg>
<arg>${customers_txt_birthday}</arg>
<arg>${user["birthday"]}</arg>
<doc>Types the given ``text`` into the text field identified by ``locator``.</doc>
<status status="PASS" start="2025-09-26T04:01:16.942728" elapsed="0.043190"/>
</kw>
<kw name="Input Text" owner="SeleniumLibrary">
<msg time="2025-09-26T04:01:16.986529" level="INFO">Typing text 'Hoeger Mall Apt. 692' into text field '//textArea[@name="address"]'.</msg>
<arg>${customers_txt_address}</arg>
<arg>${user["address"]["street"]} ${user["address"]["suite"]}</arg>
<doc>Types the given ``text`` into the text field identified by ``locator``.</doc>
<status status="PASS" start="2025-09-26T04:01:16.986024" elapsed="0.036882"/>
</kw>
<kw name="Input Text" owner="SeleniumLibrary">
<msg time="2025-09-26T04:01:17.023363" level="INFO">Typing text 'South Elvis' into text field '//input[@name="city"]'.</msg>
<arg>${customers_txt_city}</arg>
<arg>${user["address"]["city"]}</arg>
<doc>Types the given ``text`` into the text field identified by ``locator``.</doc>
<status status="PASS" start="2025-09-26T04:01:17.023015" elapsed="0.034402"/>
</kw>
<kw name="Input Text" owner="SeleniumLibrary">
<msg time="2025-09-26T04:01:17.057896" level="INFO">Typing text 'HAS' into text field '//input[@name="stateAbbr"]'.</msg>
<arg>${customers_txt_stateAbbr}</arg>
<arg>${user["stateAbbr"]}</arg>
<doc>Types the given ``text`` into the text field identified by ``locator``.</doc>
<status status="PASS" start="2025-09-26T04:01:17.057523" elapsed="0.031572"/>
</kw>
<kw name="Input Text" owner="SeleniumLibrary">
<msg time="2025-09-26T04:01:17.089531" level="INFO">Typing text '53919-4257' into text field '//input[@name="zipcode"]'.</msg>
<arg>${customers_txt_zipcode}</arg>
<arg>${user["address"]["zipcode"]}</arg>
<doc>Types the given ``text`` into the text field identified by ``locator``.</doc>
<status status="PASS" start="2025-09-26T04:01:17.089198" elapsed="0.033433"/>
</kw>
<kw name="Input Text" owner="SeleniumLibrary">
<msg time="2025-09-26T04:01:17.123134" level="INFO">Typing text 'TY&amp;J59w%' into text field '//input[@name="password"]'.</msg>
<arg>${customers_txt_password}</arg>
<arg>${user["password"]}</arg>
<doc>Types the given ``text`` into the text field identified by ``locator``.</doc>
<status status="PASS" start="2025-09-26T04:01:17.122782" elapsed="0.036647"/>
</kw>
<kw name="Input Text" owner="SeleniumLibrary">
<msg time="2025-09-26T04:01:17.159909" level="INFO">Typing text 'TY&amp;J59w%' into text field '//input[@name="confirm_password"]'.</msg>
<arg>${customers_txt_confirm_password}</arg>
<arg>${user["password"]}</arg>
<doc>Types the given ``text`` into the text field identified by ``locator``.</doc>
<status status="PASS" start="2025-09-26T04:01:17.159537" elapsed="0.035435"/>
</kw>
<kw name="Click Element" owner="SeleniumLibrary">
<msg time="2025-09-26T04:01:17.195200" level="INFO">Clicking element '//button[@aria-label="Save"]'.</msg>
<arg>${customers_btn_save}</arg>
<doc>Click the element identified by ``locator``.</doc>
<status status="PASS" start="2025-09-26T04:01:17.195074" elapsed="0.029733"/>
</kw>
<kw name="Wait Until Page Contains" owner="SeleniumLibrary">
<arg>Customer created</arg>
<doc>Waits until ``text`` appears on the current page.</doc>
<status status="PASS" start="2025-09-26T04:01:17.224939" elapsed="0.425486"/>
</kw>
<arg>${user}</arg>
<status status="PASS" start="2025-09-26T04:01:16.448119" elapsed="1.202392"/>
</kw>
<kw name="Verify User Is Added" owner="Task_2">
<kw name="Go To Customers Page" owner="App">
<kw name="Click Element" owner="SeleniumLibrary">
<msg time="2025-09-26T04:01:17.651204" level="INFO">Clicking element '(//p[text()="Customers"])[2]'.</msg>
<arg>${nav_btn_customers}</arg>
<doc>Click the element identified by ``locator``.</doc>
<status status="PASS" start="2025-09-26T04:01:17.651072" elapsed="0.027195"/>
</kw>
<kw name="Wait Until Element Is Visible" owner="SeleniumLibrary">
<arg>${table_row}</arg>
<doc>Waits until the element ``locator`` is visible.</doc>
<status status="PASS" start="2025-09-26T04:01:17.678385" elapsed="0.221250"/>
</kw>
<status status="PASS" start="2025-09-26T04:01:17.650929" elapsed="0.248814"/>
</kw>
<kw name="Wait Until Element Is Not Visible" owner="SeleniumLibrary">
<arg>(${table_row})[1]//td//div[contains(@class,"MuiAvatar-colorDefault") and text()]</arg>
<doc>Waits until the element ``locator`` is not visible.</doc>
<status status="PASS" start="2025-09-26T04:01:17.899878" elapsed="0.004374"/>
</kw>
<kw name="Wait Until Element Is Visible" owner="SeleniumLibrary">
<arg>(${table_row})[1]//td//div[contains(@class, "MuiAvatar-colorDefault") and text()]</arg>
<doc>Waits until the element ``locator`` is visible.</doc>
<status status="PASS" start="2025-09-26T04:01:17.904388" elapsed="0.649232"/>
</kw>
<kw name="Get Text" owner="SeleniumLibrary">
<msg time="2025-09-26T04:01:18.567628" level="INFO">${fetched_name} = P
Patricia Lebsack</msg>
<var>${fetched_name}</var>
<arg>(${table_row})[1]//td[2]</arg>
<doc>Returns the text value of the element identified by ``locator``.</doc>
<status status="PASS" start="2025-09-26T04:01:18.553922" elapsed="0.013753"/>
</kw>
<if>
<branch type="IF" condition="&quot;\\n&quot; in &quot;&quot;&quot;${fetched_name}&quot;&quot;&quot;">
<kw name="Evaluate" owner="BuiltIn">
<msg time="2025-09-26T04:01:18.568307" level="INFO">${fetched_name} = Patricia Lebsack</msg>
<var>${fetched_name}</var>
<arg>"""${fetched_name}""".replace("\\n","")[1:]</arg>
<doc>Evaluates the given expression in Python and returns the result.</doc>
<status status="PASS" start="2025-09-26T04:01:18.568079" elapsed="0.000253"/>
</kw>
<status status="PASS" start="2025-09-26T04:01:18.567807" elapsed="0.000566"/>
</branch>
<status status="PASS" start="2025-09-26T04:01:18.567777" elapsed="0.000644"/>
</if>
<kw name="Should Be Equal As Strings" owner="BuiltIn">
<arg>${user["name"].split(" ")[0]} ${user["name"].split(" ")[1]}</arg>
<arg>${fetched_name}</arg>
<doc>Fails if objects are unequal after converting them to strings.</doc>
<status status="PASS" start="2025-09-26T04:01:18.568509" elapsed="0.000923"/>
</kw>
<arg>${user}</arg>
<status status="PASS" start="2025-09-26T04:01:17.650698" elapsed="0.918811"/>
</kw>
<var name="${user}">{'id': 4, 'name': 'Patricia Lebsack', 'username': 'Karianne', 'email': 'Julianne.OConner@kory.org', 'address': {'street': 'Hoeger Mall', 'suite': 'Apt. 692', 'city': 'South Elvis', 'zipcode': '53919-4...</var>
<status status="PASS" start="2025-09-26T04:01:16.447935" elapsed="2.121613"/>
</iter>
<iter>
<kw name="Create User" owner="Task_1">
<kw name="Click Element" owner="SeleniumLibrary">
<msg time="2025-09-26T04:01:18.570270" level="INFO">Clicking element '//a[@aria-label="Create"]'.</msg>
<arg>${customers_btn_create}</arg>
<doc>Click the element identified by ``locator``.</doc>
<status status="PASS" start="2025-09-26T04:01:18.570112" elapsed="0.035628"/>
</kw>
<kw name="Wait Until Element Is Visible" owner="SeleniumLibrary">
<arg>${customers_txt_firstname}</arg>
<doc>Waits until the element ``locator`` is visible.</doc>
<status status="PASS" start="2025-09-26T04:01:18.605871" elapsed="0.023735"/>
</kw>
<kw name="Input Text" owner="SeleniumLibrary">
<msg time="2025-09-26T04:01:18.630104" level="INFO">Typing text 'Chelsey' into text field '//input[@name="first_name"]'.</msg>
<arg>${customers_txt_firstname}</arg>
<arg>${user["name"].split(" ")[0]}</arg>
<doc>Types the given ``text`` into the text field identified by ``locator``.</doc>
<status status="PASS" start="2025-09-26T04:01:18.629718" elapsed="0.034536"/>
</kw>
<kw name="Input Text" owner="SeleniumLibrary">
<msg time="2025-09-26T04:01:18.664675" level="INFO">Typing text 'Dietrich' into text field '//input[@name="last_name"]'.</msg>
<arg>${customers_txt_lastname}</arg>
<arg>${user["name"].split(" ")[1]}</arg>
<doc>Types the given ``text`` into the text field identified by ``locator``.</doc>
<status status="PASS" start="2025-09-26T04:01:18.664348" elapsed="0.032842"/>
</kw>
<kw name="Evaluate" owner="BuiltIn">
<msg time="2025-09-26T04:01:18.697633" level="INFO">${email} = lucio_hettinger@annie.ca</msg>
<var>${email}</var>
<arg>"${user['email'].lower()}"</arg>
<doc>Evaluates the given expression in Python and returns the result.</doc>
<status status="PASS" start="2025-09-26T04:01:18.697292" elapsed="0.000357"/>
</kw>
<kw name="Clear And Input Text" owner="App">
<kw name="Press Keys" owner="SeleniumLibrary">
<msg time="2025-09-26T04:01:18.698062" level="INFO">Sending key(s) ('COMMAND+a', 'BACKSPACE') to //input[@name="email"] element.</msg>
<msg time="2025-09-26T04:01:18.992032" level="INFO">Pressing special key COMMAND down.</msg>
<msg time="2025-09-26T04:01:18.992126" level="INFO">Sending key a</msg>
<msg time="2025-09-26T04:01:18.992166" level="INFO">Releasing special key COMMAND.</msg>
<msg time="2025-09-26T04:01:18.997187" level="INFO">Pressing special key BACKSPACE to element.</msg>
<msg time="2025-09-26T04:01:18.997265" level="INFO">Releasing special key BACKSPACE.</msg>
<arg>${locator}</arg>
<arg>COMMAND+a</arg>
<arg>BACKSPACE</arg>
<doc>Simulates the user pressing key(s) to an element or on the active browser.</doc>
<status status="PASS" start="2025-09-26T04:01:18.697863" elapsed="0.302694"/>
</kw>
<kw name="Input Text" owner="SeleniumLibrary">
<msg time="2025-09-26T04:01:19.001061" level="INFO">Typing text 'lucio_hettinger@annie.ca' into text field '//input[@name="email"]'.</msg>
<arg>${locator}</arg>
<arg>${text}</arg>
<doc>Types the given ``text`` into the text field identified by ``locator``.</doc>
<status status="PASS" start="2025-09-26T04:01:19.000779" elapsed="0.045533"/>
</kw>
<arg>${customers_txt_email}</arg>
<arg>${email}</arg>
<status status="PASS" start="2025-09-26T04:01:18.697727" elapsed="0.348659"/>
</kw>
<kw name="Input Text" owner="SeleniumLibrary">
<msg time="2025-09-26T04:01:19.046902" level="INFO">Typing text '10/07/2005' into text field '//input[@name="birthday"]'.</msg>
<arg>${customers_txt_birthday}</arg>
<arg>${user["birthday"]}</arg>
<doc>Types the given ``text`` into the text field identified by ``locator``.</doc>
<status status="PASS" start="2025-09-26T04:01:19.046476" elapsed="0.043364"/>
</kw>
<kw name="Input Text" owner="SeleniumLibrary">
<msg time="2025-09-26T04:01:19.090620" level="INFO">Typing text 'Skiles Walks Suite 351' into text field '//textArea[@name="address"]'.</msg>
<arg>${customers_txt_address}</arg>
<arg>${user["address"]["street"]} ${user["address"]["suite"]}</arg>
<doc>Types the given ``text`` into the text field identified by ``locator``.</doc>
<status status="PASS" start="2025-09-26T04:01:19.089982" elapsed="0.040578"/>
</kw>
<kw name="Input Text" owner="SeleniumLibrary">
<msg time="2025-09-26T04:01:19.131146" level="INFO">Typing text 'Roscoeview' into text field '//input[@name="city"]'.</msg>
<arg>${customers_txt_city}</arg>
<arg>${user["address"]["city"]}</arg>
<doc>Types the given ``text`` into the text field identified by ``locator``.</doc>
<status status="PASS" start="2025-09-26T04:01:19.130701" elapsed="0.034905"/>
</kw>
<kw name="Input Text" owner="SeleniumLibrary">
<msg time="2025-09-26T04:01:19.166102" level="INFO">Typing text 'SSR' into text field '//input[@name="stateAbbr"]'.</msg>
<arg>${customers_txt_stateAbbr}</arg>
<arg>${user["stateAbbr"]}</arg>
<doc>Types the given ``text`` into the text field identified by ``locator``.</doc>
<status status="PASS" start="2025-09-26T04:01:19.165716" elapsed="0.031069"/>
</kw>
<kw name="Input Text" owner="SeleniumLibrary">
<msg time="2025-09-26T04:01:19.197224" level="INFO">Typing text '33263' into text field '//input[@name="zipcode"]'.</msg>
<arg>${customers_txt_zipcode}</arg>
<arg>${user["address"]["zipcode"]}</arg>
<doc>Types the given ``text`` into the text field identified by ``locator``.</doc>
<status status="PASS" start="2025-09-26T04:01:19.196887" elapsed="0.032368"/>
</kw>
<kw name="Input Text" owner="SeleniumLibrary">
<msg time="2025-09-26T04:01:19.229703" level="INFO">Typing text 'eU&amp;IpQVD' into text field '//input[@name="password"]'.</msg>
<arg>${customers_txt_password}</arg>
<arg>${user["password"]}</arg>
<doc>Types the given ``text`` into the text field identified by ``locator``.</doc>
<status status="PASS" start="2025-09-26T04:01:19.229355" elapsed="0.034175"/>
</kw>
<kw name="Input Text" owner="SeleniumLibrary">
<msg time="2025-09-26T04:01:19.263994" level="INFO">Typing text 'eU&amp;IpQVD' into text field '//input[@name="confirm_password"]'.</msg>
<arg>${customers_txt_confirm_password}</arg>
<arg>${user["password"]}</arg>
<doc>Types the given ``text`` into the text field identified by ``locator``.</doc>
<status status="PASS" start="2025-09-26T04:01:19.263635" elapsed="0.033749"/>
</kw>
<kw name="Click Element" owner="SeleniumLibrary">
<msg time="2025-09-26T04:01:19.297605" level="INFO">Clicking element '//button[@aria-label="Save"]'.</msg>
<arg>${customers_btn_save}</arg>
<doc>Click the element identified by ``locator``.</doc>
<status status="PASS" start="2025-09-26T04:01:19.297487" elapsed="0.029873"/>
</kw>
<kw name="Wait Until Page Contains" owner="SeleniumLibrary">
<arg>Customer created</arg>
<doc>Waits until ``text`` appears on the current page.</doc>
<status status="PASS" start="2025-09-26T04:01:19.327488" elapsed="0.426240"/>
</kw>
<arg>${user}</arg>
<status status="PASS" start="2025-09-26T04:01:18.569871" elapsed="1.183945"/>
</kw>
<kw name="Verify User Is Added" owner="Task_2">
<kw name="Go To Customers Page" owner="App">
<kw name="Click Element" owner="SeleniumLibrary">
<msg time="2025-09-26T04:01:19.754564" level="INFO">Clicking element '(//p[text()="Customers"])[2]'.</msg>
<arg>${nav_btn_customers}</arg>
<doc>Click the element identified by ``locator``.</doc>
<status status="PASS" start="2025-09-26T04:01:19.754378" elapsed="0.028689"/>
</kw>
<kw name="Wait Until Element Is Visible" owner="SeleniumLibrary">
<arg>${table_row}</arg>
<doc>Waits until the element ``locator`` is visible.</doc>
<status status="PASS" start="2025-09-26T04:01:19.783191" elapsed="0.216171"/>
</kw>
<status status="PASS" start="2025-09-26T04:01:19.754234" elapsed="0.245239"/>
</kw>
<kw name="Wait Until Element Is Not Visible" owner="SeleniumLibrary">
<arg>(${table_row})[1]//td//div[contains(@class,"MuiAvatar-colorDefault") and text()]</arg>
<doc>Waits until the element ``locator`` is not visible.</doc>
<status status="PASS" start="2025-09-26T04:01:19.999598" elapsed="0.004171"/>
</kw>
<kw name="Wait Until Element Is Visible" owner="SeleniumLibrary">
<arg>(${table_row})[1]//td//div[contains(@class, "MuiAvatar-colorDefault") and text()]</arg>
<doc>Waits until the element ``locator`` is visible.</doc>
<status status="PASS" start="2025-09-26T04:01:20.003880" elapsed="0.655215"/>
</kw>
<kw name="Get Text" owner="SeleniumLibrary">
<msg time="2025-09-26T04:01:20.670396" level="INFO">${fetched_name} = C
Chelsey Dietrich</msg>
<var>${fetched_name}</var>
<arg>(${table_row})[1]//td[2]</arg>
<doc>Returns the text value of the element identified by ``locator``.</doc>
<status status="PASS" start="2025-09-26T04:01:20.659379" elapsed="0.011061"/>
</kw>
<if>
<branch type="IF" condition="&quot;\\n&quot; in &quot;&quot;&quot;${fetched_name}&quot;&quot;&quot;">
<kw name="Evaluate" owner="BuiltIn">
<msg time="2025-09-26T04:01:20.671036" level="INFO">${fetched_name} = Chelsey Dietrich</msg>
<var>${fetched_name}</var>
<arg>"""${fetched_name}""".replace("\\n","")[1:]</arg>
<doc>Evaluates the given expression in Python and returns the result.</doc>
<status status="PASS" start="2025-09-26T04:01:20.670840" elapsed="0.000221"/>
</kw>
<status status="PASS" start="2025-09-26T04:01:20.670544" elapsed="0.000593"/>
</branch>
<status status="PASS" start="2025-09-26T04:01:20.670520" elapsed="0.000663"/>
</if>
<kw name="Should Be Equal As Strings" owner="BuiltIn">
<arg>${user["name"].split(" ")[0]} ${user["name"].split(" ")[1]}</arg>
<arg>${fetched_name}</arg>
<doc>Fails if objects are unequal after converting them to strings.</doc>
<status status="PASS" start="2025-09-26T04:01:20.671283" elapsed="0.000814"/>
</kw>
<arg>${user}</arg>
<status status="PASS" start="2025-09-26T04:01:19.754002" elapsed="0.918165"/>
</kw>
<var name="${user}">{'id': 5, 'name': 'Chelsey Dietrich', 'username': 'Kamren', 'email': 'Lucio_Hettinger@annie.ca', 'address': {'street': 'Skiles Walks', 'suite': 'Suite 351', 'city': 'Roscoeview', 'zipcode': '33263', '...</var>
<status status="PASS" start="2025-09-26T04:01:18.569686" elapsed="2.102513"/>
</iter>
<var>${user}</var>
<value>@{users}</value>
<status status="PASS" start="2025-09-26T04:01:10.238045" elapsed="10.434196"/>
</for>
<arg>${users}</arg>
<status status="PASS" start="2025-09-26T04:01:10.237862" elapsed="10.434443"/>
</kw>
<kw name="Capture Page Screenshot" owner="SeleniumLibrary">
<msg time="2025-09-26T04:01:20.779176" level="INFO" html="true">&lt;/td&gt;&lt;/tr&gt;&lt;tr&gt;&lt;td colspan="3"&gt;&lt;a href="selenium-screenshot-2.png"&gt;&lt;img src="selenium-screenshot-2.png" width="800px"&gt;&lt;/a&gt;</msg>
<doc>Takes a screenshot of the current page and embeds it into a log file.</doc>
<status status="PASS" start="2025-09-26T04:01:20.672438" elapsed="0.106803"/>
</kw>
<doc>Login the user, fetch the first 5 users from the API, create them in the system, and verify each one is added successfully.</doc>
<status status="PASS" start="2025-09-26T04:01:09.343363" elapsed="11.435994"/>
</test>
<test id="s1-t2" name="TEST-000002" line="16">
<kw name="Get Last Five Users" owner="CustomLibrary">
<msg time="2025-09-26T04:01:21.088448" level="INFO">[{'id': 6, 'name': 'Mrs. Dennis Schulist', 'username': 'Leopoldo_Corkery', 'email': 'Karley_Dach@jasper.info', 'address': {'street': 'Norberto Crossing', 'suite': 'Apt. 950', 'city': 'South Christy', 'zipcode': '23505-1337', 'geo': {'lat': '-71.4197', 'lng': '71.7478'}}, 'phone': '1-477-935-8478 x6430', 'website': 'ola.org', 'company': {'name': 'Considine-Lockman', 'catchPhrase': 'Synchronised bottom-line interface', 'bs': 'e-enable innovative applications'}, 'birthday': '11/22/2005', 'password': 'Y%nXBQl%', 'stateAbbr': 'NAS'}, {'id': 7, 'name': 'Kurtis Weissnat', 'username': 'Elwyn.Skiles', 'email': 'Telly.Hoeger@billy.biz', 'address': {'street': 'Rex Trail', 'suite': 'Suite 280', 'city': 'Howemouth', 'zipcode': '58804-1099', 'geo': {'lat': '24.8918', 'lng': '21.8984'}}, 'phone': '210.067.6132', 'website': 'elvis.io', 'company': {'name': 'Johns Group', 'catchPhrase': 'Configurable multimedia task-force', 'bs': 'generate enterprise e-tailers'}, 'birthday': '11/14/2001', 'password': 'VZ66a3tC', 'stateAbbr': 'RSH'}, {'id': 8, 'name': 'Nicholas Runolfsdottir V', 'username': 'Maxime_Nienow', 'email': 'Sherwood@rosamond.me', 'address': {'street': 'Ellsworth Summit', 'suite': 'Suite 729', 'city': 'Aliyaview', 'zipcode': '45169', 'geo': {'lat': '-14.3990', 'lng': '-120.7677'}}, 'phone': '586.493.6943 x140', 'website': 'jacynthe.com', 'company': {'name': 'Abernathy Group', 'catchPhrase': 'Implemented secondary concept', 'bs': 'e-enable extensible e-tailers'}, 'birthday': '06/15/2006', 'password': 'bk6lhHEw', 'stateAbbr': 'ESA'}, {'id': 9, 'name': 'Glenna Reichert', 'username': 'Delphine', 'email': 'Chaim_McDermott@dana.io', 'address': {'street': 'Dayna Park', 'suite': 'Suite 449', 'city': 'Bartholomebury', 'zipcode': '76495-3109', 'geo': {'lat': '24.6463', 'lng': '-168.8889'}}, 'phone': '(775)976-6794 x41206', 'website': 'conrad.com', 'company': {'name': 'Yost and Sons', 'catchPhrase': 'Switchable contextually-based project', 'bs': 'aggregate real-time technologies'}, 'birthday': '03/11/2003', 'password': 'Jyun&amp;bn&amp;', 'stateAbbr': 'DSB'}, {'id': 10, 'name': 'Clementina DuBuque', 'username': 'Moriah.Stanton', 'email': 'Rey.Padberg@karina.biz', 'address': {'street': 'Kattie Turnpike', 'suite': 'Suite 198', 'city': 'Lebsackbury', 'zipcode': '31428-2261', 'geo': {'lat': '-38.2386', 'lng': '57.2232'}}, 'phone': '024-648-3804', 'website': 'ambrose.net', 'company': {'name': 'Hoeger LLC', 'catchPhrase': 'Centralized empowering task-force', 'bs': 'target end-to-end models'}, 'birthday': '01/26/2006', 'password': '99kLS1nV', 'stateAbbr': 'KSL'}]</msg>
<msg time="2025-09-26T04:01:21.088645" level="INFO">/opt/homebrew/lib/python3.13/site-packages/urllib3/connectionpool.py:1097: InsecureRequestWarning: Unverified HTTPS request is being made to host 'jsonplaceholder.typicode.com'. Adding certificate verification is strongly advised. See: https://urllib3.readthedocs.io/en/latest/advanced-usage.html#tls-warnings
  warnings.warn(</msg>
<msg time="2025-09-26T04:01:21.088920" level="INFO">${users} = [{'id': 6, 'name': 'Mrs. Dennis Schulist', 'username': 'Leopoldo_Corkery', 'email': 'Karley_Dach@jasper.info', 'address': {'street': 'Norberto Crossing', 'suite': 'Apt. 950', 'city': 'South Christy', ...</msg>
<var>${users}</var>
<status status="PASS" start="2025-09-26T04:01:20.779796" elapsed="0.309165"/>
</kw>
<kw name="Go To Customers Page" owner="App">
<kw name="Click Element" owner="SeleniumLibrary">
<msg time="2025-09-26T04:01:21.089906" level="INFO">Clicking element '(//p[text()="Customers"])[2]'.</msg>
<arg>${nav_btn_customers}</arg>
<doc>Click the element identified by ``locator``.</doc>
<status status="PASS" start="2025-09-26T04:01:21.089676" elapsed="0.040587"/>
</kw>
<kw name="Wait Until Element Is Visible" owner="SeleniumLibrary">
<arg>${table_row}</arg>
<doc>Waits until the element ``locator`` is visible.</doc>
<status status="PASS" start="2025-09-26T04:01:21.130397" elapsed="0.008778"/>
</kw>
<status status="PASS" start="2025-09-26T04:01:21.089326" elapsed="0.049912"/>
</kw>
<kw name="Update And Verify Multiple Users" owner="Task_3">
<kw name="Set Variable" owner="BuiltIn">
<msg time="2025-09-26T04:01:21.139661" level="INFO">${row_index} = 6</msg>
<var>${row_index}</var>
<arg>${start_row}</arg>
<doc>Returns the given values which can then be assigned to a variables.</doc>
<status status="PASS" start="2025-09-26T04:01:21.139578" elapsed="0.000099"/>
</kw>
<for flavor="IN">
<iter>
<kw name="Update Customer Row" owner="Task_3">
<kw name="Click Element" owner="SeleniumLibrary">
<msg time="2025-09-26T04:01:21.140441" level="INFO">Clicking element '//*[@id="main-content"]/div/div[1]/div[2]/div/div[2]/table/tbody/tr[6]'.</msg>
<arg>//*[@id="main-content"]/div/div[1]/div[2]/div/div[2]/table/tbody/tr[${row_index}]</arg>
<doc>Click the element identified by ``locator``.</doc>
<status status="PASS" start="2025-09-26T04:01:21.140336" elapsed="0.027592"/>
</kw>
<kw name="Wait Until Element Is Visible" owner="SeleniumLibrary">
<arg>${customers_txt_firstname}</arg>
<doc>Waits until the element ``locator`` is visible.</doc>
<status status="PASS" start="2025-09-26T04:01:21.168055" elapsed="0.238585"/>
</kw>
<kw name="Fill Customer Form" owner="Task_3">
<kw name="Clean Name" owner="Task_3">
<kw name="Create List" owner="BuiltIn">
<msg time="2025-09-26T04:01:21.407836" level="INFO">${titles_suffixes} = ['mr.', 'mrs.', 'ms.', 'dr.', 'jr.', 'sr.', 'iii', 'iv', 'v']</msg>
<var>${titles_suffixes}</var>
<arg>mr.</arg>
<arg>mrs.</arg>
<arg>ms.</arg>
<arg>dr.</arg>
<arg>jr.</arg>
<arg>sr.</arg>
<arg>iii</arg>
<arg>iv</arg>
<arg>v</arg>
<doc>Returns a list containing given items.</doc>
<status status="PASS" start="2025-09-26T04:01:21.407703" elapsed="0.000158"/>
</kw>
<kw name="Split String" owner="String">
<msg time="2025-09-26T04:01:21.408076" level="INFO">${name_parts} = ['Mrs.', 'Dennis', 'Schulist']</msg>
<var>${name_parts}</var>
<arg>${name}</arg>
<doc>Splits the ``string`` using ``separator`` as a delimiter string.</doc>
<status status="PASS" start="2025-09-26T04:01:21.407964" elapsed="0.000285"/>
</kw>
<kw name="Create List" owner="BuiltIn">
<msg time="2025-09-26T04:01:21.408431" level="INFO">@{clean_parts} = [ ]</msg>
<var>@{clean_parts}</var>
<doc>Returns a list containing given items.</doc>
<status status="PASS" start="2025-09-26T04:01:21.408337" elapsed="0.000112"/>
</kw>
<for flavor="IN">
<iter>
<kw name="Convert To Lower Case" owner="String">
<msg time="2025-09-26T04:01:21.408772" level="INFO">${lower} = mrs.</msg>
<var>${lower}</var>
<arg>${word}</arg>
<doc>Converts string to lower case.</doc>
<status status="PASS" start="2025-09-26T04:01:21.408673" elapsed="0.000117"/>
</kw>
<kw name="Run Keyword Unless" owner="BuiltIn">
<msg time="2025-09-26T04:01:21.408895" level="WARN">Keyword 'BuiltIn.Run Keyword Unless' is deprecated. </msg>
<arg>'${lower}' in @{titles_suffixes}</arg>
<arg>Append To List</arg>
<arg>${clean_parts}</arg>
<arg>${word}</arg>
<doc>*DEPRECATED since RF 5.0. Use Native IF/ELSE or `Run Keyword If` instead.*</doc>
<status status="PASS" start="2025-09-26T04:01:21.408872" elapsed="0.000237"/>
</kw>
<var name="${word}">Mrs.</var>
<status status="PASS" start="2025-09-26T04:01:21.408599" elapsed="0.000548"/>
</iter>
<iter>
<kw name="Convert To Lower Case" owner="String">
<msg time="2025-09-26T04:01:21.409377" level="INFO">${lower} = dennis</msg>
<var>${lower}</var>
<arg>${word}</arg>
<doc>Converts string to lower case.</doc>
<status status="PASS" start="2025-09-26T04:01:21.409282" elapsed="0.000112"/>
</kw>
<kw name="Run Keyword Unless" owner="BuiltIn">
<msg time="2025-09-26T04:01:21.409489" level="WARN">Keyword 'BuiltIn.Run Keyword Unless' is deprecated. </msg>
<kw name="Append To List" owner="Collections">
<arg>${clean_parts}</arg>
<arg>${word}</arg>
<doc>Adds ``values`` to the end of ``list``.</doc>
<status status="PASS" start="2025-09-26T04:01:21.409711" elapsed="0.000103"/>
</kw>
<arg>'${lower}' in @{titles_suffixes}</arg>
<arg>Append To List</arg>
<arg>${clean_parts}</arg>
<arg>${word}</arg>
<doc>*DEPRECATED since RF 5.0. Use Native IF/ELSE or `Run Keyword If` instead.*</doc>
<status status="PASS" start="2025-09-26T04:01:21.409469" elapsed="0.000386"/>
</kw>
<var name="${word}">Dennis</var>
<status status="PASS" start="2025-09-26T04:01:21.409219" elapsed="0.000668"/>
</iter>
<iter>
<kw name="Convert To Lower Case" owner="String">
<msg time="2025-09-26T04:01:21.410108" level="INFO">${lower} = schulist</msg>
<var>${lower}</var>
<arg>${word}</arg>
<doc>Converts string to lower case.</doc>
<status status="PASS" start="2025-09-26T04:01:21.410016" elapsed="0.000109"/>
</kw>
<kw name="Run Keyword Unless" owner="BuiltIn">
<msg time="2025-09-26T04:01:21.410220" level="WARN">Keyword 'BuiltIn.Run Keyword Unless' is deprecated. </msg>
<kw name="Append To List" owner="Collections">
<arg>${clean_parts}</arg>
<arg>${word}</arg>
<doc>Adds ``values`` to the end of ``list``.</doc>
<status status="PASS" start="2025-09-26T04:01:21.410427" elapsed="0.000095"/>
</kw>
<arg>'${lower}' in @{titles_suffixes}</arg>
<arg>Append To List</arg>
<arg>${clean_parts}</arg>
<arg>${word}</arg>
<doc>*DEPRECATED since RF 5.0. Use Native IF/ELSE or `Run Keyword If` instead.*</doc>
<status status="PASS" start="2025-09-26T04:01:21.410200" elapsed="0.000363"/>
</kw>
<var name="${word}">Schulist</var>
<status status="PASS" start="2025-09-26T04:01:21.409954" elapsed="0.000640"/>
</iter>
<var>${word}</var>
<value>@{name_parts}</value>
<status status="PASS" start="2025-09-26T04:01:21.408492" elapsed="0.002132"/>
</for>
<kw name="Evaluate" owner="BuiltIn">
<msg time="2025-09-26T04:01:21.410832" level="INFO">${clean_name} = Dennis Schulist</msg>
<var>${clean_name}</var>
<arg>" ".join(${clean_parts})</arg>
<doc>Evaluates the given expression in Python and returns the result.</doc>
<status status="PASS" start="2025-09-26T04:01:21.410703" elapsed="0.000145"/>
</kw>
<return>
<value>${clean_name}</value>
<status status="PASS" start="2025-09-26T04:01:21.410896" elapsed="0.000040"/>
</return>
<msg time="2025-09-26T04:01:21.411019" level="INFO">${clean_name} = Dennis Schulist</msg>
<var>${clean_name}</var>
<arg>${user["name"]}</arg>
<status status="PASS" start="2025-09-26T04:01:21.407158" elapsed="0.003876"/>
</kw>
<kw name="Evaluate" owner="BuiltIn">
<msg time="2025-09-26T04:01:21.411219" level="INFO">${last_name} = Schulist</msg>
<var>${last_name}</var>
<arg>"${clean_name}".split()[-1]</arg>
<doc>Evaluates the given expression in Python and returns the result.</doc>
<status status="PASS" start="2025-09-26T04:01:21.411103" elapsed="0.000131"/>
</kw>
<kw name="Evaluate" owner="BuiltIn">
<msg time="2025-09-26T04:01:21.411410" level="INFO">${first_name} = Dennis</msg>
<var>${first_name}</var>
<arg>" ".join("${clean_name}".split()[:-1])</arg>
<doc>Evaluates the given expression in Python and returns the result.</doc>
<status status="PASS" start="2025-09-26T04:01:21.411299" elapsed="0.000127"/>
</kw>
<kw name="Clear And Input Text" owner="App">
<kw name="Press Keys" owner="SeleniumLibrary">
<msg time="2025-09-26T04:01:21.411999" level="INFO">Sending key(s) ('COMMAND+a', 'BACKSPACE') to //input[@name="first_name"] element.</msg>
<msg time="2025-09-26T04:01:21.689784" level="INFO">Pressing special key COMMAND down.</msg>
<msg time="2025-09-26T04:01:21.689895" level="INFO">Sending key a</msg>
<msg time="2025-09-26T04:01:21.689933" level="INFO">Releasing special key COMMAND.</msg>
<msg time="2025-09-26T04:01:21.694962" level="INFO">Pressing special key BACKSPACE to element.</msg>
<msg time="2025-09-26T04:01:21.695063" level="INFO">Releasing special key BACKSPACE.</msg>
<arg>${locator}</arg>
<arg>COMMAND+a</arg>
<arg>BACKSPACE</arg>
<doc>Simulates the user pressing key(s) to an element or on the active browser.</doc>
<status status="PASS" start="2025-09-26T04:01:21.411697" elapsed="0.292774"/>
</kw>
<kw name="Input Text" owner="SeleniumLibrary">
<msg time="2025-09-26T04:01:21.704904" level="INFO">Typing text 'Dennis' into text field '//input[@name="first_name"]'.</msg>
<arg>${locator}</arg>
<arg>${text}</arg>
<doc>Types the given ``text`` into the text field identified by ``locator``.</doc>
<status status="PASS" start="2025-09-26T04:01:21.704661" elapsed="0.031117"/>
</kw>
<arg>${customers_txt_firstname}</arg>
<arg>${first_name}</arg>
<status status="PASS" start="2025-09-26T04:01:21.411514" elapsed="0.324343"/>
</kw>
<kw name="Clear And Input Text" owner="App">
<kw name="Press Keys" owner="SeleniumLibrary">
<msg time="2025-09-26T04:01:21.736488" level="INFO">Sending key(s) ('COMMAND+a', 'BACKSPACE') to //input[@name="last_name"] element.</msg>
<msg time="2025-09-26T04:01:22.023597" level="INFO">Pressing special key COMMAND down.</msg>
<msg time="2025-09-26T04:01:22.023748" level="INFO">Sending key a</msg>
<msg time="2025-09-26T04:01:22.023799" level="INFO">Releasing special key COMMAND.</msg>
<msg time="2025-09-26T04:01:22.032145" level="INFO">Pressing special key BACKSPACE to element.</msg>
<msg time="2025-09-26T04:01:22.032248" level="INFO">Releasing special key BACKSPACE.</msg>
<arg>${locator}</arg>
<arg>COMMAND+a</arg>
<arg>BACKSPACE</arg>
<doc>Simulates the user pressing key(s) to an element or on the active browser.</doc>
<status status="PASS" start="2025-09-26T04:01:21.736202" elapsed="0.308393"/>
</kw>
<kw name="Input Text" owner="SeleniumLibrary">
<msg time="2025-09-26T04:01:22.045094" level="INFO">Typing text 'Schulist' into text field '//input[@name="last_name"]'.</msg>
<arg>${locator}</arg>
<arg>${text}</arg>
<doc>Types the given ``text`` into the text field identified by ``locator``.</doc>
<status status="PASS" start="2025-09-26T04:01:22.044826" elapsed="0.032078"/>
</kw>
<arg>${customers_txt_lastname}</arg>
<arg>${last_name}</arg>
<status status="PASS" start="2025-09-26T04:01:21.735980" elapsed="0.340997"/>
</kw>
<kw name="Evaluate" owner="BuiltIn">
<msg time="2025-09-26T04:01:22.077500" level="INFO">${email} = karley_dach@jasper.info</msg>
<var>${email}</var>
<arg>"${user['email'].lower()}"</arg>
<doc>Evaluates the given expression in Python and returns the result.</doc>
<status status="PASS" start="2025-09-26T04:01:22.077071" elapsed="0.000447"/>
</kw>
<kw name="Clear And Input Text" owner="App">
<kw name="Press Keys" owner="SeleniumLibrary">
<msg time="2025-09-26T04:01:22.078079" level="INFO">Sending key(s) ('COMMAND+a', 'BACKSPACE') to //input[@name="email"] element.</msg>
<msg time="2025-09-26T04:01:22.354133" level="INFO">Pressing special key COMMAND down.</msg>
<msg time="2025-09-26T04:01:22.356068" level="INFO">Sending key a</msg>
<msg time="2025-09-26T04:01:22.356306" level="INFO">Releasing special key COMMAND.</msg>
<msg time="2025-09-26T04:01:22.363879" level="INFO">Pressing special key BACKSPACE to element.</msg>
<msg time="2025-09-26T04:01:22.363963" level="INFO">Releasing special key BACKSPACE.</msg>
<arg>${locator}</arg>
<arg>COMMAND+a</arg>
<arg>BACKSPACE</arg>
<doc>Simulates the user pressing key(s) to an element or on the active browser.</doc>
<status status="PASS" start="2025-09-26T04:01:22.077843" elapsed="0.298249"/>
</kw>
<kw name="Input Text" owner="SeleniumLibrary">
<msg time="2025-09-26T04:01:22.376584" level="INFO">Typing text 'karley_dach@jasper.info' into text field '//input[@name="email"]'.</msg>
<arg>${locator}</arg>
<arg>${text}</arg>
<doc>Types the given ``text`` into the text field identified by ``locator``.</doc>
<status status="PASS" start="2025-09-26T04:01:22.376293" elapsed="0.044194"/>
</kw>
<arg>${customers_txt_email}</arg>
<arg>${email}</arg>
<status status="PASS" start="2025-09-26T04:01:22.077673" elapsed="0.342892"/>
</kw>
<kw name="Set Date Field" owner="App">
<kw name="Press Keys" owner="SeleniumLibrary">
<msg time="2025-09-26T04:01:22.426558" level="INFO">Sending key(s) ('TAB', 'DELETE') to //input[@name="birthday"] element.</msg>
<msg time="2025-09-26T04:01:22.720831" level="INFO">Pressing special key TAB to element.</msg>
<msg time="2025-09-26T04:01:22.721204" level="INFO">Releasing special key TAB.</msg>
<msg time="2025-09-26T04:01:22.726568" level="INFO">Pressing special key DELETE to element.</msg>
<msg time="2025-09-26T04:01:22.726637" level="INFO">Releasing special key DELETE.</msg>
<arg>${locator}</arg>
<arg>TAB</arg>
<arg>DELETE</arg>
<doc>Simulates the user pressing key(s) to an element or on the active browser.</doc>
<status status="PASS" start="2025-09-26T04:01:22.423108" elapsed="0.307188"/>
</kw>
<kw name="Press Keys" owner="SeleniumLibrary">
<msg time="2025-09-26T04:01:22.730981" level="INFO">Sending key(s) ('TAB', 'DELETE') to //input[@name="birthday"] element.</msg>
<msg time="2025-09-26T04:01:23.016774" level="INFO">Pressing special key TAB to element.</msg>
<msg time="2025-09-26T04:01:23.016976" level="INFO">Releasing special key TAB.</msg>
<msg time="2025-09-26T04:01:23.024130" level="INFO">Pressing special key DELETE to element.</msg>
<msg time="2025-09-26T04:01:23.024236" level="INFO">Releasing special key DELETE.</msg>
<arg>${locator}</arg>
<arg>TAB</arg>
<arg>DELETE</arg>
<doc>Simulates the user pressing key(s) to an element or on the active browser.</doc>
<status status="PASS" start="2025-09-26T04:01:22.730495" elapsed="0.298661"/>
</kw>
<kw name="Press Keys" owner="SeleniumLibrary">
<msg time="2025-09-26T04:01:23.030075" level="INFO">Sending key(s) ('TAB', 'DELETE') to //input[@name="birthday"] element.</msg>
<msg time="2025-09-26T04:01:23.301657" level="INFO">Pressing special key TAB to element.</msg>
<msg time="2025-09-26T04:01:23.301866" level="INFO">Releasing special key TAB.</msg>
<msg time="2025-09-26T04:01:23.307761" level="INFO">Pressing special key DELETE to element.</msg>
<msg time="2025-09-26T04:01:23.307848" level="INFO">Releasing special key DELETE.</msg>
<arg>${locator}</arg>
<arg>TAB</arg>
<arg>DELETE</arg>
<doc>Simulates the user pressing key(s) to an element or on the active browser.</doc>
<status status="PASS" start="2025-09-26T04:01:23.029434" elapsed="0.282717"/>
</kw>
<kw name="Input Text" owner="SeleniumLibrary">
<msg time="2025-09-26T04:01:23.312703" level="INFO">Typing text '11/22/2005' into text field '//input[@name="birthday"]'.</msg>
<arg>${locator}</arg>
<arg>${date}</arg>
<doc>Types the given ``text`` into the text field identified by ``locator``.</doc>
<status status="PASS" start="2025-09-26T04:01:23.312393" elapsed="0.047617"/>
</kw>
<kw name="Press Keys" owner="SeleniumLibrary">
<msg time="2025-09-26T04:01:23.360421" level="INFO">Sending key(s) ('TAB',) to //input[@name="birthday"] element.</msg>
<msg time="2025-09-26T04:01:23.629801" level="INFO">Pressing special key TAB to element.</msg>
<msg time="2025-09-26T04:01:23.629998" level="INFO">Releasing special key TAB.</msg>
<arg>${locator}</arg>
<arg>TAB</arg>
<doc>Simulates the user pressing key(s) to an element or on the active browser.</doc>
<status status="PASS" start="2025-09-26T04:01:23.360137" elapsed="0.277359"/>
</kw>
<arg>${customers_txt_birthday}</arg>
<arg>${user["birthday"]}</arg>
<status status="PASS" start="2025-09-26T04:01:22.420690" elapsed="1.217096"/>
</kw>
<kw name="Clear And Input Text" owner="App">
<kw name="Press Keys" owner="SeleniumLibrary">
<msg time="2025-09-26T04:01:23.641060" level="INFO">Sending key(s) ('COMMAND+a', 'BACKSPACE') to //textArea[@name="address"] element.</msg>
<msg time="2025-09-26T04:01:23.923420" level="INFO">Pressing special key COMMAND down.</msg>
<msg time="2025-09-26T04:01:23.923554" level="INFO">Sending key a</msg>
<msg time="2025-09-26T04:01:23.923624" level="INFO">Releasing special key COMMAND.</msg>
<msg time="2025-09-26T04:01:23.929402" level="INFO">Pressing special key BACKSPACE to element.</msg>
<msg time="2025-09-26T04:01:23.929477" level="INFO">Releasing special key BACKSPACE.</msg>
<arg>${locator}</arg>
<arg>COMMAND+a</arg>
<arg>BACKSPACE</arg>
<doc>Simulates the user pressing key(s) to an element or on the active browser.</doc>
<status status="PASS" start="2025-09-26T04:01:23.640441" elapsed="0.292916"/>
</kw>
<kw name="Input Text" owner="SeleniumLibrary">
<msg time="2025-09-26T04:01:23.933916" level="INFO">Typing text 'Norberto Crossing Apt. 950' into text field '//textArea[@name="address"]'.</msg>
[...]
<status status="PASS" start="2025-09-26T04:01:50.364923" elapsed="0.005607"/>
</kw>
<kw name="Evaluate" owner="BuiltIn">
<msg time="2025-09-26T04:01:50.370696" level="INFO">${amount} = 0.0</msg>
<var>${amount}</var>
<arg>float("${total_spent}".replace('$','').replace(',','').strip())</arg>
<doc>Evaluates the given expression in Python and returns the result.</doc>
<status status="PASS" start="2025-09-26T04:01:50.370586" elapsed="0.000122"/>
</kw>
<kw name="Evaluate" owner="BuiltIn">
<msg time="2025-09-26T04:01:50.370834" level="INFO">${total} = 2062.5699999999997</msg>
<var>${total}</var>
<arg>${total} + ${amount}</arg>
<doc>Evaluates the given expression in Python and returns the result.</doc>
<status status="PASS" start="2025-09-26T04:01:50.370754" elapsed="0.000091"/>
</kw>
<var name="${i}">16</var>
<status status="PASS" start="2025-09-26T04:01:50.364883" elapsed="0.005980"/>
</iter>
<iter>
<kw name="Get Text" owner="SeleniumLibrary">
<msg time="2025-09-26T04:01:50.376808" level="INFO">${total_spent} = $0.00</msg>
<var>${total_spent}</var>
<arg>(${table_row})[${i}]/td[5]</arg>
<doc>Returns the text value of the element identified by ``locator``.</doc>
<status status="PASS" start="2025-09-26T04:01:50.370960" elapsed="0.005864"/>
</kw>
<kw name="Evaluate" owner="BuiltIn">
<msg time="2025-09-26T04:01:50.376993" level="INFO">${amount} = 0.0</msg>
<var>${amount}</var>
<arg>float("${total_spent}".replace('$','').replace(',','').strip())</arg>
<doc>Evaluates the given expression in Python and returns the result.</doc>
<status status="PASS" start="2025-09-26T04:01:50.376882" elapsed="0.000123"/>
</kw>
<kw name="Evaluate" owner="BuiltIn">
<msg time="2025-09-26T04:01:50.377136" level="INFO">${total} = 2062.5699999999997</msg>
<var>${total}</var>
<arg>${total} + ${amount}</arg>
<doc>Evaluates the given expression in Python and returns the result.</doc>
<status status="PASS" start="2025-09-26T04:01:50.377055" elapsed="0.000092"/>
</kw>
<var name="${i}">17</var>
<status status="PASS" start="2025-09-26T04:01:50.370913" elapsed="0.006252"/>
</iter>
<iter>
<kw name="Get Text" owner="SeleniumLibrary">
<msg time="2025-09-26T04:01:50.383025" level="INFO">${total_spent} = $0.00</msg>
<var>${total_spent}</var>
<arg>(${table_row})[${i}]/td[5]</arg>
<doc>Returns the text value of the element identified by ``locator``.</doc>
<status status="PASS" start="2025-09-26T04:01:50.377249" elapsed="0.005791"/>
</kw>
<kw name="Evaluate" owner="BuiltIn">
<msg time="2025-09-26T04:01:50.383206" level="INFO">${amount} = 0.0</msg>
<var>${amount}</var>
<arg>float("${total_spent}".replace('$','').replace(',','').strip())</arg>
<doc>Evaluates the given expression in Python and returns the result.</doc>
<status status="PASS" start="2025-09-26T04:01:50.383098" elapsed="0.000120"/>
</kw>
<kw name="Evaluate" owner="BuiltIn">
<msg time="2025-09-26T04:01:50.383346" level="INFO">${total} = 2062.5699999999997</msg>
<var>${total}</var>
<arg>${total} + ${amount}</arg>
<doc>Evaluates the given expression in Python and returns the result.</doc>
<status status="PASS" start="2025-09-26T04:01:50.383266" elapsed="0.000090"/>
</kw>
<var name="${i}">18</var>
<status status="PASS" start="2025-09-26T04:01:50.377209" elapsed="0.006165"/>
</iter>
<iter>
<kw name="Get Text" owner="SeleniumLibrary">
<msg time="2025-09-26T04:01:50.389184" level="INFO">${total_spent} = $0.00</msg>
<var>${total_spent}</var>
<arg>(${table_row})[${i}]/td[5]</arg>
<doc>Returns the text value of the element identified by ``locator``.</doc>
<status status="PASS" start="2025-09-26T04:01:50.383457" elapsed="0.005743"/>
</kw>
<kw name="Evaluate" owner="BuiltIn">
<msg time="2025-09-26T04:01:50.389368" level="INFO">${amount} = 0.0</msg>
<var>${amount}</var>
<arg>float("${total_spent}".replace('$','').replace(',','').strip())</arg>
<doc>Evaluates the given expression in Python and returns the result.</doc>
<status status="PASS" start="2025-09-26T04:01:50.389258" elapsed="0.000121"/>
</kw>
<kw name="Evaluate" owner="BuiltIn">
<msg time="2025-09-26T04:01:50.389505" level="INFO">${total} = 2062.5699999999997</msg>
<var>${total}</var>
<arg>${total} + ${amount}</arg>
<doc>Evaluates the given expression in Python and returns the result.</doc>
<status status="PASS" start="2025-09-26T04:01:50.389426" elapsed="0.000090"/>
</kw>
<var name="${i}">19</var>
<status status="PASS" start="2025-09-26T04:01:50.383418" elapsed="0.006115"/>
</iter>
<iter>
<kw name="Get Text" owner="SeleniumLibrary">
<msg time="2025-09-26T04:01:50.395334" level="INFO">${total_spent} = $0.00</msg>
<var>${total_spent}</var>
<arg>(${table_row})[${i}]/td[5]</arg>
<doc>Returns the text value of the element identified by ``locator``.</doc>
<status status="PASS" start="2025-09-26T04:01:50.389616" elapsed="0.005734"/>
</kw>
<kw name="Evaluate" owner="BuiltIn">
<msg time="2025-09-26T04:01:50.395519" level="INFO">${amount} = 0.0</msg>
<var>${amount}</var>
<arg>float("${total_spent}".replace('$','').replace(',','').strip())</arg>
<doc>Evaluates the given expression in Python and returns the result.</doc>
<status status="PASS" start="2025-09-26T04:01:50.395408" elapsed="0.000122"/>
</kw>
<kw name="Evaluate" owner="BuiltIn">
<msg time="2025-09-26T04:01:50.395688" level="INFO">${total} = 2062.5699999999997</msg>
<var>${total}</var>
<arg>${total} + ${amount}</arg>
<doc>Evaluates the given expression in Python and returns the result.</doc>
<status status="PASS" start="2025-09-26T04:01:50.395582" elapsed="0.000117"/>
</kw>
<var name="${i}">20</var>
<status status="PASS" start="2025-09-26T04:01:50.389577" elapsed="0.006140"/>
</iter>
<iter>
<kw name="Get Text" owner="SeleniumLibrary">
<msg time="2025-09-26T04:01:50.401637" level="INFO">${total_spent} = $719.72</msg>
<var>${total_spent}</var>
<arg>(${table_row})[${i}]/td[5]</arg>
<doc>Returns the text value of the element identified by ``locator``.</doc>
<status status="PASS" start="2025-09-26T04:01:50.395801" elapsed="0.005852"/>
</kw>
<kw name="Evaluate" owner="BuiltIn">
<msg time="2025-09-26T04:01:50.401824" level="INFO">${amount} = 719.72</msg>
<var>${amount}</var>
<arg>float("${total_spent}".replace('$','').replace(',','').strip())</arg>
<doc>Evaluates the given expression in Python and returns the result.</doc>
<status status="PASS" start="2025-09-26T04:01:50.401711" elapsed="0.000124"/>
</kw>
<kw name="Evaluate" owner="BuiltIn">
<msg time="2025-09-26T04:01:50.401963" level="INFO">${total} = 2782.29</msg>
<var>${total}</var>
<arg>${total} + ${amount}</arg>
<doc>Evaluates the given expression in Python and returns the result.</doc>
<status status="PASS" start="2025-09-26T04:01:50.401883" elapsed="0.000090"/>
</kw>
<var name="${i}">21</var>
<status status="PASS" start="2025-09-26T04:01:50.395762" elapsed="0.006229"/>
</iter>
<iter>
<kw name="Get Text" owner="SeleniumLibrary">
<msg time="2025-09-26T04:01:50.409475" level="INFO">${total_spent} = $0.00</msg>
<var>${total_spent}</var>
<arg>(${table_row})[${i}]/td[5]</arg>
<doc>Returns the text value of the element identified by ``locator``.</doc>
<status status="PASS" start="2025-09-26T04:01:50.402081" elapsed="0.007415"/>
</kw>
<kw name="Evaluate" owner="BuiltIn">
<msg time="2025-09-26T04:01:50.409709" level="INFO">${amount} = 0.0</msg>
<var>${amount}</var>
<arg>float("${total_spent}".replace('$','').replace(',','').strip())</arg>
<doc>Evaluates the given expression in Python and returns the result.</doc>
<status status="PASS" start="2025-09-26T04:01:50.409575" elapsed="0.000146"/>
</kw>
<kw name="Evaluate" owner="BuiltIn">
<msg time="2025-09-26T04:01:50.409853" level="INFO">${total} = 2782.29</msg>
<var>${total}</var>
<arg>${total} + ${amount}</arg>
<doc>Evaluates the given expression in Python and returns the result.</doc>
<status status="PASS" start="2025-09-26T04:01:50.409770" elapsed="0.000094"/>
</kw>
<var name="${i}">22</var>
<status status="PASS" start="2025-09-26T04:01:50.402035" elapsed="0.007848"/>
</iter>
<iter>
<kw name="Get Text" owner="SeleniumLibrary">
<msg time="2025-09-26T04:01:50.416047" level="INFO">${total_spent} = $0.00</msg>
<var>${total_spent}</var>
<arg>(${table_row})[${i}]/td[5]</arg>
<doc>Returns the text value of the element identified by ``locator``.</doc>
<status status="PASS" start="2025-09-26T04:01:50.409977" elapsed="0.006087"/>
</kw>
<kw name="Evaluate" owner="BuiltIn">
<msg time="2025-09-26T04:01:50.416244" level="INFO">${amount} = 0.0</msg>
<var>${amount}</var>
<arg>float("${total_spent}".replace('$','').replace(',','').strip())</arg>
<doc>Evaluates the given expression in Python and returns the result.</doc>
<status status="PASS" start="2025-09-26T04:01:50.416128" elapsed="0.000128"/>
</kw>
<kw name="Evaluate" owner="BuiltIn">
<msg time="2025-09-26T04:01:50.416382" level="INFO">${total} = 2782.29</msg>
<var>${total}</var>
<arg>${total} + ${amount}</arg>
<doc>Evaluates the given expression in Python and returns the result.</doc>
<status status="PASS" start="2025-09-26T04:01:50.416304" elapsed="0.000088"/>
</kw>
<var name="${i}">23</var>
<status status="PASS" start="2025-09-26T04:01:50.409934" elapsed="0.006477"/>
</iter>
<iter>
<kw name="Get Text" owner="SeleniumLibrary">
<msg time="2025-09-26T04:01:50.422331" level="INFO">${total_spent} = $125.42</msg>
<var>${total_spent}</var>
<arg>(${table_row})[${i}]/td[5]</arg>
<doc>Returns the text value of the element identified by ``locator``.</doc>
<status status="PASS" start="2025-09-26T04:01:50.416496" elapsed="0.005858"/>
</kw>
<kw name="Evaluate" owner="BuiltIn">
<msg time="2025-09-26T04:01:50.422528" level="INFO">${amount} = 125.42</msg>
<var>${amount}</var>
<arg>float("${total_spent}".replace('$','').replace(',','').strip())</arg>
<doc>Evaluates the given expression in Python and returns the result.</doc>
<status status="PASS" start="2025-09-26T04:01:50.422415" elapsed="0.000125"/>
</kw>
<kw name="Evaluate" owner="BuiltIn">
<msg time="2025-09-26T04:01:50.422664" level="INFO">${total} = 2907.71</msg>
<var>${total}</var>
<arg>${total} + ${amount}</arg>
<doc>Evaluates the given expression in Python and returns the result.</doc>
<status status="PASS" start="2025-09-26T04:01:50.422588" elapsed="0.000087"/>
</kw>
<var name="${i}">24</var>
<status status="PASS" start="2025-09-26T04:01:50.416456" elapsed="0.006237"/>
</iter>
<iter>
<kw name="Get Text" owner="SeleniumLibrary">
<msg time="2025-09-26T04:01:50.428547" level="INFO">${total_spent} = $693.97</msg>
<var>${total_spent}</var>
<arg>(${table_row})[${i}]/td[5]</arg>
<doc>Returns the text value of the element identified by ``locator``.</doc>
<status status="PASS" start="2025-09-26T04:01:50.422776" elapsed="0.005786"/>
</kw>
<kw name="Evaluate" owner="BuiltIn">
<msg time="2025-09-26T04:01:50.428730" level="INFO">${amount} = 693.97</msg>
<var>${amount}</var>
<arg>float("${total_spent}".replace('$','').replace(',','').strip())</arg>
<doc>Evaluates the given expression in Python and returns the result.</doc>
<status status="PASS" start="2025-09-26T04:01:50.428621" elapsed="0.000121"/>
</kw>
<kw name="Evaluate" owner="BuiltIn">
<msg time="2025-09-26T04:01:50.428867" level="INFO">${total} = 3601.6800000000003</msg>
<var>${total}</var>
<arg>${total} + ${amount}</arg>
<doc>Evaluates the given expression in Python and returns the result.</doc>
<status status="PASS" start="2025-09-26T04:01:50.428789" elapsed="0.000088"/>
</kw>
<var name="${i}">25</var>
<status status="PASS" start="2025-09-26T04:01:50.422737" elapsed="0.006157"/>
</iter>
<var>${i}</var>
<value>1</value>
<value>${row_count + 1}</value>
<status status="PASS" start="2025-09-26T04:01:50.268810" elapsed="0.160104"/>
</for>
<kw name="Evaluate" owner="BuiltIn">
<msg time="2025-09-26T04:01:50.429049" level="INFO">${formatted_total} = $3601.68</msg>
<var>${formatted_total}</var>
<arg>"$%.2f" % ${total}</arg>
<doc>Evaluates the given expression in Python and returns the result.</doc>
<status status="PASS" start="2025-09-26T04:01:50.428969" elapsed="0.000091"/>
</kw>
<kw name="Log To Console" owner="BuiltIn">
<arg>\n</arg>
<doc>Logs the given message to the console.</doc>
<status status="PASS" start="2025-09-26T04:01:50.429104" elapsed="0.000059"/>
</kw>
<kw name="Log To Console" owner="BuiltIn">
<arg>===================================</arg>
<doc>Logs the given message to the console.</doc>
<status status="PASS" start="2025-09-26T04:01:50.429218" elapsed="0.000051"/>
</kw>
<kw name="Log To Console" owner="BuiltIn">
<arg>Total Customer Spending: ${formatted_total}</arg>
<doc>Logs the given message to the console.</doc>
<status status="PASS" start="2025-09-26T04:01:50.429317" elapsed="0.000056"/>
</kw>
<kw name="Log To Console" owner="BuiltIn">
<arg>===================================</arg>
<doc>Logs the given message to the console.</doc>
<status status="PASS" start="2025-09-26T04:01:50.429430" elapsed="0.000042"/>
</kw>
<return>
<value>${total}</value>
<value>${formatted_total}</value>
<status status="PASS" start="2025-09-26T04:01:50.429503" elapsed="0.000028"/>
</return>
<msg time="2025-09-26T04:01:50.429606" level="INFO">${total} = 3601.6800000000003</msg>
<msg time="2025-09-26T04:01:50.429622" level="INFO">${formatted_total} = $3601.68</msg>
<var>${total}</var>
<var>${formatted_total}</var>
<status status="PASS" start="2025-09-26T04:01:50.265522" elapsed="0.164109"/>
</kw>
<kw name="Validate Total Spending" owner="Task_5">
<kw name="Set Variable" owner="BuiltIn">
<msg time="2025-09-26T04:01:50.429925" level="INFO">${threshold} = 3500.0</msg>
<var>${threshold}</var>
<arg>3500.0</arg>
<doc>Returns the given values which can then be assigned to a variables.</doc>
<status status="PASS" start="2025-09-26T04:01:50.429882" elapsed="0.000054"/>
</kw>
<if>
<branch type="IF" condition="${total} &gt;= ${threshold}">
<kw name="Log To Console" owner="BuiltIn">
<arg>PASS: Total spending (${formatted_total}) meets minimum threshold ($${threshold})</arg>
<doc>Logs the given message to the console.</doc>
<status status="PASS" start="2025-09-26T04:01:50.430051" elapsed="0.000063"/>
</kw>
<kw name="Log To Console" owner="BuiltIn">
<arg>==================================================================\n</arg>
<doc>Logs the given message to the console.</doc>
<status status="PASS" start="2025-09-26T04:01:50.430166" elapsed="0.000048"/>
</kw>
<status status="PASS" start="2025-09-26T04:01:50.429969" elapsed="0.000268"/>
</branch>
<branch type="ELSE">
<kw name="Log To Console" owner="BuiltIn">
<arg>FAIL: Total spending (${formatted_total}) is below minimum threshold ($${threshold})</arg>
<doc>Logs the given message to the console.</doc>
<status status="NOT RUN" start="2025-09-26T04:01:50.430299" elapsed="0.000009"/>
</kw>
<kw name="Log To Console" owner="BuiltIn">
<arg>==================================================================\n</arg>
<doc>Logs the given message to the console.</doc>
<status status="NOT RUN" start="2025-09-26T04:01:50.430344" elapsed="0.000009"/>
</kw>
<kw name="Fail" owner="BuiltIn">
<arg>Total spending (${formatted_total}) is below minimum threshold ($${threshold})</arg>
<doc>Fails the test with the given message and optionally alters its tags.</doc>
<status status="NOT RUN" start="2025-09-26T04:01:50.430388" elapsed="0.000008"/>
</kw>
<status status="NOT RUN" start="2025-09-26T04:01:50.430258" elapsed="0.000152"/>
</branch>
<status status="PASS" start="2025-09-26T04:01:50.429960" elapsed="0.000462"/>
</if>
<arg>${total}</arg>
<arg>${formatted_total}</arg>
<status status="PASS" start="2025-09-26T04:01:50.429759" elapsed="0.000682"/>
</kw>
<doc>Navigate to the customers page, calculate the total spending of all customers, and validate that the computed value matches the displayed formatted total.</doc>
<status status="PASS" start="2025-09-26T04:01:50.265249" elapsed="0.165257"/>
</test>
<kw name="Close Browser" owner="SeleniumLibrary" type="TEARDOWN">
<doc>Closes the current browser.</doc>
<status status="PASS" start="2025-09-26T04:01:50.430760" elapsed="0.088071"/>
</kw>
<status status="PASS" start="2025-09-26T04:01:00.353213" elapsed="50.165674"/>
</suite>
<statistics>
<total>
<stat pass="4" fail="0" skip="0">All Tests</stat>
</total>
<tag>
</tag>
<suite>
<stat name="Test" id="s1" pass="4" fail="0" skip="0">Test</stat>
</suite>
</statistics>
<errors>
<msg time="2025-09-26T04:01:21.408895" level="WARN">Keyword 'BuiltIn.Run Keyword Unless' is deprecated. </msg>
<msg time="2025-09-26T04:01:21.409489" level="WARN">Keyword 'BuiltIn.Run Keyword Unless' is deprecated. </msg>
<msg time="2025-09-26T04:01:21.410220" level="WARN">Keyword 'BuiltIn.Run Keyword Unless' is deprecated. </msg>
<msg time="2025-09-26T04:01:26.855249" level="WARN">Keyword 'BuiltIn.Run Keyword Unless' is deprecated. </msg>
<msg time="2025-09-26T04:01:26.856076" level="WARN">Keyword 'BuiltIn.Run Keyword Unless' is deprecated. </msg>
<msg time="2025-09-26T04:01:26.858388" level="WARN">Keyword 'BuiltIn.Run Keyword Unless' is deprecated. </msg>
<msg time="2025-09-26T04:01:26.858868" level="WARN">Keyword 'BuiltIn.Run Keyword Unless' is deprecated. </msg>
<msg time="2025-09-26T04:01:26.859489" level="WARN">Keyword 'BuiltIn.Run Keyword Unless' is deprecated. </msg>
<msg time="2025-09-26T04:01:26.923460" level="WARN">Keyword 'BuiltIn.Run Keyword Unless' is deprecated. </msg>
<msg time="2025-09-26T04:01:26.923938" level="WARN">Keyword 'BuiltIn.Run Keyword Unless' is deprecated. </msg>
<msg time="2025-09-26T04:01:32.337504" level="WARN">Keyword 'BuiltIn.Run Keyword Unless' is deprecated. </msg>
<msg time="2025-09-26T04:01:32.338369" level="WARN">Keyword 'BuiltIn.Run Keyword Unless' is deprecated. </msg>
<msg time="2025-09-26T04:01:32.340918" level="WARN">Keyword 'BuiltIn.Run Keyword Unless' is deprecated. </msg>
<msg time="2025-09-26T04:01:32.341633" level="WARN">Keyword 'BuiltIn.Run Keyword Unless' is deprecated. </msg>
<msg time="2025-09-26T04:01:32.407985" level="WARN">Keyword 'BuiltIn.Run Keyword Unless' is deprecated. </msg>
<msg time="2025-09-26T04:01:32.408473" level="WARN">Keyword 'BuiltIn.Run Keyword Unless' is deprecated. </msg>
<msg time="2025-09-26T04:01:32.408941" level="WARN">Keyword 'BuiltIn.Run Keyword Unless' is deprecated. </msg>
<msg time="2025-09-26T04:01:37.831827" level="WARN">Keyword 'BuiltIn.Run Keyword Unless' is deprecated. </msg>
<msg time="2025-09-26T04:01:37.832801" level="WARN">Keyword 'BuiltIn.Run Keyword Unless' is deprecated. </msg>
<msg time="2025-09-26T04:01:37.835745" level="WARN">Keyword 'BuiltIn.Run Keyword Unless' is deprecated. </msg>
<msg time="2025-09-26T04:01:37.836583" level="WARN">Keyword 'BuiltIn.Run Keyword Unless' is deprecated. </msg>
<msg time="2025-09-26T04:01:37.837392" level="WARN">Keyword 'BuiltIn.Run Keyword Unless' is deprecated. </msg>
<msg time="2025-09-26T04:01:37.908800" level="WARN">Keyword 'BuiltIn.Run Keyword Unless' is deprecated. </msg>
<msg time="2025-09-26T04:01:37.909291" level="WARN">Keyword 'BuiltIn.Run Keyword Unless' is deprecated. </msg>
<msg time="2025-09-26T04:01:43.296547" level="WARN">Keyword 'BuiltIn.Run Keyword Unless' is deprecated. </msg>
<msg time="2025-09-26T04:01:43.297469" level="WARN">Keyword 'BuiltIn.Run Keyword Unless' is deprecated. </msg>
<msg time="2025-09-26T04:01:43.300110" level="WARN">Keyword 'BuiltIn.Run Keyword Unless' is deprecated. </msg>
<msg time="2025-09-26T04:01:43.300809" level="WARN">Keyword 'BuiltIn.Run Keyword Unless' is deprecated. </msg>
<msg time="2025-09-26T04:01:43.367483" level="WARN">Keyword 'BuiltIn.Run Keyword Unless' is deprecated. </msg>
<msg time="2025-09-26T04:01:43.368001" level="WARN">Keyword 'BuiltIn.Run Keyword Unless' is deprecated. </msg>
<msg time="2025-09-26T04:01:48.785713" level="WARN">Keyword 'BuiltIn.Run Keyword Unless' is deprecated. </msg>
<msg time="2025-09-26T04:01:48.786524" level="WARN">Keyword 'BuiltIn.Run Keyword Unless' is deprecated. </msg>
<msg time="2025-09-26T04:01:48.789747" level="WARN">Keyword 'BuiltIn.Run Keyword Unless' is deprecated. </msg>
<msg time="2025-09-26T04:01:48.790561" level="WARN">Keyword 'BuiltIn.Run Keyword Unless' is deprecated. </msg>
</errors>
</robot>
